TN:
SF:/home/kadir/mqtt-fuzzing/src/mosquitto/common/json_help.c
FNL:0,124,130
FNA:0,0,cJSON_AddIntToObject
FNL:1,133,139
FNA:1,0,cJSON_AddUIntToObject
FNL:2,30,50
FNA:2,0,json_get_bool
FNL:3,53,73
FNA:3,0,json_get_int
FNL:4,76,96
FNA:4,0,json_get_int64
FNL:5,99,121
FNA:5,0,json_get_string
FNF:6
FNH:0
DA:30,0
DA:34,0
DA:35,0
DA:38,0
DA:39,0
DA:40,0
DA:41,0
DA:43,0
DA:45,0
DA:46,0
DA:49,0
DA:53,0
DA:57,0
DA:58,0
DA:61,0
DA:62,0
DA:63,0
DA:64,0
DA:66,0
DA:68,0
DA:69,0
DA:72,0
DA:76,0
DA:80,0
DA:81,0
DA:84,0
DA:85,0
DA:86,0
DA:87,0
DA:89,0
DA:91,0
DA:92,0
DA:95,0
DA:99,0
DA:103,0
DA:105,0
DA:106,0
DA:107,0
DA:108,0
DA:110,0
DA:111,0
DA:113,0
DA:116,0
DA:117,0
DA:120,0
DA:124,0
DA:128,0
DA:129,0
DA:133,0
DA:137,0
DA:138,0
LF:51
LH:0
end_of_record
TN:
SF:/home/kadir/mqtt-fuzzing/src/mosquitto/lib/alias_mosq.c
FNL:0,122,143
FNA:0,0,alias__find_by_topic
FNL:1,146,155
FNA:1,78,alias__free_r2l
FNL:2,158,167
FNA:2,78,alias__free_l2r
FNL:3,170,174
FNA:3,78,alias__free_all
FNL:4,30,55
FNA:4,0,alias__add_l2r
FNL:5,58,91
FNA:5,0,alias__add_r2l
FNL:6,94,119
FNA:6,0,alias__find_by_alias
FNF:7
FNH:3
DA:30,0
DA:34,0
DA:35,0
DA:36,0
DA:37,0
DA:40,0
DA:41,0
DA:42,0
DA:44,0
DA:45,0
DA:46,0
DA:47,0
DA:48,0
DA:50,0
DA:53,0
DA:54,0
DA:58,0
DA:63,0
DA:64,0
DA:65,0
DA:66,0
DA:67,0
DA:68,0
DA:70,0
DA:76,0
DA:77,0
DA:78,0
DA:81,0
DA:82,0
DA:84,0
DA:85,0
DA:86,0
DA:87,0
DA:90,0
DA:94,0
DA:100,0
DA:101,0
DA:102,0
DA:104,0
DA:105,0
DA:108,0
DA:109,0
DA:110,0
DA:111,0
DA:112,0
DA:114,0
DA:118,0
DA:122,0
DA:128,0
DA:129,0
DA:130,0
DA:132,0
DA:133,0
DA:136,0
DA:137,0
DA:138,0
DA:139,0
DA:142,0
DA:146,78
DA:150,78
DA:151,0
DA:153,78
DA:154,78
DA:155,78
DA:158,78
DA:162,78
DA:163,0
DA:165,78
DA:166,78
DA:167,78
DA:170,78
DA:172,78
DA:173,78
DA:174,78
LF:74
LH:14
end_of_record
TN:
SF:/home/kadir/mqtt-fuzzing/src/mosquitto/lib/handle_ping.c
FNL:0,40,60
FNA:0,0,handle__pingreq
FNL:1,63,88
FNA:1,0,handle__pingresp
FNF:2
FNH:0
DA:40,0
DA:42,0
DA:44,0
DA:46,0
DA:48,0
DA:50,0
DA:51,0
DA:55,0
DA:56,0
DA:63,0
DA:65,0
DA:67,0
DA:69,0
DA:71,0
DA:73,0
DA:74,0
DA:77,0
DA:79,0
DA:80,0
DA:81,0
DA:83,0
DA:87,0
LF:22
LH:0
end_of_record
TN:
SF:/home/kadir/mqtt-fuzzing/src/mosquitto/lib/handle_pubackcomp.c
FNL:0,41,174
FNA:0,0,handle__pubackcomp
FNF:1
FNH:0
DA:41,0
DA:43,0
DA:46,0
DA:49,0
DA:51,0
DA:53,0
DA:55,0
DA:57,0
DA:58,0
DA:59,0
DA:64,0
DA:67,0
DA:68,0
DA:69,0
DA:71,0
DA:72,0
DA:73,0
DA:75,0
DA:77,0
DA:78,0
DA:80,0
DA:82,0
DA:84,0
DA:86,0
DA:89,0
DA:90,0
DA:91,0
DA:92,0
DA:95,0
DA:96,0
DA:97,0
DA:98,0
DA:101,0
DA:102,0
DA:103,0
DA:104,0
DA:105,0
DA:106,0
DA:107,0
DA:108,0
DA:109,0
DA:110,0
DA:113,0
DA:115,0
DA:118,0
DA:121,0
DA:122,0
DA:125,0
DA:127,0
DA:130,0
DA:134,0
DA:135,0
DA:136,0
DA:140,0
DA:143,0
DA:145,0
DA:146,0
DA:147,0
DA:148,0
DA:150,0
LF:60
LH:0
end_of_record
TN:
SF:/home/kadir/mqtt-fuzzing/src/mosquitto/lib/handle_pubrec.c
FNL:0,41,155
FNA:0,0,handle__pubrec
FNF:1
FNH:0
DA:41,0
DA:43,0
DA:46,0
DA:48,0
DA:50,0
DA:52,0
DA:54,0
DA:56,0
DA:57,0
DA:60,0
DA:61,0
DA:62,0
DA:64,0
DA:66,0
DA:69,0
DA:72,0
DA:73,0
DA:74,0
DA:75,0
DA:78,0
DA:79,0
DA:80,0
DA:81,0
DA:82,0
DA:83,0
DA:84,0
DA:85,0
DA:86,0
DA:89,0
DA:92,0
DA:95,0
DA:96,0
DA:97,0
DA:98,0
DA:100,0
DA:103,0
DA:107,0
DA:111,0
DA:113,0
DA:115,0
DA:119,0
DA:121,0
DA:122,0
DA:124,0
DA:144,0
DA:145,0
DA:146,0
DA:147,0
DA:149,0
DA:150,0
DA:151,0
DA:154,0
LF:52
LH:0
end_of_record
TN:
SF:/home/kadir/mqtt-fuzzing/src/mosquitto/lib/handle_pubrel.c
FNL:0,41,153
FNA:0,0,handle__pubrel
FNF:1
FNH:0
DA:41,0
DA:49,0
DA:51,0
DA:53,0
DA:55,0
DA:57,0
DA:60,0
DA:61,0
DA:63,0
DA:64,0
DA:66,0
DA:69,0
DA:70,0
DA:71,0
DA:73,0
DA:75,0
DA:78,0
DA:81,0
DA:82,0
DA:83,0
DA:84,0
DA:87,0
DA:89,0
DA:92,0
DA:95,0
DA:96,0
DA:99,0
DA:100,0
DA:101,0
DA:103,0
DA:106,0
DA:111,0
DA:112,0
DA:116,0
DA:118,0
DA:119,0
DA:122,0
DA:123,0
DA:126,0
DA:127,0
DA:128,0
DA:152,0
LF:42
LH:0
end_of_record
TN:
SF:/home/kadir/mqtt-fuzzing/src/mosquitto/lib/handle_suback.c
FNL:0,38,115
FNA:0,0,handle__suback
FNF:1
FNH:0
DA:38,0
DA:44,0
DA:46,0
DA:48,0
DA:50,0
DA:52,0
DA:54,0
DA:56,0
DA:57,0
DA:61,0
DA:63,0
DA:64,0
DA:66,0
DA:70,0
DA:71,0
DA:72,0
DA:74,0
DA:75,0
DA:78,0
DA:79,0
DA:80,0
DA:81,0
DA:85,0
DA:86,0
DA:87,0
DA:88,0
DA:90,0
DA:91,0
DA:92,0
DA:93,0
DA:95,0
DA:96,0
DA:97,0
DA:98,0
DA:99,0
DA:100,0
DA:102,0
DA:103,0
DA:107,0
DA:112,0
DA:114,0
LF:41
LH:0
end_of_record
TN:
SF:/home/kadir/mqtt-fuzzing/src/mosquitto/lib/handle_unsuback.c
FNL:0,42,111
FNA:0,0,handle__unsuback
FNF:1
FNH:0
DA:42,0
DA:46,0
DA:47,0
DA:48,0
DA:50,0
DA:52,0
DA:54,0
DA:56,0
DA:58,0
DA:59,0
DA:63,0
DA:65,0
DA:66,0
DA:68,0
DA:72,0
DA:73,0
DA:74,0
DA:76,0
DA:77,0
DA:80,0
DA:81,0
DA:82,0
DA:83,0
DA:87,0
DA:88,0
DA:89,0
DA:90,0
DA:91,0
DA:93,0
DA:94,0
DA:95,0
DA:96,0
DA:97,0
DA:98,0
DA:100,0
DA:107,0
DA:108,0
DA:110,0
LF:38
LH:0
end_of_record
TN:
SF:/home/kadir/mqtt-fuzzing/src/mosquitto/lib/net_mosq.c
FNL:0,1034,1060
FNA:0,48,net__read
FNL:1,1063,1086
FNA:1,9,net__write
FNL:2,1089,1115
FNA:2,117,net__socket_nonblock
FNL:3,145,159
FNA:3,39,net__init
FNL:4,162,178
FNA:4,39,net__cleanup
FNL:5,201,208
FNA:5,201,net__is_connected
FNL:6,215,266
FNA:6,78,net__socket_close
FNL:7,273,284
FNA:7,0,net__socket_shutdown
FNL:8,428,521
FNA:8,0,net__try_connect_tcp
FNL:9,527,561
FNA:9,0,net__try_connect_unix
FNL:10,565,576
FNA:10,0,net__try_connect
FNL:11,909,966
FNA:11,0,net__socket_connect_step3
FNL:12,970,1001
FNA:12,0,net__socket_connect
FNF:13
FNH:7
DA:145,39
DA:158,39
DA:162,39
DA:178,39
DA:201,201
DA:206,201
DA:215,78
DA:217,78
DA:222,78
DA:250,78
DA:252,39
DA:253,39
DA:254,39
DA:256,39
DA:257,39
DA:260,39
DA:261,39
DA:265,78
DA:273,0
DA:275,0
DA:277,0
DA:279,0
DA:280,0
DA:283,0
DA:428,0
DA:434,0
DA:436,0
DA:438,0
DA:439,0
DA:440,0
DA:441,0
DA:443,0
DA:444,0
DA:445,0
DA:446,0
DA:449,0
DA:450,0
DA:451,0
DA:452,0
DA:453,0
DA:454,0
DA:458,0
DA:459,0
DA:460,0
DA:461,0
DA:464,0
DA:465,0
DA:466,0
DA:467,0
DA:469,0
DA:470,0
DA:471,0
DA:474,0
DA:475,0
DA:476,0
DA:477,0
DA:480,0
DA:481,0
DA:482,0
DA:483,0
DA:487,0
DA:489,0
DA:490,0
DA:494,0
DA:496,0
DA:497,0
DA:498,0
DA:501,0
DA:503,0
DA:504,0
DA:507,0
DA:510,0
DA:511,0
DA:513,0
DA:514,0
DA:515,0
DA:517,0
DA:518,0
DA:520,0
DA:527,0
DA:533,0
DA:534,0
DA:537,0
DA:538,0
DA:539,0
DA:541,0
DA:542,0
DA:543,0
DA:546,0
DA:547,0
DA:548,0
DA:552,0
DA:553,0
DA:554,0
DA:555,0
DA:558,0
DA:560,0
DA:565,0
DA:567,0
DA:569,0
DA:574,0
DA:909,0
DA:965,0
DA:970,0
DA:974,0
DA:975,0
DA:978,0
DA:979,0
DA:980,0
DA:983,0
DA:984,0
DA:985,0
DA:986,0
DA:994,0
DA:995,0
DA:996,0
DA:1000,0
DA:1034,48
DA:1039,48
DA:1040,48
DA:1055,48
DA:1063,9
DA:1068,9
DA:1070,9
DA:1084,9
DA:1089,117
DA:1094,117
DA:1095,117
DA:1096,0
DA:1097,0
DA:1098,0
DA:1100,117
DA:1102,0
DA:1103,0
DA:1104,0
DA:1114,117
LF:136
LH:31
end_of_record
TN:
SF:/home/kadir/mqtt-fuzzing/src/mosquitto/lib/packet_datatypes.c
FNL:0,128,147
FNA:0,12,packet__read_string
FNL:1,150,155
FNA:1,3,packet__write_string
FNL:2,158,173
FNA:2,35,packet__read_uint16
FNL:3,176,185
FNA:3,13,packet__write_uint16
FNL:4,188,203
FNA:4,3,packet__read_uint32
FNL:5,206,215
FNA:5,5,packet__write_uint32
FNL:6,218,250
FNA:6,13,packet__read_varint
FNL:7,253,273
FNA:7,23,packet__write_varint
FNL:8,43,54
FNA:8,18,packet__read_byte
FNL:9,57,64
FNA:9,41,packet__write_byte
FNL:10,67,78
FNA:10,10,packet__read_bytes
FNL:11,81,90
FNA:11,3,packet__write_bytes
FNL:12,93,125
FNA:12,12,packet__read_binary
FNF:13
FNH:13
DA:43,18
DA:45,18
DA:46,18
DA:47,0
DA:50,18
DA:51,18
DA:53,18
DA:57,41
DA:59,41
DA:60,41
DA:62,41
DA:63,41
DA:64,41
DA:67,10
DA:69,10
DA:70,10
DA:71,0
DA:74,10
DA:75,10
DA:77,10
DA:81,3
DA:83,3
DA:84,3
DA:86,3
DA:87,3
DA:88,3
DA:90,3
DA:93,12
DA:98,12
DA:99,12
DA:100,12
DA:101,0
DA:104,12
DA:105,6
DA:106,6
DA:107,6
DA:110,6
DA:111,0
DA:114,6
DA:115,6
DA:116,6
DA:117,6
DA:118,6
DA:120,0
DA:123,6
DA:124,6
DA:128,12
DA:132,12
DA:133,12
DA:134,0
DA:136,12
DA:137,6
DA:140,6
DA:141,0
DA:142,0
DA:143,0
DA:146,6
DA:150,3
DA:152,3
DA:153,3
DA:154,3
DA:155,3
DA:158,35
DA:162,35
DA:163,35
DA:164,0
DA:167,35
DA:168,35
DA:170,35
DA:172,35
DA:176,13
DA:178,13
DA:180,13
DA:181,13
DA:183,13
DA:184,13
DA:185,13
DA:188,3
DA:190,3
DA:192,3
DA:193,3
DA:194,0
DA:197,3
DA:198,3
DA:200,3
DA:202,3
DA:206,5
DA:208,5
DA:210,5
DA:211,5
DA:213,5
DA:214,5
DA:215,5
DA:218,13
DA:222,13
DA:223,13
DA:224,13
DA:226,13
DA:227,13
DA:228,13
DA:229,13
DA:230,13
DA:231,13
DA:232,13
DA:233,13
DA:234,13
DA:236,0
DA:238,13
DA:239,13
DA:240,0
DA:242,13
DA:246,0
DA:249,0
DA:253,23
DA:256,23
DA:259,23
DA:260,23
DA:262,23
DA:263,0
DA:265,23
DA:266,23
DA:267,23
DA:269,23
DA:270,0
DA:272,23
LF:125
LH:108
end_of_record
TN:
SF:/home/kadir/mqtt-fuzzing/src/mosquitto/lib/packet_mosq.c
FNL:0,116,135
FNA:0,0,packet__cleanup_all_no_locks
FNL:1,138,143
FNA:1,0,packet__cleanup_all
FNL:2,146,174
FNA:2,9,packet__queue_append
FNL:3,177,230
FNA:3,9,packet__queue
FNL:4,233,247
FNA:4,9,packet__check_oversize
FNL:5,249,269
FNA:5,9,packet__get_next_out
FNL:6,272,360
FNA:6,9,packet__write
FNL:7,363,394
FNA:7,48,read_header
FNL:8,400,469
FNA:8,9,packet__check_in_packet_oversize
FNL:9,473,644
FNA:9,48,packet__read_single
FNL:10,49,96
FNA:10,9,packet__alloc
FNL:11,647,695
FNA:11,48,packet__read
FNL:12,99,113
FNA:12,87,packet__cleanup
FNF:13
FNH:11
DA:49,9
DA:51,9
DA:57,9
DA:59,9
DA:60,9
DA:62,9
DA:63,9
DA:65,9
DA:66,0
DA:68,9
DA:69,9
DA:70,9
DA:71,9
DA:72,0
DA:75,9
DA:76,9
DA:77,9
DA:78,0
DA:83,9
DA:84,9
DA:85,9
DA:86,9
DA:87,9
DA:89,9
DA:90,18
DA:91,9
DA:93,9
DA:95,9
DA:99,87
DA:101,87
DA:102,0
DA:106,87
DA:107,87
DA:108,87
DA:109,87
DA:110,87
DA:111,87
DA:112,87
DA:116,0
DA:121,0
DA:122,0
DA:124,0
DA:126,0
DA:128,0
DA:129,0
DA:130,0
DA:131,0
DA:132,0
DA:134,0
DA:135,0
DA:138,0
DA:141,0
DA:143,0
DA:146,9
DA:149,9
DA:150,0
DA:151,0
DA:152,0
DA:153,0
DA:157,0
DA:158,0
DA:163,9
DA:164,0
DA:166,9
DA:168,9
DA:169,9
DA:170,9
DA:171,9
DA:172,9
DA:177,9
DA:182,9
DA:183,9
DA:203,9
DA:204,9
DA:205,9
DA:208,9
DA:211,9
DA:233,9
DA:237,9
DA:238,9
DA:241,0
DA:242,0
DA:243,0
DA:245,0
DA:249,9
DA:251,9
DA:254,9
DA:255,9
DA:256,9
DA:257,9
DA:258,9
DA:260,9
DA:261,9
DA:262,9
DA:264,9
DA:268,9
DA:272,9
DA:278,9
DA:279,0
DA:281,9
DA:282,0
DA:286,9
DA:289,9
DA:290,0
DA:294,9
DA:297,9
DA:298,9
DA:299,0
DA:302,18
DA:303,18
DA:304,9
DA:305,9
DA:306,9
DA:307,9
DA:308,9
DA:311,0
DA:316,0
DA:318,0
DA:319,0
DA:320,0
DA:321,0
DA:322,0
DA:323,0
DA:324,0
DA:325,0
DA:326,0
DA:332,9
DA:333,9
DA:342,9
DA:343,9
DA:344,9
DA:347,9
DA:355,9
DA:356,9
DA:359,9
DA:363,48
DA:367,48
DA:368,48
DA:369,48
DA:370,48
DA:371,39
DA:373,39
DA:376,9
DA:377,0
DA:380,9
DA:381,0
DA:383,9
DA:384,9
DA:385,9
DA:386,0
DA:387,0
DA:388,0
DA:389,0
DA:393,39
DA:400,9
DA:402,9
DA:404,9
DA:405,9
DA:406,9
DA:407,0
DA:409,9
DA:411,0
DA:416,0
DA:417,0
DA:418,0
DA:421,0
DA:422,0
DA:425,0
DA:427,0
DA:429,0
DA:430,0
DA:432,0
DA:434,0
DA:435,0
DA:436,0
DA:437,0
DA:440,0
DA:441,0
DA:444,0
DA:446,0
DA:448,0
DA:449,0
DA:451,0
DA:453,0
DA:454,0
DA:455,0
DA:457,0
DA:461,9
DA:462,0
DA:463,0
DA:465,0
DA:468,9
DA:473,48
DA:476,48
DA:478,48
DA:479,48
DA:480,48
DA:481,48
DA:482,9
DA:486,39
DA:487,39
DA:488,39
DA:489,39
DA:492,39
DA:493,30
DA:494,30
DA:495,30
DA:496,9
DA:497,0
DA:498,0
DA:500,0
DA:501,0
DA:502,0
DA:508,0
DA:520,9
DA:523,9
DA:524,0
DA:525,0
DA:526,0
DA:530,9
DA:531,9
DA:535,9
DA:536,0
DA:539,9
DA:540,9
DA:541,9
DA:542,9
DA:543,9
DA:545,0
DA:547,9
DA:550,9
DA:553,9
DA:554,9
DA:555,0
DA:560,9
DA:561,9
DA:562,9
DA:563,0
DA:566,9
DA:567,9
DA:569,9
DA:571,9
DA:572,0
DA:574,9
DA:576,9
DA:577,9
DA:578,0
DA:579,0
DA:581,9
DA:582,9
DA:584,9
DA:585,9
DA:589,9
DA:590,0
DA:591,0
DA:592,0
DA:593,0
DA:594,0
DA:597,0
DA:598,0
DA:605,0
DA:612,0
DA:614,0
DA:615,0
DA:616,0
DA:617,0
DA:618,0
DA:619,0
DA:620,0
DA:627,9
DA:629,9
DA:631,9
DA:634,9
DA:637,9
DA:643,9
DA:647,48
DA:649,48
DA:653,48
DA:654,0
DA:656,48
DA:657,0
DA:666,48
DA:684,48
DA:685,48
DA:686,0
DA:688,48
DA:689,48
DA:690,39
DA:692,9
DA:694,9
LF:290
LH:174
end_of_record
TN:
SF:/home/kadir/mqtt-fuzzing/src/mosquitto/lib/property_mosq.c
FNL:0,176,220
FNA:0,5,property__read_all
FNL:1,223,270
FNA:1,18,property__write
FNL:2,273,295
FNA:2,5,property__write_all
FNL:3,35,173
FNA:3,8,property__read
FNF:4
FNH:4
DA:35,8
DA:47,8
DA:48,0
DA:51,8
DA:52,8
DA:53,0
DA:55,8
DA:57,8
DA:59,8
DA:61,8
DA:62,0
DA:70,0
DA:71,0
DA:72,0
DA:74,0
DA:75,0
DA:76,0
DA:77,0
DA:79,4
DA:83,4
DA:84,4
DA:85,0
DA:87,4
DA:88,4
DA:89,4
DA:90,4
DA:92,3
DA:96,3
DA:97,3
DA:98,0
DA:100,3
DA:101,3
DA:102,3
DA:103,3
DA:105,0
DA:106,0
DA:107,0
DA:108,0
DA:110,0
DA:111,0
DA:112,0
DA:113,0
DA:115,0
DA:122,0
DA:123,0
DA:124,0
DA:126,0
DA:127,0
DA:128,0
DA:129,0
DA:130,0
DA:132,0
DA:134,0
DA:135,0
DA:136,0
DA:138,0
DA:139,0
DA:140,0
DA:141,0
DA:142,0
DA:144,1
DA:145,1
DA:146,1
DA:147,0
DA:149,1
DA:151,1
DA:152,1
DA:153,0
DA:154,0
DA:156,1
DA:158,1
DA:159,1
DA:160,1
DA:161,1
DA:162,1
DA:163,1
DA:165,0
DA:167,0
DA:169,0
DA:172,8
DA:176,5
DA:180,5
DA:182,5
DA:183,5
DA:184,0
DA:187,5
DA:191,13
DA:192,8
DA:193,8
DA:194,0
DA:195,0
DA:198,8
DA:199,8
DA:200,0
DA:201,0
DA:202,0
DA:205,8
DA:206,5
DA:208,3
DA:210,8
DA:214,5
DA:215,5
DA:216,0
DA:217,0
DA:219,5
DA:223,18
DA:227,18
DA:228,18
DA:229,0
DA:232,18
DA:233,0
DA:234,0
DA:235,0
DA:237,10
DA:238,10
DA:239,10
DA:241,5
DA:242,5
DA:243,5
DA:245,0
DA:246,0
DA:248,3
DA:249,3
DA:250,3
DA:252,0
DA:253,0
DA:254,0
DA:255,0
DA:257,0
DA:258,0
DA:259,0
DA:260,0
DA:262,0
DA:264,0
DA:266,0
DA:269,18
DA:273,5
DA:278,5
DA:279,5
DA:280,5
DA:281,0
DA:285,5
DA:286,23
DA:287,18
DA:288,18
DA:289,0
DA:291,18
DA:294,5
LF:148
LH:77
end_of_record
TN:
SF:/home/kadir/mqtt-fuzzing/src/mosquitto/lib/send_connect.c
FNL:0,38,213
FNA:0,0,send__connect
FNF:1
FNH:0
DA:38,0
DA:40,0
DA:42,0
DA:48,0
DA:49,0
DA:52,0
DA:54,0
DA:55,0
DA:59,0
DA:60,0
DA:61,0
DA:62,0
DA:64,0
DA:65,0
DA:66,0
DA:74,0
DA:76,0
DA:77,0
DA:78,0
DA:79,0
DA:82,0
DA:83,0
DA:86,0
DA:87,0
DA:88,0
DA:89,0
DA:90,0
DA:91,0
DA:92,0
DA:93,0
DA:94,0
DA:95,0
DA:96,0
DA:97,0
DA:98,0
DA:100,0
DA:103,0
DA:104,0
DA:106,0
DA:109,0
DA:113,0
DA:114,0
DA:116,0
DA:117,0
DA:118,0
DA:125,0
DA:126,0
DA:127,0
DA:131,0
DA:132,0
DA:134,0
DA:135,0
DA:138,0
DA:139,0
DA:140,0
DA:141,0
DA:145,0
DA:146,0
DA:148,0
DA:151,0
DA:152,0
DA:156,0
DA:157,0
DA:158,0
DA:159,0
DA:160,0
DA:161,0
DA:164,0
DA:165,0
DA:167,0
DA:168,0
DA:170,0
DA:171,0
DA:173,0
DA:175,0
DA:176,0
DA:177,0
DA:179,0
DA:182,0
DA:183,0
DA:185,0
DA:187,0
DA:188,0
DA:190,0
DA:192,0
DA:193,0
DA:196,0
DA:197,0
DA:199,0
DA:200,0
DA:203,0
DA:206,0
DA:208,0
DA:212,0
LF:94
LH:0
end_of_record
TN:
SF:/home/kadir/mqtt-fuzzing/src/mosquitto/lib/send_disconnect.c
FNL:0,37,83
FNA:0,0,send__disconnect
FNF:1
FNH:0
DA:37,0
DA:39,0
DA:41,0
DA:43,0
DA:46,0
DA:47,0
DA:58,0
DA:59,0
DA:60,0
DA:61,0
DA:64,0
DA:67,0
DA:68,0
DA:69,0
DA:70,0
DA:72,0
DA:73,0
DA:74,0
DA:75,0
DA:80,0
DA:82,0
LF:21
LH:0
end_of_record
TN:
SF:/home/kadir/mqtt-fuzzing/src/mosquitto/lib/send_mosq.c
FNL:0,101,114
FNA:0,0,send__pubrec
FNL:1,117,127
FNA:1,0,send__pubrel
FNL:2,131,171
FNA:2,0,send__command_with_mid
FNL:3,175,188
FNA:3,0,send__simple_command
FNL:4,41,58
FNA:4,0,send__pingreq
FNL:5,61,70
FNA:5,0,send__pingresp
FNL:6,73,84
FNA:6,0,send__puback
FNL:7,87,98
FNA:7,0,send__pubcomp
FNF:8
FNH:0
DA:41,0
DA:44,0
DA:46,0
DA:50,0
DA:51,0
DA:52,0
DA:54,0
DA:57,0
DA:61,0
DA:64,0
DA:65,0
DA:69,0
DA:73,0
DA:76,0
DA:77,0
DA:81,0
DA:83,0
DA:87,0
DA:90,0
DA:91,0
DA:95,0
DA:97,0
DA:101,0
DA:104,0
DA:105,0
DA:109,0
DA:110,0
DA:113,0
DA:117,0
DA:120,0
DA:121,0
DA:126,0
DA:131,0
DA:133,0
DA:137,0
DA:139,0
DA:140,0
DA:142,0
DA:144,0
DA:145,0
DA:146,0
DA:149,0
DA:150,0
DA:154,0
DA:155,0
DA:156,0
DA:159,0
DA:161,0
DA:162,0
DA:163,0
DA:165,0
DA:166,0
DA:170,0
DA:175,0
DA:177,0
DA:180,0
DA:182,0
DA:183,0
DA:184,0
DA:187,0
LF:60
LH:0
end_of_record
TN:
SF:/home/kadir/mqtt-fuzzing/src/mosquitto/lib/send_publish.c
FNL:0,210,343
FNA:0,0,send__real_publish
FNL:1,44,207
FNA:1,0,send__publish
FNF:2
FNH:0
DA:44,0
DA:52,0
DA:53,0
DA:56,0
DA:58,0
DA:59,0
DA:63,0
DA:64,0
DA:65,0
DA:69,0
DA:70,0
DA:71,0
DA:72,0
DA:73,0
DA:74,0
DA:76,0
DA:78,0
DA:79,0
DA:81,0
DA:82,0
DA:84,0
DA:85,0
DA:88,0
DA:89,0
DA:90,0
DA:91,0
DA:92,0
DA:93,0
DA:95,0
DA:96,0
DA:97,0
DA:101,0
DA:102,0
DA:106,0
DA:107,0
DA:109,0
DA:110,0
DA:112,0
DA:113,0
DA:116,0
DA:121,0
DA:122,0
DA:126,0
DA:127,0
DA:128,0
DA:129,0
DA:132,0
DA:136,0
DA:137,0
DA:138,0
DA:139,0
DA:142,0
DA:143,0
DA:144,0
DA:146,0
DA:147,0
DA:148,0
DA:149,0
DA:151,0
DA:153,0
DA:154,0
DA:155,0
DA:156,0
DA:157,0
DA:159,0
DA:163,0
DA:165,0
DA:166,0
DA:167,0
DA:168,0
DA:169,0
DA:171,0
DA:172,0
DA:173,0
DA:174,0
DA:176,0
DA:177,0
DA:178,0
DA:179,0
DA:180,0
DA:186,0
DA:187,0
DA:193,0
DA:194,0
DA:195,0
DA:197,0
DA:198,0
DA:200,0
DA:201,0
DA:203,0
DA:210,0
DA:212,0
DA:214,0
DA:219,0
DA:227,0
DA:230,0
DA:231,0
DA:233,0
DA:238,0
DA:243,0
DA:244,0
DA:246,0
DA:248,0
DA:249,0
DA:251,0
DA:252,0
DA:253,0
DA:254,0
DA:255,0
DA:256,0
DA:257,0
DA:258,0
DA:259,0
DA:261,0
DA:264,0
DA:265,0
DA:266,0
DA:267,0
DA:268,0
DA:269,0
DA:271,0
DA:273,0
DA:274,0
DA:275,0
DA:276,0
DA:277,0
DA:278,0
DA:280,0
DA:284,0
DA:285,0
DA:287,0
DA:288,0
DA:290,0
DA:293,0
DA:295,0
DA:299,0
DA:302,0
DA:303,0
DA:304,0
DA:306,0
DA:308,0
DA:309,0
DA:311,0
DA:313,0
DA:314,0
DA:317,0
DA:318,0
DA:319,0
DA:320,0
DA:321,0
DA:324,0
DA:325,0
DA:327,0
DA:328,0
DA:334,0
DA:338,0
DA:339,0
DA:342,0
LF:158
LH:0
end_of_record
TN:
SF:/home/kadir/mqtt-fuzzing/src/mosquitto/lib/send_subscribe.c
FNL:0,39,100
FNA:0,0,send__subscribe
FNF:1
FNH:0
DA:39,0
DA:41,0
DA:48,0
DA:49,0
DA:51,0
DA:52,0
DA:53,0
DA:55,0
DA:56,0
DA:57,0
DA:58,0
DA:60,0
DA:63,0
DA:64,0
DA:65,0
DA:66,0
DA:70,0
DA:71,0
DA:72,0
DA:74,0
DA:76,0
DA:77,0
DA:81,0
DA:82,0
DA:83,0
DA:88,0
DA:97,0
DA:99,0
LF:28
LH:0
end_of_record
TN:
SF:/home/kadir/mqtt-fuzzing/src/mosquitto/lib/send_unsubscribe.c
FNL:0,38,98
FNA:0,0,send__unsubscribe
FNF:1
FNH:0
DA:38,0
DA:40,0
DA:47,0
DA:48,0
DA:50,0
DA:51,0
DA:52,0
DA:53,0
DA:54,0
DA:56,0
DA:59,0
DA:60,0
DA:63,0
DA:64,0
DA:65,0
DA:69,0
DA:70,0
DA:71,0
DA:73,0
DA:75,0
DA:77,0
DA:81,0
DA:82,0
DA:87,0
DA:88,0
DA:91,0
DA:97,0
LF:27
LH:0
end_of_record
TN:
SF:/home/kadir/mqtt-fuzzing/src/mosquitto/lib/util_mosq.c
FNL:0,124,145
FNA:0,0,mosquitto__mid_generate
FNL:1,208,213
FNA:1,0,util__increment_receive_quota
FNL:2,216,221
FNA:2,0,util__increment_send_quota
FNL:3,224,229
FNA:3,0,util__decrement_receive_quota
FNL:4,232,237
FNA:4,0,util__decrement_send_quota
FNL:5,240,252
FNA:5,123,mosquitto__set_state
FNL:6,254,263
FNA:6,99,mosquitto__get_state
FNL:7,55,121
FNA:7,0,mosquitto__check_keepalive
FNF:8
FNH:2
DA:55,0
DA:65,0
DA:67,0
DA:74,0
DA:75,0
DA:76,0
DA:78,0
DA:79,0
DA:80,0
DA:84,0
DA:85,0
DA:87,0
DA:88,0
DA:90,0
DA:91,0
DA:92,0
DA:95,0
DA:96,0
DA:101,0
DA:102,0
DA:105,0
DA:120,0
DA:124,0
DA:134,0
DA:137,0
DA:138,0
DA:139,0
DA:141,0
DA:144,0
DA:208,0
DA:210,0
DA:211,0
DA:213,0
DA:216,0
DA:218,0
DA:219,0
DA:221,0
DA:224,0
DA:226,0
DA:227,0
DA:229,0
DA:232,0
DA:234,0
DA:235,0
DA:237,0
DA:240,123
DA:244,123
DA:247,87
DA:251,123
DA:254,99
DA:259,99
DA:262,99
LF:52
LH:7
end_of_record
TN:
SF:/home/kadir/mqtt-fuzzing/src/mosquitto/lib/will_mosq.c
FNL:0,124,139
FNA:0,81,will__clear
FNL:1,40,121
FNA:1,0,will__set
FNF:2
FNH:1
DA:40,0
DA:42,0
DA:45,0
DA:46,0
DA:48,0
DA:49,0
DA:51,0
DA:52,0
DA:55,0
DA:56,0
DA:58,0
DA:59,0
DA:62,0
DA:63,0
DA:64,0
DA:66,0
DA:67,0
DA:68,0
DA:69,0
DA:70,0
DA:72,0
DA:76,0
DA:77,0
DA:78,0
DA:79,0
DA:80,0
DA:83,0
DA:84,0
DA:85,0
DA:87,0
DA:88,0
DA:89,0
DA:90,0
DA:92,0
DA:93,0
DA:94,0
DA:95,0
DA:96,0
DA:98,0
DA:99,0
DA:100,0
DA:101,0
DA:104,0
DA:106,0
DA:107,0
DA:109,0
DA:111,0
DA:113,0
DA:114,0
DA:115,0
DA:116,0
DA:117,0
DA:120,0
DA:124,81
DA:126,81
DA:127,80
DA:130,1
DA:131,1
DA:133,1
DA:135,1
DA:136,1
DA:138,1
LF:62
LH:9
end_of_record
TN:
SF:/home/kadir/mqtt-fuzzing/src/mosquitto/plugins/acl-file/acl_check.c
FNL:0,29,141
FNA:0,0,acl_file__check
FNF:1
FNH:0
DA:29,0
DA:31,0
DA:35,0
DA:42,0
DA:43,0
DA:46,0
DA:47,0
DA:49,0
DA:50,0
DA:53,0
DA:54,0
DA:56,0
DA:58,0
DA:59,0
DA:62,0
DA:63,0
DA:65,0
DA:69,0
DA:73,0
DA:74,0
DA:75,0
DA:77,0
DA:78,0
DA:79,0
DA:81,0
DA:83,0
DA:85,0
DA:88,0
DA:91,0
DA:93,0
DA:101,0
DA:102,0
DA:103,0
DA:106,0
DA:107,0
DA:108,0
DA:113,0
DA:114,0
DA:117,0
DA:118,0
DA:119,0
DA:120,0
DA:123,0
DA:124,0
DA:126,0
DA:127,0
DA:129,0
DA:131,0
DA:133,0
DA:137,0
DA:140,0
LF:51
LH:0
end_of_record
TN:
SF:/home/kadir/mqtt-fuzzing/src/mosquitto/plugins/acl-file/acl_parse.c
FNL:0,104,171
FNA:0,0,acl__add_pattern
FNL:1,174,311
FNA:1,0,acl_file__parse
FNL:2,31,55
FNA:2,0,acl__add_to_user
FNL:3,314,324
FNA:3,78,acl__free_entries
FNL:4,327,343
FNA:4,39,acl_file__cleanup
FNL:5,346,355
FNA:5,0,acl_file__reload
FNL:6,58,84
FNA:6,0,acl__find_or_create_user
FNL:7,87,101
FNA:7,0,acl__add
FNF:8
FNH:2
DA:31,0
DA:35,0
DA:36,0
DA:37,0
DA:39,0
DA:41,0
DA:42,0
DA:43,0
DA:47,0
DA:49,0
DA:51,0
DA:54,0
DA:58,0
DA:60,0
DA:61,0
DA:63,0
DA:65,0
DA:67,0
DA:68,0
DA:69,0
DA:70,0
DA:72,0
DA:73,0
DA:74,0
DA:75,0
DA:76,0
DA:79,0
DA:82,0
DA:87,0
DA:89,0
DA:91,0
DA:92,0
DA:95,0
DA:96,0
DA:97,0
DA:100,0
DA:104,0
DA:110,0
DA:111,0
DA:114,0
DA:115,0
DA:116,0
DA:119,0
DA:120,0
DA:121,0
DA:122,0
DA:124,0
DA:125,0
DA:126,0
DA:128,0
DA:129,0
DA:130,0
DA:131,0
DA:132,0
DA:133,0
DA:134,0
DA:138,0
DA:139,0
DA:140,0
DA:141,0
DA:142,0
DA:143,0
DA:144,0
DA:148,0
DA:149,0
DA:154,0
DA:155,0
DA:156,0
DA:158,0
DA:159,0
DA:161,0
DA:162,0
DA:164,0
DA:167,0
DA:170,0
DA:174,0
DA:176,0
DA:178,0
DA:182,0
DA:185,0
DA:186,0
DA:187,0
DA:188,0
DA:190,0
DA:191,0
DA:193,0
DA:194,0
DA:197,0
DA:198,0
DA:199,0
DA:200,0
DA:203,0
DA:204,0
DA:205,0
DA:206,0
DA:207,0
DA:214,0
DA:215,0
DA:216,0
DA:217,0
DA:218,0
DA:220,0
DA:221,0
DA:223,0
DA:224,0
DA:225,0
DA:226,0
DA:227,0
DA:229,0
DA:232,0
DA:233,0
DA:234,0
DA:235,0
DA:236,0
DA:238,0
DA:239,0
DA:240,0
DA:242,0
DA:243,0
DA:245,0
DA:246,0
DA:247,0
DA:248,0
DA:249,0
DA:250,0
DA:251,0
DA:252,0
DA:253,0
DA:255,0
DA:256,0
DA:257,0
DA:260,0
DA:262,0
DA:263,0
DA:264,0
DA:265,0
DA:266,0
DA:269,0
DA:270,0
DA:272,0
DA:274,0
DA:275,0
DA:277,0
DA:278,0
DA:279,0
DA:280,0
DA:281,0
DA:282,0
DA:283,0
DA:284,0
DA:286,0
DA:287,0
DA:288,0
DA:289,0
DA:290,0
DA:292,0
DA:294,0
DA:295,0
DA:296,0
DA:299,0
DA:300,0
DA:301,0
DA:306,0
DA:307,0
DA:308,0
DA:310,0
DA:314,78
DA:316,78
DA:317,0
DA:319,0
DA:320,0
DA:322,0
DA:324,78
DA:327,39
DA:331,39
DA:332,0
DA:333,0
DA:334,0
DA:335,0
DA:338,39
DA:339,39
DA:341,39
DA:342,39
DA:343,39
DA:346,0
DA:348,0
DA:353,0
DA:354,0
LF:188
LH:10
end_of_record
TN:
SF:/home/kadir/mqtt-fuzzing/src/mosquitto/plugins/password-file/password_check.c
FNL:0,27,55
FNA:0,0,password_file__check
FNF:1
FNH:0
DA:27,0
DA:29,0
DA:30,0
DA:35,0
DA:36,0
DA:41,0
DA:42,0
DA:43,0
DA:44,0
DA:45,0
DA:47,0
DA:50,0
DA:54,0
LF:13
LH:0
end_of_record
TN:
SF:/home/kadir/mqtt-fuzzing/src/mosquitto/plugins/password-file/password_parse.c
FNL:0,132,146
FNA:0,39,password_file__cleanup
FNL:1,149,158
FNA:1,0,password_file__reload
FNL:2,29,129
FNA:2,0,password_file__parse
FNF:3
FNH:1
DA:29,0
DA:32,0
DA:34,0
DA:36,0
DA:37,0
DA:39,0
DA:40,0
DA:41,0
DA:42,0
DA:45,0
DA:46,0
DA:47,0
DA:48,0
DA:49,0
DA:52,0
DA:53,0
DA:54,0
DA:56,0
DA:57,0
DA:59,0
DA:60,0
DA:63,0
DA:64,0
DA:65,0
DA:66,0
DA:67,0
DA:68,0
DA:70,0
DA:71,0
DA:72,0
DA:75,0
DA:76,0
DA:77,0
DA:78,0
DA:79,0
DA:82,0
DA:83,0
DA:84,0
DA:87,0
DA:88,0
DA:89,0
DA:90,0
DA:92,0
DA:93,0
DA:94,0
DA:96,0
DA:97,0
DA:98,0
DA:101,0
DA:102,0
DA:104,0
DA:105,0
DA:108,0
DA:110,0
DA:111,0
DA:116,0
DA:117,0
DA:119,0
DA:120,0
DA:121,0
DA:122,0
DA:123,0
DA:124,0
DA:126,0
DA:127,0
DA:128,0
DA:132,39
DA:134,39
DA:136,39
DA:137,0
DA:140,39
DA:141,0
DA:142,0
DA:143,0
DA:144,0
DA:149,0
DA:151,0
DA:156,0
DA:157,0
LF:79
LH:4
end_of_record
TN:
SF:/home/kadir/mqtt-fuzzing/src/mosquitto/src/acl_file.c
FNL:0,32,70
FNA:0,39,broker_acl_file__init
FNL:1,73,92
FNA:1,78,broker_acl_file__cleanup
FNF:2
FNH:2
DA:32,39
DA:37,39
DA:38,0
DA:39,0
DA:40,0
DA:41,0
DA:42,0
DA:43,0
DA:45,0
DA:46,0
DA:49,0
DA:50,0
DA:54,39
DA:55,0
DA:56,0
DA:57,0
DA:58,0
DA:60,0
DA:61,0
DA:64,0
DA:65,0
DA:69,39
DA:73,78
DA:75,78
DA:76,0
DA:77,0
DA:78,0
DA:81,0
DA:85,78
DA:86,39
DA:89,39
DA:92,78
LF:32
LH:10
end_of_record
TN:
SF:/home/kadir/mqtt-fuzzing/src/mosquitto/src/bridge.c
FNL:0,1004,1019
FNA:0,0,reload_if_needed
FNL:1,1022,1179
FNA:1,130,bridge_check
FNL:2,152,156
FNA:2,0,bridge__destroy
FNL:3,159,187
FNA:3,39,bridge__start_all
FNL:4,190,230
FNA:4,0,bridge__set_tcp_keepalive
FNL:5,235,245
FNA:5,0,bridge__set_tcp_user_timeout
FNL:6,482,661
FNA:6,0,bridge__connect
FNL:7,66,149
FNA:7,0,bridge__new
FNL:8,665,759
FNA:8,0,bridge__on_connect
FNL:9,762,776
FNA:9,39,bridge__register_local_connections
FNL:10,779,826
FNA:10,0,bridge__reload
FNL:11,829,839
FNA:11,39,bridge__db_cleanup
FNL:12,842,900
FNA:12,0,bridge__cleanup
FNL:13,903,923
FNA:13,0,bridge__packet_cleanup
FNL:14,926,931
FNA:14,0,rand_between
FNL:15,934,945
FNA:15,0,bridge__backoff_step
FNL:16,948,951
FNA:16,0,bridge__backoff_reset
FNL:17,954,974
FNA:17,0,bridge__update_backoff
FNL:18,977,1001
FNA:18,0,bridge_check_pending
FNF:19
FNH:4
DA:66,0
DA:68,0
DA:72,0
DA:74,0
DA:75,0
DA:76,0
DA:79,0
DA:80,0
DA:82,0
DA:85,0
DA:86,0
DA:87,0
DA:88,0
DA:90,0
DA:91,0
DA:93,0
DA:94,0
DA:95,0
DA:97,0
DA:98,0
DA:122,0
DA:123,0
DA:125,0
DA:127,0
DA:128,0
DA:129,0
DA:130,0
DA:131,0
DA:132,0
DA:135,0
DA:139,0
DA:140,0
DA:141,0
DA:142,0
DA:143,0
DA:145,0
DA:148,0
DA:152,0
DA:154,0
DA:155,0
DA:156,0
DA:159,39
DA:161,39
DA:165,0
DA:166,0
DA:167,0
DA:168,0
DA:170,0
DA:177,0
DA:180,0
DA:181,0
DA:182,0
DA:185,0
DA:190,0
DA:192,0
DA:195,0
DA:196,0
DA:197,0
DA:199,0
DA:208,0
DA:211,0
DA:212,0
DA:215,0
DA:216,0
DA:219,0
DA:220,0
DA:225,0
DA:226,0
DA:229,0
DA:235,0
DA:237,0
DA:238,0
DA:239,0
DA:240,0
DA:244,0
DA:482,0
DA:485,0
DA:494,0
DA:496,0
DA:497,0
DA:500,0
DA:501,0
DA:503,0
DA:505,0
DA:506,0
DA:507,0
DA:508,0
DA:509,0
DA:510,0
DA:511,0
DA:512,0
DA:513,0
DA:515,0
DA:521,0
DA:523,0
DA:524,0
DA:525,0
DA:526,0
DA:527,0
DA:529,0
DA:532,0
DA:533,0
DA:534,0
DA:535,0
DA:536,0
DA:541,0
DA:542,0
DA:543,0
DA:545,0
DA:547,0
DA:548,0
DA:549,0
DA:550,0
DA:551,0
DA:554,0
DA:555,0
DA:556,0
DA:557,0
DA:560,0
DA:561,0
DA:562,0
DA:563,0
DA:566,0
DA:568,0
DA:569,0
DA:570,0
DA:571,0
DA:574,0
DA:575,0
DA:576,0
DA:577,0
DA:578,0
DA:580,0
DA:584,0
DA:585,0
DA:586,0
DA:587,0
DA:588,0
DA:591,0
DA:592,0
DA:593,0
DA:594,0
DA:595,0
DA:596,0
DA:597,0
DA:598,0
DA:599,0
DA:602,0
DA:603,0
DA:604,0
DA:605,0
DA:608,0
DA:610,0
DA:611,0
DA:614,0
DA:615,0
DA:619,0
DA:620,0
DA:621,0
DA:622,0
DA:623,0
DA:624,0
DA:625,0
DA:627,0
DA:628,0
DA:629,0
DA:630,0
DA:631,0
DA:632,0
DA:633,0
DA:635,0
DA:636,0
DA:637,0
DA:638,0
DA:639,0
DA:640,0
DA:641,0
DA:644,0
DA:645,0
DA:646,0
DA:647,0
DA:648,0
DA:650,0
DA:651,0
DA:652,0
DA:653,0
DA:654,0
DA:655,0
DA:657,0
DA:658,0
DA:659,0
DA:665,0
DA:671,0
DA:674,0
DA:675,0
DA:676,0
DA:678,0
DA:680,0
DA:681,0
DA:683,0
DA:684,0
DA:685,0
DA:686,0
DA:687,0
DA:689,0
DA:692,0
DA:694,0
DA:695,0
DA:696,0
DA:697,0
DA:700,0
DA:701,0
DA:702,0
DA:703,0
DA:706,0
DA:707,0
DA:710,0
DA:711,0
DA:715,0
DA:716,0
DA:717,0
DA:718,0
DA:720,0
DA:722,0
DA:723,0
DA:728,0
DA:729,0
DA:732,0
DA:733,0
DA:737,0
DA:743,0
DA:744,0
DA:745,0
DA:746,0
DA:747,0
DA:748,0
DA:750,0
DA:752,0
DA:756,0
DA:758,0
DA:762,39
DA:764,39
DA:766,39
DA:767,0
DA:768,0
DA:769,0
DA:770,0
DA:772,0
DA:775,39
DA:779,0
DA:785,0
DA:786,0
DA:787,0
DA:788,0
DA:792,0
DA:793,0
DA:797,0
DA:798,0
DA:799,0
DA:800,0
DA:804,0
DA:806,0
DA:807,0
DA:808,0
DA:811,0
DA:813,0
DA:814,0
DA:815,0
DA:819,0
DA:820,0
DA:821,0
DA:822,0
DA:823,0
DA:826,0
DA:829,39
DA:833,39
DA:834,0
DA:835,0
DA:838,39
DA:839,39
DA:842,0
DA:846,0
DA:848,0
DA:849,0
DA:850,0
DA:851,0
DA:855,0
DA:856,0
DA:857,0
DA:859,0
DA:862,0
DA:863,0
DA:864,0
DA:865,0
DA:871,0
DA:872,0
DA:874,0
DA:876,0
DA:877,0
DA:879,0
DA:881,0
DA:882,0
DA:884,0
DA:892,0
DA:893,0
DA:896,0
DA:898,0
DA:899,0
DA:900,0
DA:903,0
DA:906,0
DA:907,0
DA:910,0
DA:911,0
DA:912,0
DA:913,0
DA:915,0
DA:916,0
DA:917,0
DA:918,0
DA:919,0
DA:920,0
DA:922,0
DA:926,0
DA:929,0
DA:930,0
DA:934,0
DA:941,0
DA:942,0
DA:943,0
DA:945,0
DA:948,0
DA:950,0
DA:951,0
DA:954,0
DA:956,0
DA:957,0
DA:959,0
DA:961,0
DA:964,0
DA:965,0
DA:966,0
DA:968,0
DA:971,0
DA:973,0
DA:977,0
DA:982,0
DA:983,0
DA:984,0
DA:985,0
DA:986,0
DA:992,0
DA:993,0
DA:994,0
DA:997,0
DA:998,0
DA:1004,0
DA:1008,0
DA:1009,0
DA:1010,0
DA:1011,0
DA:1012,0
DA:1013,0
DA:1014,0
DA:1018,0
DA:1022,130
DA:1025,130
DA:1031,130
DA:1032,0
DA:1035,130
DA:1036,0
DA:1037,0
DA:1040,0
DA:1042,0
DA:1043,0
DA:1044,0
DA:1048,0
DA:1049,0
DA:1050,0
DA:1051,0
DA:1053,0
DA:1054,0
DA:1055,0
DA:1056,0
DA:1057,0
DA:1059,0
DA:1060,0
DA:1061,0
DA:1062,0
DA:1063,0
DA:1064,0
DA:1065,0
DA:1068,0
DA:1069,0
DA:1070,0
DA:1071,0
DA:1072,0
DA:1073,0
DA:1074,0
DA:1075,0
DA:1076,0
DA:1078,0
DA:1079,0
DA:1080,0
DA:1081,0
DA:1084,0
DA:1085,0
DA:1086,0
DA:1087,0
DA:1092,0
DA:1093,0
DA:1097,0
DA:1098,0
DA:1099,0
DA:1100,0
DA:1101,0
DA:1102,0
DA:1104,0
DA:1106,0
DA:1107,0
DA:1156,0
DA:1157,0
DA:1158,0
DA:1159,0
DA:1160,0
DA:1161,0
DA:1163,0
DA:1164,0
DA:1165,0
DA:1168,0
DA:1169,0
DA:1170,0
LF:432
LH:14
end_of_record
TN:
SF:/home/kadir/mqtt-fuzzing/src/mosquitto/src/bridge_topic.c
FNL:0,102,137
FNA:0,0,bridge__find_topic
FNL:1,140,157
FNA:1,0,bridge__cleanup_topics
FNL:2,161,255
FNA:2,0,bridge__add_topic
FNL:3,258,312
FNA:3,0,bridge__remap_topic_in
FNL:4,28,55
FNA:4,0,bridge__create_remap_topic
FNL:5,58,99
FNA:5,0,bridge__create_prefix
FNF:6
FNH:0
DA:28,0
DA:30,0
DA:31,0
DA:32,0
DA:33,0
DA:34,0
DA:35,0
DA:36,0
DA:38,0
DA:39,0
DA:41,0
DA:42,0
DA:43,0
DA:44,0
DA:48,0
DA:49,0
DA:50,0
DA:51,0
DA:54,0
DA:58,0
DA:62,0
DA:63,0
DA:64,0
DA:65,0
DA:69,0
DA:70,0
DA:72,0
DA:74,0
DA:75,0
DA:76,0
DA:77,0
DA:80,0
DA:82,0
DA:84,0
DA:87,0
DA:88,0
DA:92,0
DA:96,0
DA:98,0
DA:102,0
DA:104,0
DA:105,0
DA:107,0
DA:108,0
DA:109,0
DA:111,0
DA:112,0
DA:114,0
DA:115,0
DA:116,0
DA:119,0
DA:120,0
DA:121,0
DA:124,0
DA:125,0
DA:126,0
DA:129,0
DA:130,0
DA:132,0
DA:133,0
DA:136,0
DA:140,0
DA:144,0
DA:145,0
DA:148,0
DA:149,0
DA:150,0
DA:151,0
DA:152,0
DA:153,0
DA:154,0
DA:155,0
DA:161,0
DA:165,0
DA:166,0
DA:168,0
DA:169,0
DA:171,0
DA:172,0
DA:174,0
DA:175,0
DA:176,0
DA:178,0
DA:179,0
DA:180,0
DA:182,0
DA:183,0
DA:185,0
DA:186,0
DA:189,0
DA:190,0
DA:191,0
DA:194,0
DA:195,0
DA:196,0
DA:197,0
DA:198,0
DA:200,0
DA:202,0
DA:203,0
DA:204,0
DA:205,0
DA:207,0
DA:208,0
DA:210,0
DA:211,0
DA:212,0
DA:216,0
DA:217,0
DA:218,0
DA:219,0
DA:220,0
DA:223,0
DA:224,0
DA:225,0
DA:230,0
DA:231,0
DA:233,0
DA:236,0
DA:237,0
DA:239,0
DA:242,0
DA:244,0
DA:246,0
DA:247,0
DA:248,0
DA:249,0
DA:250,0
DA:251,0
DA:252,0
DA:253,0
DA:254,0
DA:258,0
DA:263,0
DA:264,0
DA:265,0
DA:266,0
DA:270,0
DA:271,0
DA:272,0
DA:273,0
DA:275,0
DA:278,0
DA:280,0
DA:281,0
DA:282,0
DA:283,0
DA:284,0
DA:286,0
DA:287,0
DA:291,0
DA:293,0
DA:294,0
DA:295,0
DA:296,0
DA:297,0
DA:299,0
DA:300,0
DA:302,0
DA:303,0
DA:305,0
DA:311,0
LF:162
LH:0
end_of_record
TN:
SF:/home/kadir/mqtt-fuzzing/src/mosquitto/src/broker_control.c
FNL:0,125,165
FNA:0,0,add_listener
FNL:1,168,211
FNA:1,0,broker__process_list_listeners
FNL:2,214,221
FNA:2,0,broker_control_callback
FNL:3,224,231
FNA:3,39,broker_control__init
FNL:4,234,237
FNA:4,39,broker_control__cleanup
FNL:5,240,244
FNA:5,0,broker_control__reload
FNL:6,254,271
FNA:6,0,broker__handle_control
FNL:7,41,76
FNA:7,0,add_plugin_info
FNL:8,79,122
FNA:8,0,broker__process_list_plugins
FNF:9
FNH:2
DA:41,0
DA:46,0
DA:47,0
DA:50,0
DA:51,0
DA:52,0
DA:55,0
DA:56,0
DA:57,0
DA:58,0
DA:61,0
DA:62,0
DA:65,0
DA:66,0
DA:67,0
DA:68,0
DA:69,0
DA:71,0
DA:74,0
DA:75,0
DA:79,0
DA:84,0
DA:85,0
DA:86,0
DA:87,0
DA:90,0
DA:91,0
DA:92,0
DA:95,0
DA:96,0
DA:97,0
DA:100,0
DA:103,0
DA:104,0
DA:105,0
DA:108,0
DA:109,0
DA:110,0
DA:114,0
DA:116,0
DA:118,0
DA:119,0
DA:120,0
DA:121,0
DA:125,0
DA:128,0
DA:130,0
DA:131,0
DA:132,0
DA:134,0
DA:136,0
DA:137,0
DA:138,0
DA:139,0
DA:142,0
DA:143,0
DA:144,0
DA:146,0
DA:150,0
DA:153,0
DA:157,0
DA:161,0
DA:164,0
DA:168,0
DA:173,0
DA:174,0
DA:175,0
DA:176,0
DA:179,0
DA:180,0
DA:181,0
DA:184,0
DA:185,0
DA:186,0
DA:189,0
DA:192,0
DA:193,0
DA:194,0
DA:197,0
DA:198,0
DA:199,0
DA:203,0
DA:205,0
DA:207,0
DA:208,0
DA:209,0
DA:210,0
DA:214,0
DA:216,0
DA:220,0
DA:224,39
DA:226,39
DA:228,39
DA:229,0
DA:231,39
DA:234,39
DA:236,39
DA:237,39
DA:240,0
DA:242,0
DA:243,0
DA:244,0
DA:254,0
DA:256,0
DA:260,0
DA:261,0
DA:262,0
DA:263,0
DA:267,0
DA:268,0
DA:270,0
LF:111
LH:7
end_of_record
TN:
SF:/home/kadir/mqtt-fuzzing/src/mosquitto/src/conf.c
FNL:0,171,204
FNA:0,0,config__add_listener
FNL:1,207,224
FNA:1,0,config__create_default_listener
FNL:2,227,240
FNA:2,0,conf__set_cur_security_options
FNL:3,243,276
FNA:3,0,conf__attempt_resolve
FNL:4,279,359
FNA:4,39,config__init_reload
FNL:5,2934,2972
FNA:5,0,config__read_file
FNL:6,2975,2996
FNA:6,39,config__check_proxy
FNL:7,2999,3025
FNA:7,39,config__check
FNL:8,3030,3102
FNA:8,0,config__check_bridges
FNL:9,3106,3124
FNA:9,0,conf__parse_bool
FNL:10,3127,3148
FNA:10,0,conf__parse_int
FNL:11,3151,3162
FNA:11,0,conf__parse_ssize_t
FNL:12,3165,3200
FNA:12,0,conf__parse_string
FNL:13,362,377
FNA:13,0,config__cleanup_plugin_config
FNL:14,380,386
FNA:14,39,config__cleanup_plugins
FNL:15,389,395
FNA:15,39,config__init
FNL:16,398,479
FNA:16,39,config__cleanup
FNL:17,484,534
FNA:17,0,config__bridge_cleanup
FNL:18,538,543
FNA:18,0,print_version
FNL:19,546,566
FNA:19,0,print_usage
FNL:20,569,665
FNA:20,39,config__parse_args
FNL:21,668,754
FNA:21,0,config__copy
FNL:22,757,894
FNA:22,0,config__read
FNL:23,897,907
FNA:23,0,config__plugin_find
FNL:24,910,960
FNA:24,0,config__plugin_load
FNL:25,963,987
FNA:25,39,config__plugin_add_secopt
FNL:26,990,2931
FNA:26,0,config__read_file_core
FNF:27
FNH:8
DA:171,0
DA:175,0
DA:177,0
DA:178,0
DA:179,0
DA:180,0
DA:181,0
DA:185,0
DA:186,0
DA:187,0
DA:188,0
DA:190,0
DA:191,0
DA:192,0
DA:193,0
DA:194,0
DA:195,0
DA:196,0
DA:198,0
DA:199,0
DA:201,0
DA:203,0
DA:207,0
DA:209,0
DA:210,0
DA:212,0
DA:213,0
DA:214,0
DA:215,0
DA:216,0
DA:219,0
DA:220,0
DA:221,0
DA:223,0
DA:227,0
DA:229,0
DA:230,0
DA:231,0
DA:232,0
DA:234,0
DA:236,0
DA:238,0
DA:243,0
DA:249,0
DA:250,0
DA:251,0
DA:252,0
DA:253,0
DA:254,0
DA:255,0
DA:257,0
DA:259,0
DA:260,0
DA:261,0
DA:263,0
DA:266,0
DA:273,0
DA:275,0
DA:279,39
DA:282,39
DA:283,0
DA:286,39
DA:287,39
DA:289,39
DA:290,39
DA:291,39
DA:293,39
DA:294,39
DA:295,39
DA:296,39
DA:298,39
DA:299,39
DA:301,39
DA:303,39
DA:304,39
DA:305,39
DA:306,39
DA:307,0
DA:308,0
DA:310,39
DA:322,39
DA:323,39
DA:324,39
DA:325,0
DA:326,39
DA:327,0
DA:329,39
DA:332,39
DA:333,39
DA:334,39
DA:335,39
DA:336,39
DA:337,39
DA:338,39
DA:339,39
DA:340,39
DA:341,39
DA:342,39
DA:343,39
DA:344,39
DA:345,39
DA:346,39
DA:347,39
DA:348,39
DA:349,39
DA:350,39
DA:351,39
DA:352,39
DA:353,39
DA:355,39
DA:356,39
DA:357,39
DA:358,39
DA:359,39
DA:362,0
DA:364,0
DA:365,0
DA:367,0
DA:368,0
DA:369,0
DA:370,0
DA:372,0
DA:373,0
DA:375,0
DA:376,0
DA:377,0
DA:380,39
DA:382,39
DA:383,0
DA:385,39
DA:386,39
DA:389,39
DA:391,39
DA:392,39
DA:394,39
DA:395,39
DA:398,39
DA:400,39
DA:401,39
DA:402,39
DA:403,39
DA:404,39
DA:405,39
DA:406,39
DA:407,39
DA:408,39
DA:409,39
DA:410,39
DA:411,39
DA:412,39
DA:413,156
DA:414,117
DA:415,117
DA:416,117
DA:417,117
DA:418,117
DA:419,117
DA:420,117
DA:421,117
DA:422,117
DA:423,117
DA:424,117
DA:447,117
DA:456,117
DA:459,39
DA:462,39
DA:463,0
DA:464,0
DA:466,0
DA:469,39
DA:471,39
DA:472,0
DA:473,0
DA:475,39
DA:476,0
DA:477,0
DA:479,39
DA:484,0
DA:486,0
DA:487,0
DA:490,0
DA:491,0
DA:492,0
DA:493,0
DA:495,0
DA:497,0
DA:498,0
DA:499,0
DA:500,0
DA:501,0
DA:502,0
DA:503,0
DA:504,0
DA:507,0
DA:508,0
DA:509,0
DA:510,0
DA:511,0
DA:512,0
DA:513,0
DA:514,0
DA:516,0
DA:518,0
DA:533,0
DA:538,0
DA:540,0
DA:541,0
DA:542,0
DA:543,0
DA:546,0
DA:548,0
DA:549,0
DA:550,0
DA:551,0
DA:552,0
DA:553,0
DA:554,0
DA:555,0
DA:556,0
DA:557,0
DA:558,0
DA:559,0
DA:560,0
DA:561,0
DA:562,0
DA:563,0
DA:564,0
DA:565,0
DA:566,0
DA:569,39
DA:574,78
DA:575,39
DA:576,0
DA:577,0
DA:579,0
DA:580,0
DA:583,0
DA:584,0
DA:586,0
DA:587,39
DA:588,0
DA:589,39
DA:590,0
DA:591,0
DA:592,39
DA:593,0
DA:594,0
DA:595,39
DA:596,39
DA:597,39
DA:598,39
DA:599,0
DA:600,0
DA:602,39
DA:603,0
DA:604,0
DA:606,39
DA:607,39
DA:610,0
DA:611,0
DA:613,39
DA:614,0
DA:628,0
DA:629,0
DA:631,0
DA:632,0
DA:633,0
DA:634,0
DA:635,0
DA:636,0
DA:638,0
DA:639,0
DA:640,0
DA:645,39
DA:646,39
DA:647,39
DA:648,0
DA:651,39
DA:652,0
DA:653,39
DA:654,0
DA:657,39
DA:658,0
DA:659,0
DA:660,0
DA:661,0
DA:664,39
DA:668,0
DA:670,0
DA:671,0
DA:673,0
DA:674,0
DA:675,0
DA:676,0
DA:677,0
DA:679,0
DA:680,0
DA:682,0
DA:683,0
DA:684,0
DA:686,0
DA:687,0
DA:689,0
DA:690,0
DA:692,0
DA:693,0
DA:695,0
DA:696,0
DA:697,0
DA:699,0
DA:702,0
DA:703,0
DA:705,0
DA:706,0
DA:708,0
DA:709,0
DA:710,0
DA:711,0
DA:712,0
DA:714,0
DA:715,0
DA:717,0
DA:718,0
DA:720,0
DA:722,0
DA:724,0
DA:725,0
DA:727,0
DA:728,0
DA:730,0
DA:731,0
DA:733,0
DA:736,0
DA:737,0
DA:738,0
DA:745,0
DA:746,0
DA:747,0
DA:750,0
DA:751,0
DA:752,0
DA:754,0
DA:757,0
DA:759,0
DA:761,0
DA:768,0
DA:769,0
DA:772,0
DA:773,0
DA:774,0
DA:775,0
DA:777,0
DA:778,0
DA:781,0
DA:783,0
DA:784,0
DA:785,0
DA:786,0
DA:787,0
DA:789,0
DA:791,0
DA:792,0
DA:793,0
DA:795,0
DA:798,0
DA:799,0
DA:803,0
DA:804,0
DA:805,0
DA:807,0
DA:808,0
DA:812,0
DA:813,0
DA:818,0
DA:819,0
DA:820,0
DA:821,0
DA:822,0
DA:825,0
DA:826,0
DA:827,0
DA:828,0
DA:829,0
DA:830,0
DA:835,0
DA:838,0
DA:839,0
DA:840,0
DA:848,0
DA:849,0
DA:853,0
DA:854,0
DA:855,0
DA:856,0
DA:858,0
DA:859,0
DA:860,0
DA:862,0
DA:863,0
DA:864,0
DA:879,0
DA:880,0
DA:882,0
DA:883,0
DA:884,0
DA:885,0
DA:886,0
DA:887,0
DA:890,0
DA:897,0
DA:899,0
DA:900,0
DA:901,0
DA:902,0
DA:906,0
DA:910,0
DA:912,0
DA:913,0
DA:915,0
DA:916,0
DA:917,0
DA:920,0
DA:921,0
DA:922,0
DA:925,0
DA:926,0
DA:927,0
DA:930,0
DA:931,0
DA:933,0
DA:934,0
DA:935,0
DA:937,0
DA:938,0
DA:939,0
DA:942,0
DA:943,0
DA:944,0
DA:947,0
DA:948,0
DA:949,0
DA:951,0
DA:952,0
DA:953,0
DA:954,0
DA:955,0
DA:956,0
DA:958,0
DA:959,0
DA:963,39
DA:968,39
DA:969,39
DA:971,39
DA:972,0
DA:973,0
DA:974,0
DA:975,0
DA:978,39
DA:979,39
DA:980,39
DA:982,39
DA:983,39
DA:984,39
DA:986,39
DA:990,0
DA:995,0
DA:998,0
DA:1000,0
DA:1003,0
DA:1005,0
DA:1012,0
DA:1014,0
DA:1015,0
DA:1016,0
DA:1017,0
DA:1018,0
DA:1019,0
DA:1021,0
DA:1022,0
DA:1023,0
DA:1024,0
DA:1025,0
DA:1028,0
DA:1029,0
DA:1030,0
DA:1031,0
DA:1032,0
DA:1033,0
DA:1034,0
DA:1035,0
DA:1036,0
DA:1037,0
DA:1039,0
DA:1040,0
DA:1042,0
DA:1043,0
DA:1044,0
DA:1045,0
DA:1046,0
DA:1047,0
DA:1048,0
DA:1051,0
DA:1053,0
DA:1054,0
DA:1056,0
DA:1057,0
DA:1058,0
DA:1059,0
DA:1061,0
DA:1063,0
DA:1064,0
DA:1065,0
DA:1066,0
DA:1068,0
DA:1069,0
DA:1070,0
DA:1072,0
DA:1073,0
DA:1074,0
DA:1075,0
DA:1077,0
DA:1078,0
DA:1079,0
DA:1080,0
DA:1081,0
DA:1082,0
DA:1083,0
DA:1086,0
DA:1091,0
DA:1092,0
DA:1095,0
DA:1098,0
DA:1099,0
DA:1100,0
DA:1101,0
DA:1103,0
DA:1105,0
DA:1107,0
DA:1109,0
DA:1110,0
DA:1111,0
DA:1116,0
DA:1117,0
DA:1118,0
DA:1119,0
DA:1120,0
DA:1121,0
DA:1123,0
DA:1124,0
DA:1125,0
DA:1126,0
DA:1128,0
DA:1129,0
DA:1130,0
DA:1131,0
DA:1132,0
DA:1134,0
DA:1135,0
DA:1136,0
DA:1139,0
DA:1141,0
DA:1142,0
DA:1144,0
DA:1146,0
DA:1148,0
DA:1149,0
DA:1151,0
DA:1152,0
DA:1153,0
DA:1154,0
DA:1155,0
DA:1156,0
DA:1157,0
DA:1158,0
DA:1160,0
DA:1161,0
DA:1162,0
DA:1163,0
DA:1165,0
DA:1166,0
DA:1167,0
DA:1168,0
DA:1169,0
DA:1171,0
DA:1172,0
DA:1173,0
DA:1174,0
DA:1175,0
DA:1176,0
DA:1177,0
DA:1180,0
DA:1181,0
DA:1182,0
DA:1184,0
DA:1185,0
DA:1186,0
DA:1188,0
DA:1189,0
DA:1191,0
DA:1192,0
DA:1195,0
DA:1196,0
DA:1197,0
DA:1199,0
DA:1200,0
DA:1202,0
DA:1203,0
DA:1204,0
DA:1206,0
DA:1207,0
DA:1208,0
DA:1210,0
DA:1211,0
DA:1213,0
DA:1214,0
DA:1216,0
DA:1217,0
DA:1220,0
DA:1221,0
DA:1223,0
DA:1224,0
DA:1225,0
DA:1227,0
DA:1228,0
DA:1230,0
DA:1231,0
DA:1233,0
DA:1235,0
DA:1236,0
DA:1238,0
DA:1239,0
DA:1240,0
DA:1241,0
DA:1242,0
DA:1244,0
DA:1245,0
DA:1246,0
DA:1248,0
DA:1249,0
DA:1250,0
DA:1251,0
DA:1252,0
DA:1253,0
DA:1255,0
DA:1256,0
DA:1257,0
DA:1258,0
DA:1260,0
DA:1262,0
DA:1264,0
DA:1265,0
DA:1266,0
DA:1268,0
DA:1269,0
DA:1271,0
DA:1272,0
DA:1273,0
DA:1275,0
DA:1276,0
DA:1277,0
DA:1278,0
DA:1279,0
DA:1282,0
DA:1283,0
DA:1285,0
DA:1287,0
DA:1288,0
DA:1290,0
DA:1291,0
DA:1293,0
DA:1295,0
DA:1296,0
DA:1298,0
DA:1299,0
DA:1300,0
DA:1306,0
DA:1308,0
DA:1309,0
DA:1310,0
DA:1315,0
DA:1323,0
DA:1325,0
DA:1332,0
DA:1334,0
DA:1341,0
DA:1343,0
DA:1350,0
DA:1352,0
DA:1354,0
DA:1355,0
DA:1356,0
DA:1361,0
DA:1369,0
DA:1371,0
DA:1379,0
DA:1381,0
DA:1389,0
DA:1391,0
DA:1401,0
DA:1403,0
DA:1410,0
DA:1412,0
DA:1414,0
DA:1415,0
DA:1416,0
DA:1418,0
DA:1419,0
DA:1421,0
DA:1425,0
DA:1427,0
DA:1428,0
DA:1429,0
DA:1432,0
DA:1433,0
DA:1434,0
DA:1436,0
DA:1440,0
DA:1442,0
DA:1443,0
DA:1444,0
DA:1449,0
DA:1458,0
DA:1460,0
DA:1462,0
DA:1463,0
DA:1464,0
DA:1466,0
DA:1467,0
DA:1468,0
DA:1469,0
DA:1470,0
DA:1471,0
DA:1473,0
DA:1474,0
DA:1479,0
DA:1487,0
DA:1489,0
DA:1491,0
DA:1492,0
DA:1493,0
DA:1495,0
DA:1496,0
DA:1497,0
DA:1498,0
DA:1499,0
DA:1500,0
DA:1502,0
DA:1506,0
DA:1508,0
DA:1509,0
DA:1510,0
DA:1512,0
DA:1513,0
DA:1514,0
DA:1515,0
DA:1517,0
DA:1518,0
DA:1523,0
DA:1525,0
DA:1526,0
DA:1527,0
DA:1529,0
DA:1530,0
DA:1531,0
DA:1532,0
DA:1533,0
DA:1534,0
DA:1536,0
DA:1540,0
DA:1542,0
DA:1544,0
DA:1545,0
DA:1547,0
DA:1548,0
DA:1549,0
DA:1551,0
DA:1553,0
DA:1554,0
DA:1556,0
DA:1557,0
DA:1558,0
DA:1560,0
DA:1562,0
DA:1563,0
DA:1565,0
DA:1566,0
DA:1567,0
DA:1569,0
DA:1573,0
DA:1575,0
DA:1577,0
DA:1578,0
DA:1580,0
DA:1581,0
DA:1582,0
DA:1584,0
DA:1591,0
DA:1598,0
DA:1600,0
DA:1607,0
DA:1609,0
DA:1621,0
DA:1623,0
DA:1631,0
DA:1633,0
DA:1645,0
DA:1647,0
DA:1648,0
DA:1649,0
DA:1651,0
DA:1659,0
DA:1661,0
DA:1669,0
DA:1671,0
DA:1673,0
DA:1674,0
DA:1675,0
DA:1680,0
DA:1682,0
DA:1683,0
DA:1684,0
DA:1689,0
DA:1691,0
DA:1692,0
DA:1693,0
DA:1698,0
DA:1699,0
DA:1700,0
DA:1701,0
DA:1702,0
DA:1704,0
DA:1706,0
DA:1707,0
DA:1710,0
DA:1711,0
DA:1712,0
DA:1713,0
DA:1717,0
DA:1718,0
DA:1719,0
DA:1720,0
DA:1722,0
DA:1723,0
DA:1724,0
DA:1725,0
DA:1726,0
DA:1729,0
DA:1730,0
DA:1732,0
DA:1733,0
DA:1734,0
DA:1735,0
DA:1736,0
DA:1738,0
DA:1739,0
DA:1740,0
DA:1741,0
DA:1742,0
DA:1743,0
DA:1744,0
DA:1745,0
DA:1746,0
DA:1747,0
DA:1748,0
DA:1749,0
DA:1750,0
DA:1751,0
DA:1752,0
DA:1753,0
DA:1754,0
DA:1755,0
DA:1757,0
DA:1762,0
DA:1763,0
DA:1764,0
DA:1766,0
DA:1774,0
DA:1776,0
DA:1777,0
DA:1778,0
DA:1785,0
DA:1787,0
DA:1789,0
DA:1790,0
DA:1795,0
DA:1800,0
DA:1801,0
DA:1802,0
DA:1804,0
DA:1805,0
DA:1806,0
DA:1808,0
DA:1809,0
DA:1810,0
DA:1812,0
DA:1813,0
DA:1814,0
DA:1816,0
DA:1818,0
DA:1819,0
DA:1821,0
DA:1822,0
DA:1823,0
DA:1829,0
DA:1830,0
DA:1832,0
DA:1833,0
DA:1835,0
DA:1836,0
DA:1837,0
DA:1838,0
DA:1839,0
DA:1841,0
DA:1842,0
DA:1843,0
DA:1844,0
DA:1848,0
DA:1850,0
DA:1851,0
DA:1852,0
DA:1854,0
DA:1855,0
DA:1856,0
DA:1861,0
DA:1862,0
DA:1867,0
DA:1868,0
DA:1870,0
DA:1871,0
DA:1872,0
DA:1875,0
DA:1876,0
DA:1878,0
DA:1879,0
DA:1880,0
DA:1881,0
DA:1884,0
DA:1887,0
DA:1888,0
DA:1890,0
DA:1891,0
DA:1892,0
DA:1895,0
DA:1896,0
DA:1898,0
DA:1900,0
DA:1901,0
DA:1902,0
DA:1904,0
DA:1905,0
DA:1906,0
DA:1908,0
DA:1909,0
DA:1910,0
DA:1912,0
DA:1916,0
DA:1924,0
DA:1926,0
DA:1927,0
DA:1929,0
DA:1930,0
DA:1933,0
DA:1937,0
DA:1938,0
DA:1942,0
DA:1943,0
DA:1944,0
DA:1947,0
DA:1948,0
DA:1949,0
DA:1952,0
DA:1955,0
DA:1957,0
DA:1958,0
DA:1959,0
DA:1960,0
DA:1962,0
DA:1963,0
DA:1969,0
DA:1970,0
DA:1972,0
DA:1973,0
DA:1975,0
DA:1976,0
DA:1979,0
DA:1982,0
DA:1983,0
DA:1989,0
DA:1990,0
DA:1991,0
DA:1994,0
DA:1995,0
DA:1996,0
DA:1998,0
DA:2001,0
DA:2002,0
DA:2004,0
DA:2007,0
DA:2010,0
DA:2012,0
DA:2013,0
DA:2017,0
DA:2020,0
DA:2021,0
DA:2022,0
DA:2023,0
DA:2025,0
DA:2026,0
DA:2027,0
DA:2028,0
DA:2030,0
DA:2031,0
DA:2032,0
DA:2033,0
DA:2035,0
DA:2037,0
DA:2039,0
DA:2041,0
DA:2042,0
DA:2043,0
DA:2048,0
DA:2050,0
DA:2051,0
DA:2052,0
DA:2057,0
DA:2059,0
DA:2060,0
DA:2061,0
DA:2066,0
DA:2067,0
DA:2068,0
DA:2070,0
DA:2071,0
DA:2072,0
DA:2073,0
DA:2074,0
DA:2075,0
DA:2076,0
DA:2077,0
DA:2078,0
DA:2079,0
DA:2080,0
DA:2081,0
DA:2082,0
DA:2087,0
DA:2088,0
DA:2089,0
DA:2090,0
DA:2093,0
DA:2094,0
DA:2095,0
DA:2096,0
DA:2100,0
DA:2101,0
DA:2102,0
DA:2103,0
DA:2104,0
DA:2106,0
DA:2108,0
DA:2109,0
DA:2111,0
DA:2113,0
DA:2114,0
DA:2124,0
DA:2128,0
DA:2129,0
DA:2131,0
DA:2132,0
DA:2133,0
DA:2134,0
DA:2135,0
DA:2136,0
DA:2137,0
DA:2138,0
DA:2139,0
DA:2140,0
DA:2141,0
DA:2142,0
DA:2143,0
DA:2144,0
DA:2145,0
DA:2146,0
DA:2147,0
DA:2148,0
DA:2149,0
DA:2150,0
DA:2151,0
DA:2152,0
DA:2153,0
DA:2154,0
DA:2155,0
DA:2156,0
DA:2157,0
DA:2158,0
DA:2161,0
DA:2162,0
DA:2163,0
DA:2165,0
DA:2166,0
DA:2167,0
DA:2169,0
DA:2170,0
DA:2171,0
DA:2173,0
DA:2174,0
DA:2175,0
DA:2176,0
DA:2177,0
DA:2178,0
DA:2179,0
DA:2180,0
DA:2181,0
DA:2182,0
DA:2183,0
DA:2184,0
DA:2185,0
DA:2186,0
DA:2187,0
DA:2188,0
DA:2189,0
DA:2190,0
DA:2191,0
DA:2196,0
DA:2197,0
DA:2199,0
DA:2200,0
DA:2202,0
DA:2203,0
DA:2204,0
DA:2205,0
DA:2207,0
DA:2208,0
DA:2210,0
DA:2211,0
DA:2212,0
DA:2213,0
DA:2215,0
DA:2216,0
DA:2217,0
DA:2219,0
DA:2220,0
DA:2221,0
DA:2222,0
DA:2224,0
DA:2225,0
DA:2227,0
DA:2228,0
DA:2229,0
DA:2230,0
DA:2232,0
DA:2233,0
DA:2234,0
DA:2235,0
DA:2236,0
DA:2238,0
DA:2239,0
DA:2240,0
DA:2241,0
DA:2243,0
DA:2244,0
DA:2245,0
DA:2247,0
DA:2248,0
DA:2249,0
DA:2250,0
DA:2252,0
DA:2253,0
DA:2254,0
DA:2256,0
DA:2257,0
DA:2258,0
DA:2259,0
DA:2261,0
DA:2262,0
DA:2264,0
DA:2265,0
DA:2266,0
DA:2267,0
DA:2269,0
DA:2270,0
DA:2272,0
DA:2273,0
DA:2275,0
DA:2276,0
DA:2278,0
DA:2279,0
DA:2280,0
DA:2282,0
DA:2283,0
DA:2284,0
DA:2285,0
DA:2286,0
DA:2288,0
DA:2289,0
DA:2290,0
DA:2292,0
DA:2293,0
DA:2294,0
DA:2295,0
DA:2296,0
DA:2298,0
DA:2299,0
DA:2301,0
DA:2302,0
DA:2304,0
DA:2306,0
DA:2307,0
DA:2308,0
DA:2313,0
DA:2315,0
DA:2316,0
DA:2317,0
DA:2322,0
DA:2324,0
DA:2325,0
DA:2326,0
DA:2331,0
DA:2333,0
DA:2334,0
DA:2335,0
DA:2340,0
DA:2341,0
DA:2342,0
DA:2343,0
DA:2344,0
DA:2345,0
DA:2347,0
DA:2348,0
DA:2349,0
DA:2351,0
DA:2353,0
DA:2354,0
DA:2356,0
DA:2357,0
DA:2358,0
DA:2360,0
DA:2361,0
DA:2362,0
DA:2364,0
DA:2365,0
DA:2366,0
DA:2368,0
DA:2369,0
DA:2370,0
DA:2372,0
DA:2373,0
DA:2374,0
DA:2378,0
DA:2379,0
DA:2380,0
DA:2381,0
DA:2382,0
DA:2383,0
DA:2384,0
DA:2385,0
DA:2386,0
DA:2387,0
DA:2388,0
DA:2389,0
DA:2390,0
DA:2391,0
DA:2392,0
DA:2393,0
DA:2394,0
DA:2395,0
DA:2396,0
DA:2397,0
DA:2398,0
DA:2399,0
DA:2401,0
DA:2402,0
DA:2403,0
DA:2404,0
DA:2405,0
DA:2407,0
DA:2408,0
DA:2409,0
DA:2411,0
DA:2412,0
DA:2414,0
DA:2415,0
DA:2416,0
DA:2417,0
DA:2418,0
DA:2421,0
DA:2422,0
DA:2424,0
DA:2426,0
DA:2427,0
DA:2429,0
DA:2430,0
DA:2432,0
DA:2433,0
DA:2434,0
DA:2436,0
DA:2437,0
DA:2438,0
DA:2439,0
DA:2440,0
DA:2442,0
DA:2443,0
DA:2448,0
DA:2452,0
DA:2453,0
DA:2455,0
DA:2457,0
DA:2463,0
DA:2464,0
DA:2466,0
DA:2471,0
DA:2472,0
DA:2473,0
DA:2475,0
DA:2488,0
DA:2490,0
DA:2500,0
DA:2502,0
DA:2503,0
DA:2504,0
DA:2506,0
DA:2513,0
DA:2515,0
DA:2517,0
DA:2518,0
DA:2519,0
DA:2520,0
DA:2522,0
DA:2523,0
DA:2524,0
DA:2525,0
DA:2526,0
DA:2527,0
DA:2528,0
DA:2529,0
DA:2530,0
DA:2532,0
DA:2533,0
DA:2534,0
DA:2535,0
DA:2536,0
DA:2537,0
DA:2538,0
DA:2539,0
DA:2540,0
DA:2541,0
DA:2544,0
DA:2545,0
DA:2546,0
DA:2547,0
DA:2548,0
DA:2549,0
DA:2553,0
DA:2554,0
DA:2555,0
DA:2559,0
DA:2560,0
DA:2561,0
DA:2563,0
DA:2564,0
DA:2565,0
DA:2567,0
DA:2568,0
DA:2569,0
DA:2570,0
DA:2571,0
DA:2572,0
DA:2574,0
DA:2575,0
DA:2576,0
DA:2577,0
DA:2579,0
DA:2580,0
DA:2581,0
DA:2586,0
DA:2587,0
DA:2588,0
DA:2590,0
DA:2592,0
DA:2593,0
DA:2594,0
DA:2596,0
DA:2597,0
DA:2598,0
DA:2599,0
DA:2600,0
DA:2601,0
DA:2602,0
DA:2603,0
DA:2604,0
DA:2606,0
DA:2607,0
DA:2612,0
DA:2613,0
DA:2614,0
DA:2616,0
DA:2617,0
DA:2618,0
DA:2620,0
DA:2621,0
DA:2622,0
DA:2623,0
DA:2625,0
DA:2626,0
DA:2628,0
DA:2629,0
DA:2630,0
DA:2632,0
DA:2633,0
DA:2634,0
DA:2636,0
DA:2638,0
DA:2639,0
DA:2640,0
DA:2642,0
DA:2643,0
DA:2644,0
DA:2649,0
DA:2659,0
DA:2661,0
DA:2680,0
DA:2682,0
DA:2699,0
DA:2701,0
DA:2711,0
DA:2713,0
DA:2715,0
DA:2716,0
DA:2717,0
DA:2718,0
DA:2720,0
DA:2722,0
DA:2723,0
DA:2727,0
DA:2728,0
DA:2729,0
DA:2730,0
DA:2733,0
DA:2734,0
DA:2735,0
DA:2736,0
DA:2739,0
DA:2740,0
DA:2741,0
DA:2742,0
DA:2745,0
DA:2746,0
DA:2747,0
DA:2748,0
DA:2751,0
DA:2752,0
DA:2753,0
DA:2754,0
DA:2758,0
DA:2759,0
DA:2760,0
DA:2761,0
DA:2762,0
DA:2763,0
DA:2764,0
DA:2765,0
DA:2767,0
DA:2768,0
DA:2769,0
DA:2771,0
DA:2772,0
DA:2773,0
DA:2774,0
DA:2776,0
DA:2777,0
DA:2778,0
DA:2779,0
DA:2780,0
DA:2783,0
DA:2784,0
DA:2785,0
DA:2786,0
DA:2787,0
DA:2788,0
DA:2791,0
DA:2794,0
DA:2795,0
DA:2796,0
DA:2797,0
DA:2799,0
DA:2806,0
DA:2807,0
DA:2808,0
DA:2810,0
DA:2814,0
DA:2815,0
DA:2816,0
DA:2817,0
DA:2819,0
DA:2820,0
DA:2821,0
DA:2823,0
DA:2824,0
DA:2825,0
DA:2826,0
DA:2827,0
DA:2829,0
DA:2830,0
DA:2831,0
DA:2833,0
DA:2834,0
DA:2836,0
DA:2837,0
DA:2838,0
DA:2843,0
DA:2844,0
DA:2845,0
DA:2847,0
DA:2854,0
DA:2856,0
DA:2863,0
DA:2865,0
DA:2866,0
DA:2867,0
DA:2869,0
DA:2870,0
DA:2871,0
DA:2873,0
DA:2874,0
DA:2875,0
DA:2876,0
DA:2878,0
DA:2880,0
DA:2881,0
DA:2882,0
DA:2887,0
DA:2893,0
DA:2894,0
DA:2895,0
DA:2897,0
DA:2898,0
DA:2899,0
DA:2901,0
DA:2902,0
DA:2921,0
DA:2924,0
DA:2925,0
DA:2930,0
DA:2934,0
DA:2937,0
DA:2945,0
DA:2946,0
DA:2947,0
DA:2948,0
DA:2949,0
DA:2953,0
DA:2954,0
DA:2955,0
DA:2956,0
DA:2959,0
DA:2960,0
DA:2961,0
DA:2962,0
DA:2963,0
DA:2964,0
DA:2967,0
DA:2968,0
DA:2969,0
DA:2971,0
DA:2975,39
DA:2977,39
DA:2978,0
DA:2980,0
DA:2995,39
DA:2999,39
DA:3005,39
DA:3006,0
DA:3007,0
DA:3009,39
DA:3010,39
DA:3014,39
DA:3015,0
DA:3016,0
DA:3017,0
DA:3018,0
DA:3020,0
DA:3024,39
DA:3030,0
DA:3038,0
DA:3039,0
DA:3041,0
DA:3042,0
DA:3043,0
DA:3044,0
DA:3045,0
DA:3046,0
DA:3048,0
DA:3050,0
DA:3054,0
DA:3055,0
DA:3056,0
DA:3057,0
DA:3058,0
DA:3059,0
DA:3061,0
DA:3065,0
DA:3066,0
DA:3067,0
DA:3068,0
DA:3069,0
DA:3070,0
DA:3074,0
DA:3101,0
DA:3106,0
DA:3108,0
DA:3109,0
DA:3110,0
DA:3111,0
DA:3112,0
DA:3113,0
DA:3115,0
DA:3116,0
DA:3119,0
DA:3120,0
DA:3123,0
DA:3127,0
DA:3129,0
DA:3130,0
DA:3131,0
DA:3132,0
DA:3133,0
DA:3134,0
DA:3135,0
DA:3137,0
DA:3138,0
DA:3139,0
DA:3141,0
DA:3143,0
DA:3144,0
DA:3147,0
DA:3151,0
DA:3153,0
DA:3154,0
DA:3155,0
DA:3157,0
DA:3158,0
DA:3161,0
DA:3165,0
DA:3169,0
DA:3170,0
DA:3171,0
DA:3172,0
DA:3173,0
DA:3176,0
DA:3177,0
DA:3178,0
DA:3179,0
DA:3182,0
DA:3183,0
DA:3184,0
DA:3186,0
DA:3187,0
DA:3188,0
DA:3190,0
DA:3191,0
DA:3192,0
DA:3193,0
DA:3196,0
DA:3197,0
DA:3199,0
LF:1664
LH:135
end_of_record
TN:
SF:/home/kadir/mqtt-fuzzing/src/mosquitto/src/conf_includedir.c
FNL:0,145,197
FNA:0,0,config__get_dir_files
FNL:1,54,78
FNA:1,0,scmp_p
FNF:2
FNH:0
DA:54,0
DA:56,0
DA:57,0
DA:60,0
DA:62,0
DA:63,0
DA:65,0
DA:66,0
DA:67,0
DA:71,0
DA:73,0
DA:74,0
DA:77,0
DA:145,0
DA:147,0
DA:148,0
DA:155,0
DA:156,0
DA:157,0
DA:158,0
DA:160,0
DA:161,0
DA:162,0
DA:163,0
DA:165,0
DA:166,0
DA:167,0
DA:168,0
DA:170,0
DA:172,0
DA:173,0
DA:174,0
DA:176,0
DA:177,0
DA:181,0
DA:183,0
DA:184,0
DA:186,0
DA:187,0
DA:189,0
DA:190,0
DA:191,0
DA:192,0
DA:194,0
DA:195,0
DA:196,0
LF:46
LH:0
end_of_record
TN:
SF:/home/kadir/mqtt-fuzzing/src/mosquitto/src/context.c
FNL:0,129,146
FNA:0,117,context__cleanup_out_packets
FNL:1,155,213
FNA:1,39,context__cleanup
FNL:2,216,245
FNA:2,81,context__send_will
FNL:3,248,301
FNA:3,42,context__disconnect
FNL:4,304,316
FNA:4,36,context__add_to_disused
FNL:5,319,349
FNA:5,169,context__free_disused
FNL:6,352,359
FNA:6,9,context__add_to_by_id
FNL:7,362,384
FNA:7,45,context__remove_from_by_id
FNL:8,37,59
FNA:8,39,context__init_sock
FNL:9,61,126
FNA:9,39,context__init
FNF:10
FNH:10
DA:37,39
DA:39,39
DA:41,39
DA:42,39
DA:45,39
DA:49,39
DA:51,39
DA:53,0
DA:56,39
DA:58,39
DA:61,39
DA:65,39
DA:66,39
DA:67,0
DA:70,39
DA:71,39
DA:72,39
DA:73,0
DA:74,0
DA:78,39
DA:82,39
DA:83,39
DA:84,39
DA:85,39
DA:86,39
DA:87,39
DA:88,39
DA:89,39
DA:90,39
DA:91,39
DA:92,39
DA:93,39
DA:94,39
DA:95,39
DA:106,39
DA:108,39
DA:109,39
DA:110,39
DA:111,39
DA:112,39
DA:114,39
DA:115,39
DA:116,39
DA:117,39
DA:118,39
DA:119,39
DA:120,39
DA:125,39
DA:129,117
DA:133,117
DA:134,0
DA:137,117
DA:138,0
DA:139,0
DA:140,0
DA:142,117
DA:143,117
DA:144,117
DA:145,117
DA:155,39
DA:157,39
DA:158,0
DA:161,39
DA:162,39
DA:166,39
DA:167,0
DA:170,39
DA:171,39
DA:173,39
DA:174,39
DA:175,39
DA:177,39
DA:178,39
DA:179,39
DA:181,39
DA:182,39
DA:183,39
DA:185,39
DA:187,39
DA:189,39
DA:191,39
DA:192,9
DA:193,9
DA:195,39
DA:196,39
DA:209,39
DA:210,39
DA:211,39
DA:216,81
DA:218,81
DA:219,1
DA:220,0
DA:221,0
DA:224,1
DA:225,1
DA:226,1
DA:227,1
DA:228,1
DA:229,1
DA:230,1
DA:234,1
DA:235,1
DA:236,1
DA:237,1
DA:238,1
DA:239,1
DA:240,1
DA:241,1
DA:244,81
DA:248,42
DA:250,42
DA:251,3
DA:262,39
DA:264,9
DA:265,9
DA:266,0
DA:267,0
DA:268,0
DA:272,39
DA:274,39
DA:275,36
DA:277,3
DA:280,39
DA:282,39
DA:286,39
DA:287,36
DA:289,36
DA:291,36
DA:294,3
DA:297,39
DA:298,39
DA:299,39
DA:300,39
DA:304,36
DA:306,36
DA:307,0
DA:310,36
DA:312,36
DA:314,36
DA:315,36
DA:319,169
DA:326,169
DA:327,169
DA:328,205
DA:344,36
DA:345,36
DA:346,36
DA:349,169
DA:352,9
DA:354,9
DA:355,9
DA:356,27
DA:357,9
DA:359,9
DA:362,45
DA:366,45
DA:367,30
DA:370,15
DA:371,27
DA:372,9
DA:373,9
DA:375,9
DA:376,9
DA:377,9
DA:380,6
DA:381,6
DA:382,0
LF:167
LH:150
end_of_record
TN:
SF:/home/kadir/mqtt-fuzzing/src/mosquitto/src/control.c
FNL:0,116,175
FNA:0,0,control__register_callback
FNL:1,178,222
FNA:1,39,control__unregister_callback
FNL:2,226,246
FNA:2,0,control__unregister_all_callbacks
FNL:3,31,46
FNA:3,0,control__negative_reply
FNL:4,51,112
FNA:4,0,control__process
FNF:5
FNH:1
DA:31,0
DA:35,0
DA:37,0
DA:38,0
DA:39,0
DA:40,0
DA:42,0
DA:44,0
DA:45,0
DA:51,0
DA:56,0
DA:57,0
DA:61,0
DA:62,0
DA:65,0
DA:66,0
DA:67,0
DA:68,0
DA:69,0
DA:71,0
DA:72,0
DA:74,0
DA:75,0
DA:76,0
DA:77,0
DA:78,0
DA:79,0
DA:80,0
DA:81,0
DA:82,0
DA:83,0
DA:84,0
DA:86,0
DA:87,0
DA:88,0
DA:90,0
DA:93,0
DA:95,0
DA:98,0
DA:99,0
DA:100,0
DA:101,0
DA:103,0
DA:104,0
DA:105,0
DA:106,0
DA:109,0
DA:111,0
DA:116,0
DA:123,0
DA:124,0
DA:126,0
DA:127,0
DA:128,0
DA:130,0
DA:131,0
DA:134,0
DA:136,0
DA:137,0
DA:138,0
DA:141,0
DA:142,0
DA:143,0
DA:145,0
DA:146,0
DA:147,0
DA:148,0
DA:150,0
DA:151,0
DA:152,0
DA:153,0
DA:155,0
DA:157,0
DA:158,0
DA:159,0
DA:160,0
DA:161,0
DA:162,0
DA:164,0
DA:167,0
DA:178,39
DA:187,39
DA:188,0
DA:190,39
DA:191,39
DA:192,0
DA:194,39
DA:195,0
DA:198,39
DA:200,39
DA:201,39
DA:202,0
DA:203,0
DA:204,0
DA:206,0
DA:207,0
DA:208,0
DA:209,0
DA:210,0
DA:213,0
DA:215,39
DA:226,0
DA:233,0
DA:235,0
DA:236,0
DA:237,0
DA:238,0
DA:239,0
DA:240,0
DA:243,0
DA:244,0
DA:246,0
LF:112
LH:9
end_of_record
TN:
SF:/home/kadir/mqtt-fuzzing/src/mosquitto/src/control_common.c
FNL:0,14,33
FNA:0,0,mosquitto_control_command_reply
FNL:1,36,53
FNA:1,0,mosquitto_control_send_response
FNL:2,56,91
FNA:2,0,control__generic_handle_commands
FNL:3,94,151
FNA:3,0,mosquitto_control_generic_callback
FNF:4
FNH:0
DA:14,0
DA:18,0
DA:19,0
DA:20,0
DA:23,0
DA:24,0
DA:25,0
DA:28,0
DA:29,0
DA:32,0
DA:36,0
DA:41,0
DA:42,0
DA:43,0
DA:44,0
DA:47,0
DA:48,0
DA:49,0
DA:50,0
DA:52,0
DA:56,0
DA:60,0
DA:61,0
DA:62,0
DA:63,0
DA:64,0
DA:65,0
DA:66,0
DA:67,0
DA:68,0
DA:70,0
DA:71,0
DA:72,0
DA:73,0
DA:75,0
DA:76,0
DA:80,0
DA:82,0
DA:83,0
DA:86,0
DA:87,0
DA:90,0
DA:94,0
DA:98,0
DA:103,0
DA:104,0
DA:107,0
DA:108,0
DA:109,0
DA:112,0
DA:113,0
DA:114,0
DA:116,0
DA:117,0
DA:118,0
DA:119,0
DA:129,0
DA:131,0
DA:132,0
DA:133,0
DA:134,0
DA:136,0
DA:137,0
DA:138,0
DA:139,0
DA:140,0
DA:141,0
DA:145,0
DA:146,0
DA:148,0
DA:150,0
LF:71
LH:0
end_of_record
TN:
SF:/home/kadir/mqtt-fuzzing/src/mosquitto/src/database.c
FNL:0,1041,1066
FNA:0,0,db__message_store_find
FNL:1,1071,1120
FNA:1,0,db__message_reconnect_reset_outgoing
FNL:2,1124,1182
FNA:2,0,db__message_reconnect_reset_incoming
FNL:3,1185,1194
FNA:3,0,db__message_reconnect_reset
FNL:4,1197,1218
FNA:4,0,db__message_remove_incoming
FNL:5,1221,1277
FNA:5,0,db__message_release_incoming
FNL:6,1280,1311
FNA:6,9,db__expire_all_messages
FNL:7,1314,1340
FNA:7,36,db__client_messages_check_acl
FNL:8,1343,1349
FNA:8,9,db__check_acl_of_all_messages
FNL:9,1352,1450
FNA:9,0,db__message_write_inflight_out_single
FNL:10,140,148
FNA:10,0,db__msg_add_to_inflight_stats
FNL:11,1453,1469
FNA:11,9,db__message_write_inflight_out_all
FNL:12,1472,1516
FNA:12,0,db__message_write_inflight_out_latest
FNL:13,151,159
FNA:13,0,db__msg_remove_from_inflight_stats
FNL:14,1519,1547
FNA:14,0,db__message_write_queued_in
FNL:15,1550,1559
FNA:15,9,db__message_write_queued_out
FNL:16,162,170
FNA:16,0,db__msg_add_to_queued_stats
FNL:17,173,181
FNA:17,0,db__msg_remove_from_queued_stats
FNL:18,184,216
FNA:18,39,db__open
FNL:19,219,236
FNA:19,195,subhier_clean
FNL:20,239,247
FNA:20,39,db__close
FNL:21,250,263
FNA:21,2221,db__msg_store_add
FNL:22,266,280
FNA:22,2221,db__msg_store_free
FNL:23,283,295
FNA:23,2221,db__msg_store_remove
FNL:24,298,305
FNA:24,39,db__msg_store_clean
FNL:25,308,311
FNA:25,4441,db__msg_store_ref_inc
FNL:26,314,321
FNA:26,4441,db__msg_store_ref_dec
FNL:27,324,333
FNA:27,39,db__msg_store_compact
FNL:28,336,351
FNA:28,0,db__message_remove_inflight
FNL:29,354,369
FNA:29,0,db__message_remove_queued
FNL:30,37,88
FNA:30,0,db__ready_for_flight
FNL:31,372,398
FNA:31,18,db__fill_inflight_out_from_queue
FNL:32,401,416
FNA:32,0,db__message_dequeue_first
FNL:33,419,464
FNA:33,0,db__message_delete_outgoing
FNL:34,468,555
FNA:34,0,db__message_insert_incoming
FNL:35,558,745
FNA:35,0,db__message_insert_outgoing
FNL:36,748,768
FNA:36,0,db__message_update_outgoing_state
FNL:37,771,780
FNA:37,0,db__message_update_outgoing
FNL:38,783,793
FNA:38,156,db__messages_delete_list
FNL:39,796,814
FNA:39,39,db__messages_delete_incoming
FNL:40,817,835
FNA:40,39,db__messages_delete_outgoing
FNL:41,838,855
FNA:41,39,db__messages_delete
FNL:42,858,918
FNA:42,2221,db__messages_easy_queue
FNL:43,944,982
FNA:43,2221,db__new_msg_id
FNL:44,986,1038
FNA:44,2221,db__message_store
FNL:45,99,137
FNA:45,0,db__ready_for_queue
FNF:46
FNH:23
DA:37,0
DA:43,0
DA:44,0
DA:46,0
DA:49,0
DA:50,0
DA:53,0
DA:59,0
DA:60,0
DA:62,0
DA:63,0
DA:64,0
DA:66,0
DA:69,0
DA:70,0
DA:72,0
DA:73,0
DA:76,0
DA:77,0
DA:79,0
DA:80,0
DA:82,0
DA:83,0
DA:87,0
DA:99,0
DA:104,0
DA:108,0
DA:109,0
DA:112,0
DA:113,0
DA:115,0
DA:116,0
DA:118,0
DA:121,0
DA:122,0
DA:123,0
DA:126,0
DA:127,0
DA:129,0
DA:130,0
DA:132,0
DA:133,0
DA:136,0
DA:140,0
DA:142,0
DA:143,0
DA:144,0
DA:145,0
DA:146,0
DA:148,0
DA:151,0
DA:153,0
DA:154,0
DA:155,0
DA:156,0
DA:157,0
DA:159,0
DA:162,0
DA:164,0
DA:165,0
DA:166,0
DA:167,0
DA:168,0
DA:170,0
DA:173,0
DA:175,0
DA:176,0
DA:177,0
DA:178,0
DA:179,0
DA:181,0
DA:184,39
DA:186,39
DA:187,0
DA:190,39
DA:191,39
DA:192,39
DA:194,39
DA:195,39
DA:199,39
DA:201,39
DA:202,39
DA:204,39
DA:205,39
DA:207,39
DA:210,39
DA:211,0
DA:215,39
DA:219,195
DA:224,312
DA:225,117
DA:226,117
DA:227,0
DA:228,0
DA:229,0
DA:231,117
DA:233,117
DA:234,117
DA:236,195
DA:239,39
DA:241,39
DA:242,39
DA:243,39
DA:244,39
DA:246,39
DA:250,2221
DA:255,2221
DA:256,4195
DA:257,2221
DA:258,2221
DA:259,2221
DA:261,0
DA:266,2221
DA:268,2221
DA:269,2221
DA:270,2221
DA:271,0
DA:272,0
DA:274,0
DA:276,2221
DA:277,2221
DA:278,2221
DA:279,2221
DA:280,2221
DA:283,2221
DA:285,2221
DA:286,0
DA:288,2221
DA:289,2221
DA:290,2221
DA:291,2221
DA:292,2221
DA:294,2221
DA:298,39
DA:302,39
DA:303,0
DA:305,39
DA:308,4441
DA:310,4441
DA:311,4441
DA:314,4441
DA:316,4441
DA:317,4441
DA:318,2221
DA:319,2221
DA:321,4441
DA:324,39
DA:328,39
DA:329,0
DA:330,0
DA:333,39
DA:336,0
DA:338,0
DA:339,0
DA:342,0
DA:344,0
DA:345,0
DA:346,0
DA:347,0
DA:350,0
DA:354,0
DA:356,0
DA:357,0
DA:360,0
DA:362,0
DA:363,0
DA:364,0
DA:365,0
DA:368,0
DA:372,18
DA:376,18
DA:377,0
DA:378,0
DA:380,0
DA:381,0
DA:382,0
DA:383,0
DA:384,0
DA:385,0
DA:386,0
DA:387,0
DA:388,0
DA:389,0
DA:391,0
DA:392,0
DA:393,0
DA:395,0
DA:396,0
DA:401,0
DA:407,0
DA:408,0
DA:409,0
DA:410,0
DA:411,0
DA:414,0
DA:415,0
DA:416,0
DA:419,0
DA:422,0
DA:424,0
DA:425,0
DA:428,0
DA:429,0
DA:430,0
DA:431,0
DA:432,0
DA:433,0
DA:434,0
DA:435,0
DA:436,0
DA:437,0
DA:439,0
DA:440,0
DA:441,0
DA:445,0
DA:446,0
DA:447,0
DA:448,0
DA:449,0
DA:450,0
DA:451,0
DA:453,0
DA:454,0
DA:458,0
DA:460,0
DA:463,0
DA:468,0
DA:472,0
DA:473,0
DA:475,0
DA:476,0
DA:477,0
DA:479,0
DA:481,0
DA:484,0
DA:486,0
DA:487,0
DA:488,0
DA:489,0
DA:490,0
DA:493,0
DA:494,0
DA:495,0
DA:499,0
DA:500,0
DA:502,0
DA:505,0
DA:508,0
DA:509,0
DA:513,0
DA:514,0
DA:515,0
DA:517,0
DA:518,0
DA:519,0
DA:520,0
DA:522,0
DA:524,0
DA:525,0
DA:526,0
DA:527,0
DA:528,0
DA:529,0
DA:530,0
DA:531,0
DA:533,0
DA:535,0
DA:536,0
DA:538,0
DA:539,0
DA:540,0
DA:542,0
DA:543,0
DA:546,0
DA:547,0
DA:548,0
DA:551,0
DA:552,0
DA:554,0
DA:558,0
DA:562,0
DA:563,0
DA:566,0
DA:567,0
DA:568,0
DA:570,0
DA:572,0
DA:575,0
DA:577,0
DA:586,0
DA:587,0
DA:588,0
DA:590,0
DA:591,0
DA:593,0
DA:597,0
DA:599,0
DA:600,0
DA:601,0
DA:603,0
DA:604,0
DA:608,0
DA:609,0
DA:613,0
DA:614,0
DA:615,0
DA:616,0
DA:617,0
DA:618,0
DA:619,0
DA:620,0
DA:621,0
DA:622,0
DA:623,0
DA:624,0
DA:626,0
DA:627,0
DA:628,0
DA:631,0
DA:632,0
DA:633,0
DA:637,0
DA:638,0
DA:641,0
DA:642,0
DA:644,0
DA:645,0
DA:646,0
DA:647,0
DA:651,0
DA:654,0
DA:657,0
DA:658,0
DA:662,0
DA:663,0
DA:664,0
DA:666,0
DA:667,0
DA:668,0
DA:669,0
DA:671,0
DA:673,0
DA:674,0
DA:675,0
DA:676,0
DA:677,0
DA:678,0
DA:679,0
DA:680,0
DA:682,0
DA:684,0
DA:685,0
DA:687,0
DA:688,0
DA:689,0
DA:691,0
DA:692,0
DA:695,0
DA:696,0
DA:697,0
DA:700,0
DA:708,0
DA:709,0
DA:710,0
DA:711,0
DA:712,0
DA:713,0
DA:714,0
DA:717,0
DA:721,0
DA:722,0
DA:723,0
DA:725,0
DA:729,0
DA:730,0
DA:733,0
DA:734,0
DA:735,0
DA:736,0
DA:738,0
DA:739,0
DA:740,0
DA:744,0
DA:748,0
DA:753,0
DA:754,0
DA:755,0
DA:756,0
DA:757,0
DA:758,0
DA:760,0
DA:761,0
DA:762,0
DA:764,0
DA:767,0
DA:771,0
DA:775,0
DA:776,0
DA:777,0
DA:779,0
DA:783,156
DA:787,156
DA:788,0
DA:789,0
DA:790,0
DA:792,156
DA:793,156
DA:796,39
DA:798,39
DA:799,0
DA:802,39
DA:803,39
DA:804,39
DA:805,39
DA:806,39
DA:807,39
DA:808,39
DA:809,39
DA:810,39
DA:811,39
DA:813,39
DA:817,39
DA:819,39
DA:820,0
DA:823,39
DA:824,39
DA:825,39
DA:826,39
DA:827,39
DA:828,39
DA:829,39
DA:830,39
DA:831,39
DA:832,39
DA:834,39
DA:838,39
DA:840,39
DA:841,0
DA:844,39
DA:845,39
DA:848,39
DA:849,0
DA:851,39
DA:854,39
DA:858,2221
DA:864,2221
DA:865,0
DA:868,2221
DA:869,2221
DA:870,0
DA:873,2221
DA:874,2221
DA:875,0
DA:876,0
DA:879,2221
DA:880,2221
DA:881,0
DA:883,2221
DA:886,2221
DA:887,2221
DA:888,2221
DA:889,2221
DA:890,0
DA:891,0
DA:894,2221
DA:895,2221
DA:898,2221
DA:899,1
DA:901,2220
DA:903,2221
DA:904,1
DA:905,1
DA:908,2221
DA:909,1
DA:911,2220
DA:913,2221
DA:914,0
DA:917,2221
DA:944,2221
DA:957,2221
DA:966,2221
DA:967,2221
DA:968,2221
DA:970,2221
DA:971,2221
DA:973,2221
DA:974,2221
DA:976,2221
DA:977,0
DA:979,2221
DA:981,2221
DA:986,2221
DA:990,2221
DA:992,2221
DA:993,1
DA:995,2220
DA:997,2221
DA:998,0
DA:999,0
DA:1000,0
DA:1003,2221
DA:1004,0
DA:1005,0
DA:1006,0
DA:1007,0
DA:1010,2221
DA:1011,1
DA:1013,2221
DA:1014,2221
DA:1015,2221
DA:1016,0
DA:1018,2221
DA:1022,2221
DA:1023,2221
DA:1024,2221
DA:1025,2221
DA:1027,2221
DA:1028,2221
DA:1031,2221
DA:1032,2221
DA:1033,0
DA:1034,0
DA:1037,2221
DA:1041,0
DA:1045,0
DA:1047,0
DA:1048,0
DA:1051,0
DA:1052,0
DA:1053,0
DA:1054,0
DA:1058,0
DA:1059,0
DA:1060,0
DA:1061,0
DA:1065,0
DA:1071,0
DA:1075,0
DA:1076,0
DA:1077,0
DA:1078,0
DA:1079,0
DA:1080,0
DA:1081,0
DA:1082,0
DA:1083,0
DA:1085,0
DA:1086,0
DA:1087,0
DA:1088,0
DA:1091,0
DA:1092,0
DA:1093,0
DA:1094,0
DA:1095,0
DA:1096,0
DA:1097,0
DA:1098,0
DA:1099,0
DA:1100,0
DA:1102,0
DA:1104,0
DA:1106,0
DA:1114,0
DA:1115,0
DA:1117,0
DA:1119,0
DA:1124,0
DA:1128,0
DA:1129,0
DA:1130,0
DA:1131,0
DA:1132,0
DA:1133,0
DA:1134,0
DA:1135,0
DA:1136,0
DA:1138,0
DA:1139,0
DA:1140,0
DA:1141,0
DA:1144,0
DA:1147,0
DA:1151,0
DA:1161,0
DA:1162,0
DA:1163,0
DA:1164,0
DA:1165,0
DA:1166,0
DA:1167,0
DA:1168,0
DA:1169,0
DA:1170,0
DA:1171,0
DA:1172,0
DA:1173,0
DA:1174,0
DA:1176,0
DA:1177,0
DA:1181,0
DA:1185,0
DA:1189,0
DA:1190,0
DA:1191,0
DA:1193,0
DA:1197,0
DA:1201,0
DA:1202,0
DA:1205,0
DA:1206,0
DA:1207,0
DA:1208,0
DA:1209,0
DA:1210,0
DA:1212,0
DA:1213,0
DA:1217,0
DA:1221,0
DA:1224,0
DA:1227,0
DA:1228,0
DA:1231,0
DA:1232,0
DA:1233,0
DA:1234,0
DA:1235,0
DA:1236,0
DA:1238,0
DA:1239,0
DA:1245,0
DA:1246,0
DA:1247,0
DA:1249,0
DA:1250,0
DA:1251,0
DA:1252,0
DA:1254,0
DA:1260,0
DA:1261,0
DA:1262,0
DA:1265,0
DA:1266,0
DA:1267,0
DA:1268,0
DA:1269,0
DA:1272,0
DA:1273,0
DA:1275,0
DA:1280,9
DA:1284,9
DA:1285,0
DA:1286,0
DA:1287,0
DA:1289,0
DA:1292,9
DA:1293,9
DA:1294,0
DA:1295,0
DA:1298,9
DA:1299,0
DA:1300,0
DA:1301,0
DA:1303,0
DA:1306,9
DA:1307,0
DA:1308,0
DA:1311,9
DA:1314,36
DA:1321,36
DA:1322,0
DA:1323,0
DA:1324,0
DA:1326,0
DA:1328,0
DA:1333,0
DA:1334,0
DA:1335,0
DA:1336,0
DA:1337,0
DA:1340,36
DA:1343,9
DA:1345,9
DA:1346,9
DA:1347,9
DA:1348,9
DA:1349,9
DA:1352,0
DA:1355,0
DA:1367,0
DA:1369,0
DA:1370,0
DA:1371,0
DA:1373,0
DA:1374,0
DA:1376,0
DA:1377,0
DA:1378,0
DA:1380,0
DA:1383,0
DA:1384,0
DA:1385,0
DA:1386,0
DA:1387,0
DA:1388,0
DA:1389,0
DA:1390,0
DA:1391,0
DA:1393,0
DA:1394,0
DA:1395,0
DA:1396,0
DA:1397,0
DA:1399,0
DA:1401,0
DA:1403,0
DA:1404,0
DA:1405,0
DA:1406,0
DA:1407,0
DA:1408,0
DA:1409,0
DA:1410,0
DA:1412,0
DA:1414,0
DA:1416,0
DA:1417,0
DA:1418,0
DA:1419,0
DA:1420,0
DA:1421,0
DA:1422,0
DA:1423,0
DA:1425,0
DA:1427,0
DA:1429,0
DA:1430,0
DA:1431,0
DA:1432,0
DA:1433,0
DA:1435,0
DA:1437,0
DA:1439,0
DA:1447,0
DA:1449,0
DA:1453,9
DA:1458,9
DA:1459,0
DA:1462,9
DA:1463,0
DA:1464,0
DA:1465,0
DA:1468,9
DA:1472,0
DA:1477,0
DA:1478,0
DA:1479,0
DA:1481,0
DA:1484,0
DA:1486,0
DA:1491,0
DA:1492,0
DA:1493,0
DA:1494,0
DA:1495,0
DA:1497,0
DA:1503,0
DA:1504,0
DA:1507,0
DA:1508,0
DA:1509,0
DA:1510,0
DA:1511,0
DA:1513,0
DA:1515,0
DA:1519,0
DA:1524,0
DA:1525,0
DA:1528,0
DA:1529,0
DA:1530,0
DA:1533,0
DA:1534,0
DA:1535,0
DA:1536,0
DA:1537,0
DA:1538,0
DA:1539,0
DA:1541,0
DA:1542,0
DA:1546,0
DA:1550,9
DA:1552,9
DA:1553,0
DA:1556,9
DA:1558,9
LF:796
LH:190
end_of_record
TN:
SF:/home/kadir/mqtt-fuzzing/src/mosquitto/src/handle_auth.c
FNL:0,33,172
FNA:0,0,handle__auth
FNF:1
FNH:0
DA:33,0
DA:35,0
DA:36,0
DA:37,0
DA:38,0
DA:39,0
DA:40,0
DA:41,0
DA:42,0
DA:44,0
DA:45,0
DA:48,0
DA:49,0
DA:50,0
DA:52,0
DA:53,0
DA:54,0
DA:56,0
DA:57,0
DA:60,0
DA:61,0
DA:62,0
DA:64,0
DA:65,0
DA:67,0
DA:68,0
DA:70,0
DA:73,0
DA:74,0
DA:75,0
DA:77,0
DA:78,0
DA:80,0
DA:81,0
DA:84,0
DA:85,0
DA:86,0
DA:87,0
DA:91,0
DA:92,0
DA:93,0
DA:94,0
DA:96,0
DA:99,0
DA:101,0
DA:102,0
DA:103,0
DA:104,0
DA:106,0
DA:108,0
DA:110,0
DA:112,0
DA:115,0
DA:118,0
DA:120,0
DA:121,0
DA:123,0
DA:124,0
DA:126,0
DA:128,0
DA:129,0
DA:130,0
DA:131,0
DA:133,0
DA:134,0
DA:135,0
DA:136,0
DA:138,0
DA:139,0
DA:140,0
DA:141,0
DA:143,0
DA:144,0
DA:146,0
DA:148,0
DA:149,0
DA:150,0
DA:151,0
DA:153,0
DA:155,0
DA:156,0
DA:158,0
DA:159,0
DA:160,0
DA:162,0
DA:164,0
DA:166,0
DA:167,0
DA:169,0
LF:89
LH:0
end_of_record
TN:
SF:/home/kadir/mqtt-fuzzing/src/mosquitto/src/handle_connack.c
FNL:0,105,209
FNA:0,0,handle__connack
FNL:1,31,102
FNA:1,0,handle__connack_properties
FNF:2
FNH:0
DA:31,0
DA:34,0
DA:36,0
DA:42,0
DA:43,0
DA:44,0
DA:48,0
DA:50,0
DA:51,0
DA:55,0
DA:58,0
DA:59,0
DA:64,0
DA:65,0
DA:66,0
DA:67,0
DA:68,0
DA:72,0
DA:76,0
DA:77,0
DA:82,0
DA:85,0
DA:89,0
DA:92,0
DA:93,0
DA:95,0
DA:99,0
DA:101,0
DA:105,0
DA:111,0
DA:112,0
DA:114,0
DA:115,0
DA:116,0
DA:118,0
DA:119,0
DA:121,0
DA:122,0
DA:123,0
DA:125,0
DA:126,0
DA:129,0
DA:130,0
DA:134,0
DA:136,0
DA:138,0
DA:139,0
DA:140,0
DA:143,0
DA:144,0
DA:145,0
DA:149,0
DA:151,0
DA:152,0
DA:153,0
DA:154,0
DA:158,0
DA:159,0
DA:160,0
DA:161,0
DA:163,0
DA:164,0
DA:166,0
DA:167,0
DA:168,0
DA:169,0
DA:170,0
DA:171,0
DA:172,0
DA:173,0
DA:174,0
DA:176,0
DA:177,0
DA:178,0
DA:179,0
DA:180,0
DA:183,0
DA:184,0
DA:185,0
DA:186,0
DA:188,0
DA:189,0
DA:190,0
DA:191,0
DA:192,0
DA:193,0
DA:194,0
DA:195,0
DA:196,0
DA:197,0
DA:198,0
DA:199,0
DA:200,0
DA:201,0
DA:202,0
DA:203,0
DA:204,0
LF:97
LH:0
end_of_record
TN:
SF:/home/kadir/mqtt-fuzzing/src/mosquitto/src/handle_connect.c
FNL:0,1033,1049
FNA:0,0,handle_username_as_clientid_option
FNL:1,1052,1311
FNA:1,9,handle__connect
FNL:2,334,439
FNA:2,1,will__read
FNL:3,40,47
FNA:3,192,nibble_to_hex
FNL:4,442,456
FNA:4,9,check_protocol_version
FNL:5,459,463
FNA:5,0,send__connack_error_and_return
FNL:6,475,501
FNA:6,9,read_protocol_name
FNL:7,50,82
FNA:7,6,clientid_gen
FNL:8,504,574
FNA:8,9,read_and_verify_protocol_version
FNL:9,577,593
FNA:9,9,read_and_verify_connect_flags
FNL:10,596,605
FNA:10,9,set_session_expiry_interval
FNL:11,608,622
FNA:11,9,read_and_reset_keepalive
FNL:12,625,646
FNA:12,9,read_and_verify_v5_connect_properties
FNL:13,649,672
FNA:13,9,verify_will_options
FNL:14,675,709
FNA:14,6,handle_zero_length_clientid
FNL:15,712,721
FNA:15,9,check_clientid_prefixes
FNL:16,724,753
FNA:16,9,read_and_verify_clientid_from_packet
FNL:17,756,776
FNA:17,0,set_username_from_packet
FNL:18,779,799
FNA:18,0,set_password_from_packet
FNL:19,802,831
FNA:19,9,read_and_verify_client_credentials_from_packet
FNL:20,834,847
FNA:20,9,check_additional_trailing_data
FNL:21,85,331
FNA:21,9,connect__on_authorised
FNL:22,974,1030
FNA:22,9,handle_username_from_cert_options
FNF:23
FNH:19
DA:40,192
DA:42,192
DA:43,113
DA:45,79
DA:50,6
DA:56,6
DA:57,0
DA:60,6
DA:62,6
DA:63,6
DA:64,0
DA:66,6
DA:67,6
DA:70,6
DA:71,102
DA:72,96
DA:73,96
DA:74,96
DA:75,96
DA:76,24
DA:77,24
DA:81,6
DA:85,9
DA:89,9
DA:90,9
DA:96,9
DA:97,9
DA:99,0
DA:107,0
DA:108,0
DA:109,0
DA:110,0
DA:112,0
DA:113,0
DA:115,0
DA:116,0
DA:117,0
DA:120,0
DA:121,0
DA:123,0
DA:124,0
DA:125,0
DA:126,0
DA:128,0
DA:129,0
DA:130,0
DA:132,0
DA:133,0
DA:135,0
DA:136,0
DA:137,0
DA:138,0
DA:140,0
DA:142,0
DA:143,0
DA:144,0
DA:145,0
DA:146,0
DA:147,0
DA:148,0
DA:150,0
DA:151,0
DA:152,0
DA:153,0
DA:154,0
DA:155,0
DA:157,0
DA:160,0
DA:161,0
DA:162,0
DA:163,0
DA:164,0
DA:166,0
DA:173,0
DA:174,0
DA:175,0
DA:178,0
DA:181,0
DA:182,0
DA:183,0
DA:185,0
DA:186,0
DA:187,0
DA:188,0
DA:189,0
DA:191,0
DA:194,9
DA:195,0
DA:196,0
DA:198,0
DA:199,0
DA:202,9
DA:203,9
DA:204,0
DA:205,0
DA:206,0
DA:208,0
DA:209,0
DA:212,9
DA:213,0
DA:214,0
DA:216,9
DA:217,9
DA:221,9
DA:222,1
DA:223,1
DA:224,1
DA:225,1
DA:227,1
DA:229,8
DA:241,9
DA:242,9
DA:246,9
DA:247,9
DA:250,9
DA:251,0
DA:254,9
DA:256,9
DA:257,0
DA:259,0
DA:260,0
DA:261,0
DA:262,0
DA:263,0
DA:264,0
DA:265,0
DA:268,0
DA:269,0
DA:270,0
DA:275,9
DA:276,5
DA:277,5
DA:278,0
DA:279,0
DA:282,5
DA:283,3
DA:284,0
DA:285,0
DA:288,5
DA:289,0
DA:290,0
DA:291,0
DA:294,0
DA:295,0
DA:296,0
DA:297,0
DA:302,9
DA:304,9
DA:305,9
DA:306,9
DA:307,9
DA:308,0
DA:310,9
DA:311,9
DA:312,9
DA:313,0
DA:315,9
DA:317,9
DA:318,9
DA:320,9
DA:321,3
DA:322,6
DA:323,1
DA:326,9
DA:327,0
DA:328,0
DA:329,0
DA:330,0
DA:334,1
DA:336,1
DA:339,1
DA:340,1
DA:342,1
DA:344,1
DA:345,1
DA:346,0
DA:347,0
DA:349,1
DA:350,0
DA:351,0
DA:352,0
DA:355,0
DA:356,0
DA:357,0
DA:358,0
DA:361,1
DA:362,1
DA:363,0
DA:365,1
DA:366,0
DA:368,0
DA:369,0
DA:372,1
DA:373,0
DA:374,0
DA:375,0
DA:376,0
DA:377,0
DA:380,0
DA:381,0
DA:383,0
DA:384,0
DA:387,1
DA:388,0
DA:389,0
DA:391,1
DA:392,1
DA:393,0
DA:396,1
DA:397,1
DA:398,0
DA:401,1
DA:402,1
DA:403,1
DA:404,0
DA:405,0
DA:406,0
DA:408,0
DA:410,0
DA:411,0
DA:413,1
DA:414,1
DA:415,0
DA:416,0
DA:419,1
DA:420,1
DA:421,0
DA:425,1
DA:426,1
DA:428,1
DA:429,1
DA:431,0
DA:432,0
DA:433,0
DA:434,0
DA:435,0
DA:436,0
DA:438,0
DA:442,9
DA:445,9
DA:447,9
DA:448,9
DA:449,5
DA:452,9
DA:454,0
DA:459,0
DA:461,0
DA:462,0
DA:475,9
DA:481,9
DA:483,9
DA:484,0
DA:485,0
DA:486,0
DA:488,9
DA:489,0
DA:490,0
DA:491,0
DA:493,9
DA:494,0
DA:495,0
DA:496,0
DA:498,9
DA:500,9
DA:504,9
DA:507,9
DA:508,9
DA:509,0
DA:510,0
DA:511,0
DA:514,9
DA:515,0
DA:516,0
DA:517,0
DA:519,0
DA:520,0
DA:522,0
DA:525,9
DA:526,0
DA:527,0
DA:528,0
DA:529,0
DA:531,0
DA:532,0
DA:534,0
DA:535,0
DA:536,0
DA:538,9
DA:539,9
DA:540,4
DA:542,4
DA:543,0
DA:545,5
DA:546,5
DA:548,0
DA:549,0
DA:550,0
DA:552,0
DA:553,0
DA:555,9
DA:557,0
DA:558,0
DA:559,0
DA:562,0
DA:563,0
DA:564,0
DA:566,0
DA:568,9
DA:569,0
DA:572,9
DA:573,9
DA:577,9
DA:579,9
DA:580,0
DA:581,0
DA:582,0
DA:584,9
DA:585,9
DA:586,0
DA:587,0
DA:588,0
DA:592,9
DA:596,9
DA:599,9
DA:601,0
DA:603,9
DA:605,9
DA:608,9
DA:612,9
DA:614,9
DA:615,0
DA:617,0
DA:619,9
DA:621,9
DA:625,9
DA:629,9
DA:630,5
DA:631,5
DA:632,0
DA:633,5
DA:634,0
DA:636,5
DA:637,0
DA:640,9
DA:641,9
DA:642,0
DA:645,9
DA:649,9
DA:651,9
DA:652,0
DA:653,0
DA:654,0
DA:657,9
DA:658,0
DA:659,0
DA:661,0
DA:664,9
DA:665,0
DA:666,0
DA:668,0
DA:671,9
DA:675,6
DA:678,6
DA:679,0
DA:680,0
DA:681,0
DA:682,0
DA:686,6
DA:688,6
DA:689,0
DA:691,6
DA:694,6
DA:695,0
DA:696,0
DA:697,0
DA:698,0
DA:701,12
DA:702,6
DA:703,6
DA:704,0
DA:706,6
DA:708,6
DA:712,9
DA:714,9
DA:715,0
DA:716,0
DA:717,0
DA:720,9
DA:724,9
DA:730,9
DA:731,9
DA:732,0
DA:733,0
DA:735,0
DA:736,9
DA:737,0
DA:740,9
DA:741,6
DA:742,6
DA:743,0
DA:747,9
DA:748,9
DA:749,0
DA:752,9
DA:756,0
DA:760,0
DA:761,0
DA:762,0
DA:764,0
DA:765,0
DA:769,0
DA:771,0
DA:775,0
DA:779,0
DA:783,0
DA:784,0
DA:785,0
DA:788,0
DA:789,0
DA:792,0
DA:794,0
DA:798,0
DA:802,9
DA:809,9
DA:810,0
DA:811,0
DA:812,0
DA:815,9
DA:816,4
DA:818,0
DA:819,0
DA:823,9
DA:824,0
DA:825,0
DA:826,0
DA:830,9
DA:834,9
DA:836,9
DA:838,0
DA:840,0
DA:841,0
DA:843,0
DA:846,9
DA:974,9
DA:1021,9
DA:1022,9
DA:1023,9
DA:1024,9
DA:1025,9
DA:1029,9
DA:1033,0
DA:1035,0
DA:1036,0
DA:1037,0
DA:1038,0
DA:1039,0
DA:1042,0
DA:1045,0
DA:1048,0
DA:1052,9
DA:1057,9
DA:1059,9
DA:1062,9
DA:1063,9
DA:1065,9
DA:1066,9
DA:1067,9
DA:1068,9
DA:1069,9
DA:1072,9
DA:1073,0
DA:1077,9
DA:1078,0
DA:1079,0
DA:1080,0
DA:1081,0
DA:1093,9
DA:1094,9
DA:1095,0
DA:1098,9
DA:1099,9
DA:1100,0
DA:1101,0
DA:1103,0
DA:1106,9
DA:1107,9
DA:1108,0
DA:1111,9
DA:1112,9
DA:1114,9
DA:1115,9
DA:1116,0
DA:1119,9
DA:1120,9
DA:1121,0
DA:1124,9
DA:1125,9
DA:1126,9
DA:1127,9
DA:1128,9
DA:1129,0
DA:1132,9
DA:1133,9
DA:1134,9
DA:1136,9
DA:1137,0
DA:1138,0
DA:1139,0
DA:1140,0
DA:1141,0
DA:1144,9
DA:1145,9
DA:1146,0
DA:1149,9
DA:1150,1
DA:1151,1
DA:1152,0
DA:1153,0
DA:1154,0
DA:1155,0
DA:1156,0
DA:1159,0
DA:1162,8
DA:1163,8
DA:1164,0
DA:1166,0
DA:1167,0
DA:1173,9
DA:1174,9
DA:1175,9
DA:1176,9
DA:1177,0
DA:1180,9
DA:1181,9
DA:1182,0
DA:1188,9
DA:1189,9
DA:1192,9
DA:1193,9
DA:1194,0
DA:1198,9
DA:1199,0
DA:1200,0
DA:1201,0
DA:1206,9
DA:1207,9
DA:1208,0
DA:1209,0
DA:1212,9
DA:1213,9
DA:1214,9
DA:1216,9
DA:1217,0
DA:1218,0
DA:1219,0
DA:1220,0
DA:1221,0
DA:1222,0
DA:1223,0
DA:1224,0
DA:1225,0
DA:1227,0
DA:1228,0
DA:1229,0
DA:1230,0
DA:1231,0
DA:1232,0
DA:1233,0
DA:1235,0
DA:1236,0
DA:1237,0
DA:1239,0
DA:1240,0
DA:1250,9
DA:1251,9
DA:1252,9
DA:1253,9
DA:1254,0
DA:1255,0
DA:1256,0
DA:1257,0
DA:1259,0
DA:1260,0
DA:1261,0
DA:1263,0
DA:1265,0
DA:1267,0
DA:1276,0
DA:1277,0
DA:1279,0
DA:1281,0
DA:1283,0
DA:1284,0
DA:1285,0
DA:1289,9
DA:1293,0
DA:1294,0
DA:1295,0
DA:1296,0
DA:1297,0
DA:1298,0
DA:1299,0
DA:1300,0
DA:1301,0
DA:1302,0
DA:1303,0
DA:1305,0
DA:1307,0
DA:1308,0
DA:1309,0
DA:1310,0
LF:611
LH:253
end_of_record
TN:
SF:/home/kadir/mqtt-fuzzing/src/mosquitto/src/handle_disconnect.c
FNL:0,30,83
FNA:0,0,handle__disconnect
FNF:1
FNH:0
DA:30,0
DA:33,0
DA:34,0
DA:36,0
DA:37,0
DA:40,0
DA:41,0
DA:42,0
DA:43,0
DA:44,0
DA:48,0
DA:50,0
DA:51,0
DA:52,0
DA:55,0
DA:56,0
DA:57,0
DA:58,0
DA:62,0
DA:63,0
DA:64,0
DA:65,0
DA:67,0
DA:69,0
DA:70,0
DA:72,0
DA:74,0
DA:75,0
DA:76,0
DA:78,0
DA:79,0
DA:81,0
DA:82,0
LF:33
LH:0
end_of_record
TN:
SF:/home/kadir/mqtt-fuzzing/src/mosquitto/src/handle_publish.c
FNL:0,205,399
FNA:0,0,handle__publish
FNL:1,35,64
FNA:1,0,process_bad_message
FNL:2,67,202
FNA:2,0,handle__accepted_publish
FNF:3
FNH:0
DA:35,0
DA:37,0
DA:38,0
DA:39,0
DA:40,0
DA:41,0
DA:42,0
DA:43,0
DA:44,0
DA:45,0
DA:47,0
DA:49,0
DA:50,0
DA:51,0
DA:52,0
DA:54,0
DA:56,0
DA:58,0
DA:60,0
DA:61,0
DA:63,0
DA:67,0
DA:71,0
DA:72,0
DA:75,0
DA:76,0
DA:77,0
DA:79,0
DA:80,0
DA:82,0
DA:83,0
DA:84,0
DA:87,0
DA:88,0
DA:89,0
DA:90,0
DA:94,0
DA:95,0
DA:98,0
DA:99,0
DA:100,0
DA:101,0
DA:102,0
DA:104,0
DA:105,0
DA:106,0
DA:109,0
DA:110,0
DA:111,0
DA:122,0
DA:123,0
DA:126,0
DA:127,0
DA:128,0
DA:129,0
DA:133,0
DA:135,0
DA:136,0
DA:137,0
DA:139,0
DA:140,0
DA:141,0
DA:142,0
DA:143,0
DA:146,0
DA:147,0
DA:148,0
DA:149,0
DA:150,0
DA:152,0
DA:153,0
DA:154,0
DA:155,0
DA:157,0
DA:158,0
DA:159,0
DA:160,0
DA:162,0
DA:163,0
DA:164,0
DA:165,0
DA:168,0
DA:170,0
DA:171,0
DA:174,0
DA:175,0
DA:177,0
DA:183,0
DA:184,0
DA:185,0
DA:186,0
DA:187,0
DA:190,0
DA:191,0
DA:194,0
DA:196,0
DA:200,0
DA:201,0
DA:205,0
DA:208,0
DA:209,0
DA:214,0
DA:215,0
DA:216,0
DA:217,0
DA:219,0
DA:220,0
DA:221,0
DA:224,0
DA:226,0
DA:227,0
DA:228,0
DA:231,0
DA:232,0
DA:233,0
DA:234,0
DA:236,0
DA:237,0
DA:239,0
DA:240,0
DA:242,0
DA:243,0
DA:245,0
DA:246,0
DA:248,0
DA:249,0
DA:251,0
DA:253,0
DA:254,0
DA:255,0
DA:258,0
DA:259,0
DA:260,0
DA:262,0
DA:264,0
DA:265,0
DA:268,0
DA:269,0
DA:270,0
DA:271,0
DA:273,0
DA:274,0
DA:275,0
DA:276,0
DA:280,0
DA:284,0
DA:285,0
DA:286,0
DA:287,0
DA:288,0
DA:291,0
DA:292,0
DA:293,0
DA:294,0
DA:295,0
DA:298,0
DA:300,0
DA:301,0
DA:302,0
DA:303,0
DA:304,0
DA:305,0
DA:306,0
DA:307,0
DA:308,0
DA:311,0
DA:312,0
DA:313,0
DA:314,0
DA:316,0
DA:322,0
DA:323,0
DA:324,0
DA:325,0
DA:329,0
DA:331,0
DA:332,0
DA:335,0
DA:336,0
DA:337,0
DA:338,0
DA:339,0
DA:340,0
DA:341,0
DA:342,0
DA:344,0
DA:345,0
DA:347,0
DA:348,0
DA:351,0
DA:352,0
DA:353,0
DA:354,0
DA:356,0
DA:357,0
DA:358,0
DA:359,0
DA:362,0
DA:364,0
DA:365,0
DA:366,0
DA:371,0
DA:372,0
DA:375,0
DA:376,0
DA:378,0
DA:379,0
DA:380,0
DA:381,0
DA:382,0
DA:383,0
DA:386,0
DA:388,0
DA:390,0
DA:391,0
DA:392,0
DA:398,0
LF:217
LH:0
end_of_record
TN:
SF:/home/kadir/mqtt-fuzzing/src/mosquitto/src/handle_subscribe.c
FNL:0,30,293
FNA:0,0,handle__subscribe
FNF:1
FNH:0
DA:30,0
DA:32,0
DA:36,0
DA:37,0
DA:38,0
DA:42,0
DA:45,0
DA:47,0
DA:48,0
DA:51,0
DA:52,0
DA:53,0
DA:55,0
DA:56,0
DA:59,0
DA:61,0
DA:62,0
DA:63,0
DA:66,0
DA:67,0
DA:69,0
DA:70,0
DA:73,0
DA:74,0
DA:75,0
DA:79,0
DA:80,0
DA:81,0
DA:83,0
DA:87,0
DA:91,0
DA:92,0
DA:93,0
DA:97,0
DA:101,0
DA:102,0
DA:103,0
DA:104,0
DA:105,0
DA:106,0
DA:107,0
DA:110,0
DA:111,0
DA:112,0
DA:115,0
DA:116,0
DA:117,0
DA:119,0
DA:120,0
DA:123,0
DA:124,0
DA:125,0
DA:128,0
DA:129,0
DA:130,0
DA:131,0
DA:133,0
DA:134,0
DA:135,0
DA:136,0
DA:137,0
DA:140,0
DA:141,0
DA:142,0
DA:143,0
DA:144,0
DA:147,0
DA:148,0
DA:150,0
DA:151,0
DA:152,0
DA:153,0
DA:155,0
DA:156,0
DA:157,0
DA:158,0
DA:159,0
DA:162,0
DA:163,0
DA:166,0
DA:167,0
DA:168,0
DA:170,0
DA:171,0
DA:173,0
DA:176,0
DA:177,0
DA:178,0
DA:179,0
DA:180,0
DA:181,0
DA:182,0
DA:184,0
DA:185,0
DA:187,0
DA:188,0
DA:192,0
DA:193,0
DA:194,0
DA:195,0
DA:196,0
DA:197,0
DA:198,0
DA:199,0
DA:200,0
DA:201,0
DA:202,0
DA:204,0
DA:205,0
DA:206,0
DA:207,0
DA:208,0
DA:210,0
DA:211,0
DA:213,0
DA:216,0
DA:217,0
DA:218,0
DA:219,0
DA:220,0
DA:221,0
DA:224,0
DA:225,0
DA:226,0
DA:227,0
DA:228,0
DA:230,0
DA:231,0
DA:232,0
DA:233,0
DA:234,0
DA:235,0
DA:239,0
DA:240,0
DA:242,0
DA:243,0
DA:244,0
DA:245,0
DA:249,0
DA:251,0
DA:253,0
DA:255,0
DA:256,0
DA:257,0
DA:258,0
DA:259,0
DA:261,0
DA:263,0
DA:268,0
DA:269,0
DA:271,0
DA:274,0
DA:275,0
DA:278,0
DA:281,0
DA:282,0
DA:283,0
DA:284,0
DA:286,0
DA:287,0
DA:288,0
DA:292,0
LF:162
LH:0
end_of_record
TN:
SF:/home/kadir/mqtt-fuzzing/src/mosquitto/src/handle_unsubscribe.c
FNL:0,30,181
FNA:0,0,handle__unsubscribe
FNF:1
FNH:0
DA:30,0
DA:35,0
DA:36,0
DA:38,0
DA:39,0
DA:43,0
DA:44,0
DA:47,0
DA:48,0
DA:49,0
DA:51,0
DA:52,0
DA:54,0
DA:56,0
DA:57,0
DA:58,0
DA:61,0
DA:62,0
DA:64,0
DA:65,0
DA:68,0
DA:69,0
DA:70,0
DA:74,0
DA:75,0
DA:76,0
DA:78,0
DA:82,0
DA:85,0
DA:86,0
DA:88,0
DA:92,0
DA:93,0
DA:94,0
DA:95,0
DA:98,0
DA:99,0
DA:100,0
DA:101,0
DA:102,0
DA:103,0
DA:106,0
DA:107,0
DA:110,0
DA:111,0
DA:112,0
DA:114,0
DA:115,0
DA:118,0
DA:119,0
DA:120,0
DA:124,0
DA:125,0
DA:126,0
DA:127,0
DA:128,0
DA:129,0
DA:130,0
DA:131,0
DA:132,0
DA:133,0
DA:134,0
DA:135,0
DA:136,0
DA:139,0
DA:140,0
DA:141,0
DA:142,0
DA:143,0
DA:144,0
DA:145,0
DA:147,0
DA:148,0
DA:150,0
DA:152,0
DA:153,0
DA:154,0
DA:155,0
DA:156,0
DA:159,0
DA:160,0
DA:161,0
DA:162,0
DA:163,0
DA:164,0
DA:165,0
DA:167,0
DA:168,0
DA:172,0
DA:175,0
DA:178,0
DA:179,0
DA:180,0
LF:93
LH:0
end_of_record
TN:
SF:/home/kadir/mqtt-fuzzing/src/mosquitto/src/http_api.c
FNL:0,137,143
FNA:0,0,http_api__send_error_response
FNL:1,145,158
FNA:1,0,http_api__send_response_with_headers
FNL:2,160,163
FNA:2,0,http_api__process_version
FNL:3,165,237
FNA:3,0,http_api__process_listeners
FNL:4,240,268
FNA:4,0,http_api__process_systree
FNL:5,271,278
FNA:5,0,http_file_read_cb
FNL:6,281,285
FNA:6,0,http_file_free_cb
FNL:7,288,336
FNA:7,0,http_api__process_file
FNL:8,339,350
FNA:8,0,http_api__process_api
FNL:9,353,381
FNA:9,0,check_access
FNL:10,383,411
FNA:10,0,http_api_handler
FNL:11,414,449
FNA:11,39,http_api__start_local
FNL:12,452,559
FNA:12,39,http_api__start
FNL:13,562,566
FNA:13,39,http_api__stop
FNL:14,70,135
FNA:14,0,http__canonical_filename
FNF:15
FNH:3
DA:70,0
DA:78,0
DA:79,0
DA:80,0
DA:82,0
DA:84,0
DA:85,0
DA:86,0
DA:87,0
DA:89,0
DA:90,0
DA:92,0
DA:97,0
DA:98,0
DA:99,0
DA:100,0
DA:111,0
DA:112,0
DA:113,0
DA:114,0
DA:115,0
DA:116,0
DA:117,0
DA:118,0
DA:119,0
DA:120,0
DA:121,0
DA:123,0
DA:124,0
DA:127,0
DA:129,0
DA:130,0
DA:131,0
DA:134,0
DA:137,0
DA:139,0
DA:140,0
DA:141,0
DA:142,0
DA:145,0
DA:148,0
DA:150,0
DA:151,0
DA:152,0
DA:153,0
DA:155,0
DA:156,0
DA:157,0
DA:160,0
DA:162,0
DA:165,0
DA:170,0
DA:171,0
DA:172,0
DA:175,0
DA:176,0
DA:177,0
DA:178,0
DA:181,0
DA:182,0
DA:183,0
DA:184,0
DA:185,0
DA:187,0
DA:189,0
DA:191,0
DA:192,0
DA:196,0
DA:199,0
DA:200,0
DA:201,0
DA:202,0
DA:203,0
DA:204,0
[...]
DA:88,0
DA:89,0
DA:90,0
DA:98,0
DA:99,0
DA:100,0
DA:102,0
DA:103,0
DA:107,0
DA:108,0
DA:109,0
DA:111,0
DA:112,0
DA:114,0
DA:115,0
DA:117,0
DA:119,0
DA:120,0
DA:121,0
DA:122,0
DA:124,0
DA:126,0
DA:127,0
DA:128,0
DA:129,0
DA:131,0
DA:132,0
DA:133,0
DA:134,0
DA:139,0
DA:140,0
DA:144,0
DA:149,0
DA:150,0
DA:151,0
DA:152,0
DA:153,0
DA:154,0
DA:155,0
DA:160,0
DA:161,0
DA:162,0
DA:164,0
DA:165,0
DA:167,0
DA:168,0
DA:169,0
DA:171,0
DA:172,0
DA:174,0
DA:175,0
DA:177,0
DA:178,0
DA:179,0
DA:180,0
DA:181,0
DA:183,0
DA:184,0
DA:185,0
DA:186,0
DA:187,0
DA:189,0
DA:190,0
DA:191,0
DA:193,0
DA:194,0
DA:195,0
DA:197,0
DA:198,0
DA:199,0
DA:203,0
DA:209,0
DA:213,0
DA:215,0
DA:216,0
DA:217,0
DA:218,0
DA:219,0
DA:221,0
DA:223,0
DA:225,0
DA:227,0
DA:229,0
LF:118
LH:16
end_of_record
TN:
SF:/home/kadir/mqtt-fuzzing/src/mosquitto/src/proxy_v1.c
FNL:0,130,162
FNA:0,0,proxy_v1__read
FNL:1,22,25
FNA:1,0,proxy_cleanup
FNL:2,28,39
FNA:2,0,update_transport
FNL:3,42,55
FNA:3,0,get_address_for_unknown
FNL:4,58,127
FNA:4,0,proxy_v1__decode
FNF:5
FNH:0
DA:22,0
DA:24,0
DA:25,0
DA:28,0
DA:36,0
DA:38,0
DA:42,0
DA:46,0
DA:48,0
DA:49,0
DA:51,0
DA:52,0
DA:54,0
DA:58,0
DA:61,0
DA:65,0
DA:66,0
DA:67,0
DA:68,0
DA:69,0
DA:70,0
DA:72,0
DA:73,0
DA:74,0
DA:77,0
DA:78,0
DA:79,0
DA:80,0
DA:81,0
DA:82,0
DA:85,0
DA:86,0
DA:87,0
DA:88,0
DA:92,0
DA:93,0
DA:94,0
DA:95,0
DA:96,0
DA:97,0
DA:101,0
DA:102,0
DA:103,0
DA:105,0
DA:106,0
DA:107,0
DA:109,0
DA:110,0
DA:111,0
DA:113,0
DA:114,0
DA:115,0
DA:119,0
DA:120,0
DA:121,0
DA:122,0
DA:124,0
DA:125,0
DA:126,0
DA:130,0
DA:132,0
DA:133,0
DA:134,0
DA:135,0
DA:137,0
DA:140,0
DA:141,0
DA:142,0
DA:143,0
DA:145,0
DA:146,0
DA:147,0
DA:148,0
DA:151,0
DA:155,0
DA:156,0
DA:157,0
DA:158,0
DA:161,0
LF:79
LH:0
end_of_record
TN:
SF:/home/kadir/mqtt-fuzzing/src/mosquitto/src/proxy_v2.c
FNL:0,160,190
FNA:0,0,read_tlv
FNL:1,193,343
FNA:1,0,proxy_v2__read
FNL:2,81,86
FNA:2,0,proxy_cleanup
FNL:3,89,157
FNA:3,0,read_tlv_ssl
FNF:4
FNH:0
DA:81,0
DA:83,0
DA:84,0
DA:85,0
DA:86,0
DA:89,0
DA:91,0
DA:93,0
DA:94,0
DA:97,0
DA:98,0
DA:99,0
DA:100,0
DA:102,0
DA:103,0
DA:106,0
DA:107,0
DA:108,0
DA:110,0
DA:111,0
DA:112,0
DA:114,0
DA:115,0
DA:118,0
DA:119,0
DA:124,0
DA:128,0
DA:133,0
DA:137,0
DA:147,0
DA:151,0
DA:152,0
DA:154,0
DA:156,0
DA:160,0
DA:162,0
DA:163,0
DA:164,0
DA:166,0
DA:167,0
DA:168,0
DA:170,0
DA:171,0
DA:174,0
DA:175,0
DA:177,0
DA:178,0
DA:179,0
DA:182,0
DA:183,0
DA:184,0
DA:185,0
DA:189,0
DA:193,0
DA:197,0
DA:198,0
DA:199,0
DA:200,0
DA:202,0
DA:203,0
DA:205,0
DA:206,0
DA:208,0
DA:209,0
DA:210,0
DA:212,0
DA:213,0
DA:214,0
DA:215,0
DA:216,0
DA:218,0
DA:220,0
DA:221,0
DA:222,0
DA:224,0
DA:225,0
DA:226,0
DA:227,0
DA:229,0
DA:230,0
DA:231,0
DA:232,0
DA:234,0
DA:235,0
DA:236,0
DA:237,0
DA:239,0
DA:241,0
DA:242,0
DA:243,0
DA:246,0
DA:247,0
DA:253,0
DA:254,0
DA:255,0
DA:256,0
DA:258,0
DA:259,0
DA:262,0
DA:263,0
DA:265,0
DA:267,0
DA:268,0
DA:269,0
DA:270,0
DA:271,0
DA:273,0
DA:275,0
DA:276,0
DA:277,0
DA:278,0
DA:279,0
DA:280,0
DA:281,0
DA:282,0
DA:283,0
DA:287,0
DA:288,0
DA:289,0
DA:290,0
DA:292,0
DA:293,0
DA:294,0
DA:297,0
DA:299,0
DA:300,0
DA:301,0
DA:302,0
DA:303,0
DA:304,0
DA:306,0
DA:308,0
DA:309,0
DA:310,0
DA:311,0
DA:312,0
DA:330,0
DA:338,0
DA:342,0
LF:139
LH:0
end_of_record
TN:
SF:/home/kadir/mqtt-fuzzing/src/mosquitto/src/psk_file.c
FNL:0,191,222
FNA:0,0,psk__file_parse
FNL:1,225,241
FNA:1,78,psk__cleanup
FNL:2,244,272
FNA:2,0,mosquitto_psk_key_get_default
FNL:3,34,39
FNA:3,0,psk__free_item
FNL:4,42,71
FNA:4,39,psk_file__init
FNL:5,74,93
FNA:5,78,psk_file__cleanup
FNL:6,96,188
FNA:6,0,pwfile__parse
FNF:7
FNH:3
DA:34,0
DA:36,0
DA:37,0
DA:38,0
DA:39,0
DA:42,39
DA:45,39
DA:48,39
DA:49,0
DA:50,0
DA:51,0
DA:52,0
DA:53,0
DA:54,0
DA:55,0
DA:60,39
DA:61,39
DA:62,0
DA:63,0
DA:64,0
DA:65,0
DA:70,39
DA:74,78
DA:78,78
DA:79,78
DA:80,0
DA:83,312
DA:84,234
DA:85,0
DA:86,0
DA:87,0
DA:92,78
DA:96,0
DA:101,0
DA:103,0
DA:105,0
DA:106,0
DA:107,0
DA:108,0
DA:111,0
DA:112,0
DA:113,0
DA:114,0
DA:115,0
DA:118,0
DA:119,0
DA:120,0
DA:121,0
DA:123,0
DA:124,0
DA:127,0
DA:128,0
DA:129,0
DA:130,0
DA:131,0
DA:132,0
DA:134,0
DA:135,0
DA:136,0
DA:139,0
DA:140,0
DA:141,0
DA:142,0
DA:145,0
DA:146,0
DA:147,0
DA:148,0
DA:149,0
DA:152,0
DA:153,0
DA:154,0
DA:155,0
DA:156,0
DA:157,0
DA:159,0
DA:160,0
DA:161,0
DA:163,0
DA:164,0
DA:165,0
DA:166,0
DA:169,0
DA:170,0
DA:171,0
DA:172,0
DA:173,0
DA:176,0
DA:178,0
DA:179,0
DA:184,0
DA:185,0
DA:187,0
DA:191,0
DA:194,0
DA:196,0
DA:197,0
DA:201,0
DA:202,0
DA:205,0
DA:206,0
DA:207,0
DA:210,0
DA:212,0
DA:213,0
DA:214,0
DA:216,0
DA:217,0
DA:218,0
DA:221,0
DA:225,78
DA:227,78
DA:229,78
DA:230,0
DA:233,78
DA:234,0
DA:235,0
DA:238,78
DA:240,78
DA:244,0
DA:247,0
DA:249,0
DA:250,0
DA:253,0
DA:254,0
DA:255,0
DA:257,0
DA:259,0
DA:261,0
DA:262,0
DA:265,0
DA:266,0
DA:267,0
DA:268,0
DA:271,0
LF:134
LH:18
end_of_record
TN:
SF:/home/kadir/mqtt-fuzzing/src/mosquitto/src/read_handle.c
FNL:0,33,125
FNA:0,9,handle__packet
FNF:1
FNH:1
DA:33,9
DA:35,9
DA:37,9
DA:38,0
DA:41,9
DA:42,0
DA:43,0
DA:44,0
DA:45,0
DA:46,0
DA:47,0
DA:48,0
DA:49,0
DA:50,0
DA:51,0
DA:52,0
DA:53,0
DA:54,0
DA:55,0
DA:56,0
DA:57,0
DA:58,0
DA:59,0
DA:60,0
DA:61,0
DA:62,0
DA:63,0
DA:64,0
DA:65,0
DA:66,0
DA:67,0
DA:68,0
DA:69,0
DA:70,9
DA:71,9
DA:72,9
DA:73,0
DA:74,0
DA:75,0
DA:76,0
DA:77,0
DA:78,0
DA:79,0
DA:80,0
DA:81,0
DA:82,0
DA:83,0
DA:84,0
DA:86,0
DA:87,0
DA:88,0
DA:89,0
DA:90,0
DA:91,0
DA:92,0
DA:93,0
DA:94,0
DA:95,0
DA:96,0
DA:97,0
DA:99,0
DA:100,0
DA:101,0
DA:102,0
DA:103,0
DA:104,0
DA:107,0
DA:108,0
DA:109,0
DA:110,0
DA:111,0
DA:112,0
DA:113,0
DA:114,0
DA:115,0
DA:116,0
DA:117,0
DA:118,0
DA:119,0
DA:120,0
DA:121,0
DA:124,0
LF:82
LH:7
end_of_record
TN:
SF:/home/kadir/mqtt-fuzzing/src/mosquitto/src/retain.c
FNL:0,100,124
FNA:0,0,mosquitto_persist_retain_msg_delete
FNL:1,127,141
FNA:1,0,retain__clean_empty_hierarchy
FNL:2,144,215
FNA:2,2220,retain__store
FNL:3,218,230
FNA:3,78,retain__delete_expired_msg
FNL:4,233,287
FNA:4,0,retain__process
FNL:5,290,346
FNA:5,0,retain__search
FNL:6,33,53
FNA:6,3432,retain__add_hier_entry
FNL:7,349,377
FNA:7,0,retain__queue
FNL:8,380,392
FNA:8,117,retain__expire
FNL:9,395,408
FNA:9,3471,retain__clean
FNL:10,411,417
FNA:10,130,retain__expiry_check
FNL:11,56,71
FNA:11,39,retain__init
FNL:12,74,97
FNA:12,0,mosquitto_persist_retain_msg_set
FNF:13
FNH:7
DA:33,3432
DA:37,3432
DA:39,3432
DA:40,3432
DA:41,0
DA:42,0
DA:44,3432
DA:45,3432
DA:46,3432
DA:47,3393
DA:50,3588
DA:52,3432
DA:56,39
DA:60,39
DA:61,39
DA:62,0
DA:65,39
DA:66,39
DA:67,0
DA:70,39
DA:74,0
DA:77,0
DA:78,0
DA:79,0
DA:81,0
DA:82,0
DA:85,0
DA:86,0
DA:87,0
DA:88,0
DA:91,0
DA:92,0
DA:93,0
DA:96,0
DA:100,0
DA:103,0
DA:104,0
DA:105,0
DA:107,0
DA:108,0
DA:111,0
DA:112,0
DA:114,0
DA:115,0
DA:119,0
DA:120,0
DA:121,0
DA:123,0
DA:127,0
DA:129,0
DA:130,0
DA:132,0
DA:134,0
DA:136,0
DA:137,0
DA:138,0
DA:144,2220
DA:150,2220
DA:151,2220
DA:153,2220
DA:154,2220
DA:155,0
DA:156,0
DA:157,0
DA:161,13309
DA:162,11089
DA:163,11441
DA:164,11089
DA:165,3354
DA:166,3354
DA:167,0
DA:170,11089
DA:174,2220
DA:177,0
DA:183,2220
DA:184,75
DA:186,0
DA:189,75
DA:191,0
DA:193,75
DA:195,75
DA:197,75
DA:198,0
DA:199,0
DA:202,2220
DA:203,2220
DA:204,2220
DA:205,2220
DA:206,0
DA:207,0
DA:210,2220
DA:214,2220
DA:218,78
DA:220,78
DA:221,0
DA:222,0
DA:223,0
DA:225,0
DA:227,0
DA:229,78
DA:233,0
DA:235,0
DA:240,0
DA:241,0
DA:244,0
DA:246,0
DA:248,0
DA:249,0
DA:250,0
DA:251,0
DA:255,0
DA:257,0
DA:259,0
DA:260,0
DA:261,0
DA:263,0
DA:265,0
DA:266,0
DA:267,0
DA:268,0
DA:272,0
DA:273,0
DA:274,0
DA:276,0
DA:277,0
DA:278,0
DA:281,0
DA:282,0
DA:284,0
DA:286,0
DA:290,0
DA:293,0
DA:295,0
DA:296,0
DA:301,0
DA:302,0
DA:303,0
DA:305,0
DA:306,0
DA:310,0
DA:311,0
DA:312,0
DA:313,0
DA:314,0
DA:316,0
DA:317,0
DA:321,0
DA:322,0
DA:327,0
DA:328,0
DA:329,0
DA:330,0
DA:331,0
DA:333,0
DA:334,0
DA:338,0
DA:339,0
DA:345,0
DA:349,0
DA:356,0
DA:357,0
DA:359,0
DA:360,0
DA:363,0
DA:364,0
DA:365,0
DA:368,0
DA:370,0
DA:371,0
DA:373,0
DA:374,0
DA:376,0
DA:380,117
DA:384,195
DA:385,78
DA:387,78
DA:388,78
DA:389,0
DA:392,117
DA:395,3471
DA:399,6903
DA:400,3432
DA:401,2145
DA:403,3432
DA:405,3432
DA:406,3432
DA:408,3471
DA:411,130
DA:413,130
DA:414,0
DA:415,0
DA:417,130
LF:192
LH:61
end_of_record
TN:
SF:/home/kadir/mqtt-fuzzing/src/mosquitto/src/security_default.c
FNL:0,128,286
FNA:0,0,mosquitto_security_apply_default
FNL:1,32,74
FNA:1,39,mosquitto_security_init_default
FNL:2,77,105
FNA:2,78,mosquitto_security_cleanup_default
FNF:3
FNH:2
DA:32,39
DA:37,39
DA:38,0
DA:39,0
DA:40,0
DA:41,0
DA:42,0
DA:44,0
DA:45,0
DA:46,0
DA:49,39
DA:50,39
DA:51,0
DA:52,0
DA:54,39
DA:55,39
DA:58,39
DA:59,39
DA:60,0
DA:63,39
DA:64,39
DA:65,0
DA:68,39
DA:69,39
DA:70,0
DA:73,39
DA:77,78
DA:79,78
DA:81,78
DA:82,78
DA:84,78
DA:85,78
DA:86,0
DA:89,78
DA:90,0
DA:91,0
DA:92,0
DA:93,0
DA:94,0
DA:98,78
DA:99,39
DA:100,39
DA:101,39
DA:104,78
DA:128,0
DA:130,0
DA:158,0
DA:159,0
DA:160,0
DA:163,0
DA:164,0
DA:165,0
DA:166,0
DA:168,0
DA:171,0
DA:172,0
DA:173,0
DA:174,0
DA:277,0
DA:278,0
DA:279,0
DA:280,0
DA:285,0
LF:63
LH:25
end_of_record
TN:
SF:/home/kadir/mqtt-fuzzing/src/mosquitto/src/send_auth.c
FNL:0,29,81
FNA:0,0,send__auth
FNF:1
FNH:0
DA:29,0
DA:31,0
DA:33,0
DA:36,0
DA:37,0
DA:39,0
DA:40,0
DA:41,0
DA:44,0
DA:46,0
DA:48,0
DA:49,0
DA:50,0
DA:53,0
DA:54,0
DA:55,0
DA:56,0
DA:60,0
DA:62,0
DA:63,0
DA:64,0
DA:67,0
DA:68,0
DA:69,0
DA:72,0
DA:73,0
DA:74,0
DA:76,0
DA:77,0
DA:78,0
DA:79,0
DA:80,0
LF:32
LH:0
end_of_record
TN:
SF:/home/kadir/mqtt-fuzzing/src/mosquitto/src/send_connack.c
FNL:0,29,101
FNA:0,9,send__connack
FNF:1
FNH:1
DA:29,9
DA:31,9
DA:33,9
DA:36,9
DA:37,9
DA:38,0
DA:41,9
DA:42,9
DA:44,0
DA:47,9
DA:49,9
DA:50,5
DA:51,0
DA:52,0
DA:53,0
DA:54,0
DA:57,5
DA:58,5
DA:59,5
DA:60,0
DA:61,0
DA:64,5
DA:65,5
DA:66,5
DA:67,0
DA:68,0
DA:71,5
DA:72,0
DA:73,0
DA:74,0
DA:75,0
DA:79,5
DA:82,9
DA:83,0
DA:84,0
DA:87,9
DA:88,9
DA:89,0
DA:90,0
DA:92,9
DA:93,9
DA:94,9
DA:95,5
DA:97,9
DA:99,9
DA:100,9
LF:46
LH:28
end_of_record
TN:
SF:/home/kadir/mqtt-fuzzing/src/mosquitto/src/send_suback.c
FNL:0,29,59
FNA:0,0,send__suback
FNF:1
FNH:0
DA:29,0
DA:31,0
DA:33,0
DA:36,0
DA:38,0
DA:39,0
DA:40,0
DA:42,0
DA:43,0
DA:44,0
DA:46,0
DA:48,0
DA:50,0
DA:53,0
DA:54,0
DA:57,0
DA:58,0
LF:17
LH:0
end_of_record
TN:
SF:/home/kadir/mqtt-fuzzing/src/mosquitto/src/send_unsuback.c
FNL:0,30,58
FNA:0,0,send__unsuback
FNF:1
FNH:0
DA:30,0
DA:32,0
DA:36,0
DA:38,0
DA:39,0
DA:40,0
DA:41,0
DA:44,0
DA:45,0
DA:46,0
DA:49,0
DA:51,0
DA:52,0
DA:53,0
DA:56,0
DA:57,0
LF:16
LH:0
end_of_record
TN:
SF:/home/kadir/mqtt-fuzzing/src/mosquitto/src/session_expiry.c
FNL:0,137,150
FNA:0,39,session_expiry__add_on_shutdown
FNL:1,153,159
FNA:1,3,session_expiry__remove
FNL:2,163,176
FNA:2,39,session_expiry__remove_all
FNL:3,179,228
FNA:3,169,session_expiry__check
FNL:4,32,41
FNA:4,0,session_expiry__cmp
FNL:5,44,61
FNA:5,3,set_session_expiry_time
FNL:6,64,96
FNA:6,6,session_expiry__add
FNL:7,99,134
FNA:7,0,session_expiry__add_from_persistence
FNF:8
FNH:6
DA:32,0
DA:34,0
DA:35,0
DA:36,0
DA:37,0
DA:39,0
DA:44,3
DA:46,3
DA:48,3
DA:50,3
DA:53,0
DA:55,0
DA:58,0
DA:61,3
DA:64,6
DA:68,6
DA:71,3
DA:74,3
DA:75,3
DA:78,0
DA:82,3
DA:83,3
DA:84,0
DA:87,3
DA:88,3
DA:89,3
DA:91,3
DA:93,3
DA:95,3
DA:99,0
DA:103,0
DA:106,0
DA:109,0
DA:110,0
DA:113,0
DA:117,0
DA:118,0
DA:119,0
DA:122,0
DA:123,0
DA:124,0
DA:126,0
DA:129,0
DA:131,0
DA:133,0
DA:137,39
DA:141,42
DA:142,3
DA:143,3
DA:144,3
DA:147,3
DA:150,39
DA:153,3
DA:155,3
DA:156,3
DA:157,3
DA:159,3
DA:163,39
DA:168,42
DA:169,3
DA:170,3
DA:171,3
DA:172,3
DA:173,3
DA:174,3
DA:176,39
DA:179,169
DA:185,169
DA:186,89
DA:189,3
DA:190,3
DA:191,0
DA:193,3
DA:195,89
DA:198,80
DA:200,80
DA:201,0
DA:203,0
DA:204,0
DA:206,0
DA:207,0
DA:209,0
DA:212,0
DA:214,0
DA:215,0
DA:216,0
DA:217,0
DA:218,0
DA:220,0
DA:221,0
DA:222,0
DA:224,0
DA:225,0
LF:93
LH:48
end_of_record
TN:
SF:/home/kadir/mqtt-fuzzing/src/mosquitto/src/signals.c
FNL:0,45,71
FNA:0,42,handle_signal
FNL:1,74,92
FNA:1,39,signal__setup
FNL:2,95,152
FNA:2,130,signal__flag_check
FNF:3
FNH:3
DA:45,42
DA:49,42
DA:50,42
DA:52,0
DA:53,0
DA:56,0
DA:58,0
DA:62,0
DA:63,0
DA:64,0
DA:67,0
DA:68,0
DA:71,42
DA:74,39
DA:76,39
DA:77,39
DA:79,39
DA:82,39
DA:83,39
DA:84,39
DA:87,39
DA:92,39
DA:95,130
DA:98,130
DA:99,0
DA:100,0
DA:103,130
DA:104,0
DA:105,0
DA:106,0
DA:108,130
DA:110,0
DA:111,0
DA:112,0
DA:113,0
DA:114,0
DA:115,0
DA:117,0
DA:118,0
DA:119,0
DA:120,0
DA:122,0
DA:123,0
DA:124,0
DA:126,0
DA:127,0
DA:128,0
DA:129,0
DA:130,0
DA:131,0
DA:133,0
DA:135,0
DA:137,0
DA:139,130
DA:140,0
DA:141,0
DA:142,0
DA:151,130
LF:58
LH:19
end_of_record
TN:
SF:/home/kadir/mqtt-fuzzing/src/mosquitto/src/subs.c
FNL:0,111,130
FNA:0,0,subs__shared_process
FNL:1,133,158
FNA:1,0,subs__process
FNL:2,161,192
FNA:2,0,sub__add_leaf
FNL:3,195,202
FNA:3,0,sub__remove_shared_leaf
FNL:4,205,275
FNA:4,0,sub__add_shared
FNL:5,278,326
FNA:5,0,sub__add_normal
FNL:6,329,363
FNA:6,0,sub__add_context
FNL:7,366,396
FNA:7,0,sub__remove_normal
FNL:8,399,443
FNA:8,0,sub__remove_shared
FNL:9,446,467
FNA:9,0,sub__remove_recurse
FNL:10,470,539
FNA:10,2222,sub__search
FNL:11,542,562
FNA:11,117,sub__add_hier_entry
FNL:12,565,618
FNA:12,0,sub__add
FNL:13,621,650
FNA:13,0,sub__remove
FNL:14,653,715
FNA:14,2221,sub__messages_queue
FNL:15,68,108
FNA:15,0,subs__send
FNL:16,719,744
FNA:16,0,tmp_remove_subs
FNL:17,749,802
FNA:17,39,sub__clean_session
FNL:18,805,831
FNA:18,0,sub__tree_print
FNL:19,834,848
FNA:19,39,sub__init
FNF:20
FNH:5
DA:68,0
DA:76,0
DA:77,0
DA:78,0
DA:79,0
DA:80,0
DA:82,0
DA:83,0
DA:85,0
DA:86,0
DA:88,0
DA:91,0
DA:92,0
DA:94,0
DA:96,0
DA:97,0
DA:99,0
DA:101,0
DA:102,0
DA:105,0
DA:107,0
DA:111,0
DA:113,0
DA:117,0
DA:118,0
DA:119,0
DA:121,0
DA:122,0
DA:124,0
DA:125,0
DA:129,0
DA:133,0
DA:135,0
DA:139,0
DA:141,0
DA:142,0
DA:143,0
DA:144,0
DA:145,0
DA:147,0
DA:148,0
DA:149,0
DA:151,0
DA:153,0
DA:154,0
DA:156,0
DA:161,0
DA:165,0
DA:166,0
DA:168,0
DA:169,0
DA:173,0
DA:174,0
DA:175,0
DA:177,0
DA:179,0
DA:180,0
DA:181,0
DA:183,0
DA:184,0
DA:185,0
DA:186,0
DA:188,0
DA:189,0
DA:191,0
DA:195,0
DA:197,0
DA:198,0
DA:199,0
DA:200,0
DA:202,0
DA:205,0
DA:208,0
DA:214,0
DA:216,0
DA:218,0
DA:219,0
DA:220,0
DA:221,0
DA:222,0
DA:224,0
DA:226,0
DA:229,0
DA:230,0
DA:231,0
DA:232,0
DA:233,0
DA:235,0
DA:238,0
DA:239,0
DA:240,0
DA:242,0
DA:243,0
DA:244,0
DA:245,0
DA:246,0
DA:247,0
DA:248,0
DA:251,0
DA:252,0
DA:253,0
DA:254,0
DA:255,0
DA:256,0
DA:258,0
DA:259,0
DA:260,0
DA:261,0
DA:264,0
DA:268,0
DA:269,0
DA:273,0
DA:278,0
DA:280,0
DA:284,0
DA:285,0
DA:286,0
DA:289,0
DA:290,0
DA:291,0
DA:293,0
DA:294,0
DA:295,0
DA:296,0
DA:297,0
DA:298,0
DA:299,0
DA:302,0
DA:303,0
DA:304,0
DA:305,0
DA:306,0
DA:307,0
DA:309,0
DA:310,0
DA:311,0
DA:312,0
DA:315,0
DA:319,0
DA:320,0
DA:324,0
DA:329,0
DA:332,0
DA:336,0
DA:337,0
DA:338,0
DA:339,0
DA:341,0
DA:342,0
DA:344,0
DA:345,0
DA:346,0
DA:349,0
DA:350,0
DA:354,0
DA:355,0
DA:356,0
DA:358,0
DA:361,0
DA:366,0
DA:370,0
DA:371,0
DA:372,0
DA:374,0
DA:376,0
DA:382,0
DA:383,0
DA:384,0
DA:385,0
DA:386,0
DA:387,0
DA:390,0
DA:391,0
DA:393,0
DA:395,0
DA:399,0
DA:403,0
DA:404,0
DA:405,0
DA:406,0
DA:407,0
DA:409,0
DA:411,0
DA:417,0
DA:418,0
DA:419,0
DA:420,0
DA:422,0
DA:423,0
DA:424,0
DA:425,0
DA:429,0
DA:430,0
DA:431,0
DA:434,0
DA:435,0
DA:437,0
DA:439,0
DA:441,0
DA:446,0
DA:450,0
DA:451,0
DA:452,0
DA:454,0
DA:458,0
DA:459,0
DA:460,0
DA:461,0
DA:462,0
DA:463,0
DA:466,0
DA:470,2222
DA:475,2222
DA:477,2222
DA:479,2222
DA:481,2222
DA:482,0
DA:483,0
DA:484,0
DA:485,0
DA:486,0
DA:488,0
DA:489,0
DA:490,0
DA:491,0
DA:492,0
DA:493,0
DA:499,2222
DA:501,2222
DA:502,0
DA:503,0
DA:504,0
DA:505,0
DA:506,0
DA:508,0
DA:509,0
DA:510,0
DA:511,0
DA:512,0
DA:513,0
DA:520,2222
DA:521,2222
DA:526,0
DA:527,0
DA:528,0
DA:529,0
DA:530,0
DA:534,2222
DA:535,0
DA:537,2222
DA:542,117
DA:546,117
DA:548,117
DA:549,117
DA:550,0
DA:551,0
DA:553,117
DA:554,117
DA:555,117
DA:556,39
DA:559,117
DA:561,117
DA:565,0
DA:567,0
DA:569,0
DA:574,0
DA:575,0
DA:577,0
DA:578,0
DA:579,0
DA:582,0
DA:583,0
DA:584,0
DA:585,0
DA:586,0
DA:589,0
DA:590,0
DA:591,0
DA:592,0
DA:593,0
DA:594,0
DA:595,0
DA:596,0
DA:597,0
DA:601,0
DA:602,0
DA:603,0
DA:604,0
DA:605,0
DA:606,0
DA:607,0
DA:608,0
DA:612,0
DA:614,0
DA:615,0
DA:617,0
DA:621,0
DA:623,0
DA:625,0
DA:626,0
DA:627,0
DA:629,0
DA:631,0
DA:632,0
DA:633,0
DA:636,0
DA:637,0
DA:639,0
DA:641,0
DA:642,0
DA:643,0
DA:646,0
DA:647,0
DA:649,0
DA:653,2221
DA:655,2221
DA:656,2221
DA:658,2221
DA:659,2221
DA:662,2221
DA:663,2221
DA:665,2221
DA:667,2221
DA:668,0
DA:675,2221
DA:677,2221
DA:678,2221
DA:679,2221
DA:680,2221
DA:681,2221
DA:682,2221
DA:683,0
DA:684,0
DA:688,2221
DA:689,2221
DA:690,1
DA:691,1
DA:692,0
DA:693,0
DA:697,2221
DA:698,2221
DA:701,2221
DA:702,2220
DA:703,2220
DA:704,0
DA:708,2221
DA:709,2221
DA:710,2221
DA:712,2221
DA:714,2221
DA:719,0
DA:723,0
DA:724,0
DA:727,0
DA:728,0
DA:731,0
DA:732,0
DA:733,0
DA:735,0
DA:736,0
DA:737,0
DA:738,0
DA:740,0
DA:742,0
DA:749,39
DA:751,39
DA:752,0
DA:753,0
DA:756,0
DA:759,0
DA:760,0
DA:761,0
DA:762,0
DA:763,0
DA:765,0
DA:767,0
DA:768,0
DA:770,0
DA:773,0
DA:774,0
DA:775,0
DA:777,0
DA:779,0
DA:780,0
DA:782,0
DA:785,0
DA:787,0
DA:788,0
DA:789,0
DA:790,0
DA:793,0
DA:794,0
DA:797,39
DA:798,39
DA:799,39
DA:801,39
DA:805,0
DA:811,0
DA:812,0
DA:813,0
DA:814,0
DA:816,0
DA:817,0
DA:818,0
DA:819,0
DA:820,0
DA:822,0
DA:824,0
DA:826,0
DA:829,0
DA:831,0
DA:834,39
DA:836,39
DA:837,39
DA:839,39
DA:840,39
DA:841,39
DA:844,0
DA:846,39
LF:419
LH:64
end_of_record
TN:
SF:/home/kadir/mqtt-fuzzing/src/mosquitto/src/sys_tree.c
FNL:0,148,151
FNA:0,0,broker_uptime
FNL:1,154,167
FNA:1,1188,calc_load
FNL:2,170,198
FNA:2,39,sys_tree__init
FNL:3,201,206
FNA:3,141,metrics__int_inc
FNL:4,209,214
FNA:4,252,metrics__int_dec
FNL:5,223,298
FNA:5,169,sys_tree__update
FNF:6
FNH:5
DA:148,0
DA:150,0
DA:154,1188
DA:160,1188
DA:161,1188
DA:162,1188
DA:163,1068
DA:164,1068
DA:166,1188
DA:167,1188
DA:170,39
DA:175,39
DA:176,0
DA:180,39
DA:181,39
DA:183,39
DA:184,39
DA:186,39
DA:189,1092
DA:190,1053
DA:191,351
DA:192,702
DA:193,351
DA:195,351
DA:201,141
DA:203,141
DA:204,141
DA:206,141
DA:209,252
DA:211,252
DA:212,252
DA:214,252
DA:223,169
DA:231,169
DA:232,169
DA:233,169
DA:234,25
DA:236,169
DA:239,169
DA:240,169
DA:242,44
DA:243,44
DA:244,44
DA:247,44
DA:248,44
DA:249,44
DA:250,44
DA:251,44
DA:253,44
DA:254,44
DA:256,44
DA:257,44
DA:258,44
DA:259,44
DA:262,44
DA:263,5
DA:265,5
DA:266,5
DA:267,5
DA:269,140
DA:270,135
DA:271,45
DA:272,90
DA:273,45
DA:275,45
DA:280,2332
DA:281,2288
DA:282,2244
DA:284,2029
DA:285,2029
DA:286,2029
DA:287,937
DA:289,2029
DA:290,132
DA:295,44
DA:296,44
DA:298,169
LF:77
LH:74
end_of_record
TN:
SF:/home/kadir/mqtt-fuzzing/src/mosquitto/src/topic_tok.c
FNL:0,31,54
FNA:0,13312,strtok_hier
FNL:1,57,126
FNA:1,2221,sub__topic_tokenise
FNF:2
FNH:2
DA:31,13312
DA:35,13312
DA:36,2221
DA:39,13312
DA:40,2221
DA:43,11091
DA:44,11091
DA:45,8870
DA:46,8870
DA:47,8870
DA:48,2221
DA:50,2221
DA:51,2221
DA:53,11091
DA:57,2221
DA:59,2221
DA:62,2221
DA:65,2221
DA:66,0
DA:69,2221
DA:70,2221
DA:71,0
DA:74,2221
DA:75,2221
DA:76,0
DA:79,2221
DA:80,2221
DA:81,13312
DA:82,11091
DA:83,11091
DA:85,2221
DA:86,2221
DA:87,0
DA:88,0
DA:91,2221
DA:92,1
DA:93,1
DA:96,2221
DA:97,13312
DA:98,11091
DA:99,11091
DA:100,11091
DA:103,2221
DA:104,0
DA:105,0
DA:106,0
DA:107,0
DA:110,0
DA:111,0
DA:112,0
DA:113,0
DA:114,0
DA:116,0
DA:119,0
DA:120,0
DA:122,0
DA:123,0
DA:125,2221
LF:58
LH:39
end_of_record
TN:
SF:/home/kadir/mqtt-fuzzing/src/mosquitto/src/watchdog.c
FNL:0,36,52
FNA:0,39,watchdog__init
FNL:1,55,66
FNA:1,130,watchdog__check
FNF:2
FNH:2
DA:36,39
DA:52,39
DA:55,130
DA:66,130
LF:4
LH:4
end_of_record
TN:
SF:/home/kadir/mqtt-fuzzing/src/mosquitto/src/will_delay.c
FNL:0,109,115
FNA:0,3,will_delay__remove
FNL:1,31,34
FNA:1,0,will_delay__cmp
FNL:2,37,60
FNA:2,0,will_delay__add
FNL:3,64,75
FNA:3,39,will_delay__send_all
FNL:4,78,106
FNA:4,130,will_delay__check
FNF:5
FNH:3
DA:31,0
DA:33,0
DA:37,0
DA:41,0
DA:42,0
DA:45,0
DA:46,0
DA:47,0
DA:50,0
DA:51,0
DA:52,0
DA:54,0
DA:56,0
DA:57,0
DA:59,0
DA:64,39
DA:68,39
DA:69,0
DA:70,0
DA:71,0
DA:72,0
DA:73,0
DA:75,39
DA:78,130
DA:82,130
DA:83,50
DA:84,0
DA:86,50
DA:89,80
DA:91,80
DA:92,0
DA:93,0
DA:94,0
DA:95,0
DA:96,0
DA:97,0
DA:98,0
DA:100,0
DA:102,0
DA:103,0
DA:109,3
DA:111,3
DA:112,0
DA:113,0
DA:115,3
LF:45
LH:12
end_of_record
