TN:
SF:/Users/hom/workspace/hocon/build/parser.c
FNF:0
FNH:0
DA:1338,0
DA:1340,0
LF:2
LH:0
end_of_record
TN:
SF:/home/kadir/mqtt-fuzzing/src/nanomq/build-cov/nng/nanomq/nng/src/supplemental/nanolib/build/scanner.c
FNF:0
FNH:0
DA:814,0
DA:817,0
DA:822,0
DA:824,0
DA:825,0
DA:828,0
DA:829,0
DA:831,0
DA:832,0
DA:834,0
DA:836,0
DA:837,0
DA:838,0
DA:840,0
DA:841,0
DA:843,0
DA:845,0
DA:846,0
DA:847,0
DA:849,0
DA:850,0
DA:851,0
DA:854,0
DA:856,0
DA:858,0
DA:860,0
DA:862,0
DA:863,0
DA:864,0
DA:865,0
DA:867,0
LF:31
LH:0
end_of_record
TN:
SF:/home/kadir/mqtt-fuzzing/src/nanomq/build-cov/nng/nanomq/nng/src/supplemental/nanolib/scanner.c
FNL:0,1238,1372
FNA:0,0,yy_get_next_buffer
FNL:1,1376,1401
FNA:1,0,yy_get_previous_state
FNL:2,1408,1429
FNA:2,0,yy_try_NUL_trans
FNL:3,1433,1468
FNA:3,0,yyunput
FNL:4,1476,1543
FNA:4,0,input
FNL:5,1551,1562
FNA:5,0,yyrestart
FNL:6,1568,1597
FNA:6,0,yy_switch_to_buffer
FNL:7,1599,1605
FNA:7,0,yy_load_buffer_state
FNL:8,1613,1635
FNA:8,0,yy_create_buffer
FNL:9,1641,1654
FNA:9,0,yy_delete_buffer
FNL:10,1660,1682
FNA:10,0,yy_init_buffer
FNL:11,1688,1709
FNA:11,0,yy_flush_buffer
FNL:12,1717,1741
FNA:12,0,yypush_buffer_state
FNL:13,1747,1761
FNA:13,0,yypop_buffer_state
FNL:14,1766,1807
FNA:14,0,yyensure_buffer_stack
FNL:15,1815,1842
FNA:15,0,yy_scan_buffer
FNL:16,1852,1856
FNA:16,0,yy_scan_string
FNL:17,1865,1893
FNA:17,0,yy_scan_bytes
FNL:18,1899,1903
FNA:18,0,yy_fatal_error
FNL:19,1927,1931
FNA:19,0,yyget_lineno
FNL:20,1936,1939
FNA:20,0,yyget_in
FNL:21,1944,1947
FNA:21,0,yyget_out
FNL:22,1952,1955
FNA:22,0,yyget_leng
FNL:23,1961,1964
FNA:23,0,yyget_text
FNL:24,1970,1974
FNA:24,0,yyset_lineno
FNL:25,1982,1985
FNA:25,0,yyset_in
FNL:26,1987,1990
FNA:26,0,yyset_out
FNL:27,1992,1995
FNA:27,0,yyget_debug
FNL:28,1997,2000
FNA:28,0,yyset_debug
FNL:29,2002,2028
FNA:29,0,yy_init_globals
FNL:30,2031,2050
FNA:30,0,yylex_destroy
FNL:31,2077,2080
FNA:31,0,yyalloc
FNL:32,2082,2093
FNA:32,0,yyrealloc
FNL:33,2095,2098
FNA:33,0,yyfree
FNL:34,779,779
FNA:34,0,yylex
FNF:35
FNH:0
DA:779,0
DA:785,0
DA:787,0
DA:793,0
DA:794,0
DA:796,0
DA:797,0
DA:799,0
DA:800,0
DA:802,0
DA:803,0
DA:804,0
DA:805,0
DA:808,0
DA:1101,0
DA:1104,0
DA:1107,0
DA:1110,0
DA:1121,0
DA:1122,0
DA:1123,0
DA:1133,0
DA:1137,0
DA:1139,0
DA:1150,0
DA:1152,0
DA:1154,0
DA:1157,0
DA:1158,0
DA:1159,0
DA:1164,0
DA:1165,0
DA:1169,0
DA:1171,0
DA:1173,0
DA:1186,0
DA:1188,0
DA:1189,0
DA:1200,0
DA:1201,0
DA:1202,0
DA:1204,0
DA:1206,0
DA:1207,0
DA:1208,0
DA:1210,0
DA:1211,0
DA:1212,0
DA:1214,0
DA:1216,0
DA:1217,0
DA:1218,0
DA:1220,0
DA:1223,0
DA:1224,0
DA:1238,0
DA:1240,0
DA:1241,0
DA:1245,0
DA:1246,0
DA:1249,0
DA:1251,0
DA:1256,0
DA:1264,0
DA:1271,0
DA:1273,0
DA:1274,0
DA:1276,0
DA:1280,0
DA:1284,0
DA:1285,0
DA:1287,0
DA:1291,0
DA:1293,0
DA:1294,0
DA:1296,0
DA:1298,0
DA:1300,0
DA:1301,0
DA:1303,0
DA:1305,0
DA:1307,0
DA:1308,0
DA:1312,0
DA:1314,0
DA:1315,0
DA:1318,0
DA:1320,0
DA:1325,0
DA:1326,0
DA:1329,0
DA:1332,0
DA:1335,0
DA:1337,0
DA:1339,0
DA:1340,0
DA:1345,0
DA:1346,0
DA:1352,0
DA:1354,0
DA:1356,0
DA:1357,0
DA:1358,0
DA:1359,0
DA:1360,0
DA:1362,0
DA:1365,0
DA:1366,0
DA:1367,0
DA:1369,0
DA:1371,0
DA:1376,0
DA:1381,0
DA:1383,0
DA:1385,0
DA:1386,0
DA:1388,0
DA:1389,0
DA:1391,0
DA:1393,0
DA:1394,0
DA:1395,0
DA:1397,0
DA:1400,0
DA:1408,0
DA:1411,0
DA:1413,0
DA:1414,0
DA:1416,0
DA:1417,0
DA:1419,0
DA:1421,0
DA:1422,0
DA:1423,0
DA:1425,0
DA:1426,0
DA:1428,0
DA:1433,0
DA:1437,0
DA:1440,0
DA:1442,0
DA:1445,0
DA:1446,0
DA:1447,0
DA:1448,0
DA:1449,0
DA:1451,0
DA:1452,0
DA:1454,0
DA:1455,0
DA:1456,0
DA:1457,0
DA:1459,0
DA:1460,0
DA:1463,0
DA:1465,0
DA:1466,0
DA:1467,0
DA:1468,0
DA:1476,0
DA:1482,0
DA:1484,0
DA:1490,0
DA:1492,0
DA:1496,0
DA:1497,0
DA:1499,0
DA:1501,0
DA:1513,0
DA:1517,0
DA:1520,0
DA:1531,0
DA:1532,0
DA:1533,0
DA:1538,0
DA:1539,0
DA:1540,0
DA:1542,0
DA:1551,0
DA:1554,0
DA:1555,0
DA:1556,0
DA:1557,0
DA:1560,0
DA:1561,0
DA:1562,0
DA:1568,0
DA:1576,0
DA:1577,0
DA:1578,0
DA:1580,0
DA:1583,0
DA:1584,0
DA:1585,0
DA:1588,0
DA:1589,0
DA:1596,0
DA:1599,0
DA:1601,0
DA:1602,0
DA:1603,0
DA:1604,0
DA:1605,0
DA:1613,0
DA:1617,0
DA:1618,0
DA:1619,0
DA:1621,0
DA:1626,0
DA:1627,0
DA:1628,0
DA:1630,0
DA:1632,0
DA:1634,0
DA:1641,0
DA:1644,0
DA:1645,0
DA:1647,0
DA:1648,0
DA:1650,0
DA:1651,0
DA:1653,0
DA:1660,0
DA:1663,0
DA:1665,0
DA:1667,0
DA:1668,0
DA:1674,0
DA:1675,0
DA:1676,0
DA:1679,0
DA:1681,0
DA:1682,0
DA:1688,0
DA:1690,0
DA:1691,0
DA:1693,0
DA:1699,0
DA:1700,0
DA:1702,0
DA:1704,0
DA:1705,0
DA:1707,0
DA:1708,0
DA:1717,0
DA:1719,0
DA:1720,0
DA:1722,0
DA:1725,0
DA:1728,0
DA:1729,0
DA:1730,0
DA:1734,0
DA:1735,0
DA:1736,0
DA:1739,0
DA:1740,0
DA:1747,0
DA:1749,0
DA:1750,0
DA:1752,0
DA:1753,0
DA:1754,0
DA:1755,0
DA:1757,0
DA:1758,0
DA:1759,0
DA:1766,0
DA:1770,0
DA:1776,0
DA:1777,0
DA:1780,0
DA:1781,0
DA:1783,0
DA:1785,0
DA:1786,0
DA:1787,0
DA:1790,0
DA:1793,0
DA:1795,0
DA:1796,0
DA:1800,0
DA:1801,0
DA:1804,0
DA:1805,0
DA:1815,0
DA:1819,0
DA:1820,0
DA:1821,0
DA:1823,0
DA:1825,0
DA:1826,0
DA:1827,0
DA:1829,0
DA:1830,0
DA:1831,0
DA:1832,0
DA:1833,0
DA:1834,0
DA:1835,0
DA:1836,0
DA:1837,0
DA:1839,0
DA:1841,0
DA:1852,0
DA:1855,0
DA:1865,0
DA:1873,0
DA:1874,0
DA:1875,0
DA:1876,0
DA:1878,0
DA:1879,0
DA:1881,0
DA:1883,0
DA:1884,0
DA:1885,0
DA:1890,0
DA:1892,0
DA:1899,0
DA:1901,0
DA:1902,0
DA:1927,0
DA:1930,0
DA:1936,0
DA:1938,0
DA:1944,0
DA:1946,0
DA:1952,0
DA:1954,0
DA:1961,0
DA:1963,0
DA:1970,0
DA:1973,0
DA:1974,0
DA:1982,0
DA:1984,0
DA:1985,0
DA:1987,0
DA:1989,0
DA:1990,0
DA:1992,0
DA:1994,0
DA:1997,0
DA:1999,0
DA:2000,0
DA:2002,0
DA:2008,0
DA:2009,0
DA:2010,0
DA:2011,0
DA:2012,0
DA:2013,0
DA:2020,0
DA:2021,0
DA:2027,0
DA:2031,0
DA:2035,0
DA:2036,0
DA:2037,0
DA:2038,0
DA:2042,0
DA:2043,0
DA:2047,0
DA:2049,0
DA:2077,0
DA:2079,0
DA:2082,0
DA:2092,0
DA:2095,0
DA:2097,0
DA:2098,0
LF:372
LH:0
end_of_record
TN:
SF:/home/kadir/mqtt-fuzzing/src/nanomq/build-cov/nng/nanomq/nng/src/supplemental/nanolib/scanner.l
FNF:0
FNH:0
DA:72,0
DA:73,0
DA:74,0
DA:75,0
DA:76,0
DA:77,0
DA:78,0
DA:79,0
DA:80,0
DA:81,0
DA:82,0
DA:83,0
DA:84,0
DA:85,0
DA:87,0
DA:90,0
DA:91,0
DA:92,0
DA:95,0
DA:96,0
DA:98,0
DA:100,0
DA:101,0
DA:102,0
DA:105,0
DA:106,0
DA:107,0
DA:109,0
DA:112,0
DA:115,0
DA:116,0
DA:117,0
DA:118,0
DA:119,0
DA:120,0
DA:122,0
DA:125,0
DA:126,0
DA:127,0
DA:130,0
DA:131,0
DA:133,0
DA:135,0
DA:136,0
DA:137,0
DA:141,0
DA:142,0
DA:143,0
DA:145,0
DA:148,0
DA:151,0
DA:152,0
DA:153,0
DA:155,0
DA:159,0
DA:160,0
DA:164,0
DA:165,0
DA:166,0
DA:167,0
DA:168,0
DA:169,0
DA:170,0
DA:171,0
DA:172,0
DA:173,0
DA:174,0
DA:175,0
DA:176,0
DA:177,0
LF:70
LH:0
end_of_record
TN:
SF:/home/kadir/mqtt-fuzzing/src/nanomq/build-cov/nng/nng/src/supplemental/nanolib/parser.c
FNL:0,866,866
FNA:0,0,yydestruct
FNF:1
FNH:0
DA:866,0
DA:871,0
DA:872,0
DA:876,0
DA:878,0
DA:1138,0
DA:1140,0
DA:1147,0
DA:1149,0
DA:1158,0
DA:1160,0
DA:1164,0
DA:1166,0
DA:1170,0
DA:1172,0
DA:1176,0
DA:1178,0
DA:1182,0
DA:1184,0
DA:1188,0
DA:1190,0
DA:1194,0
DA:1196,0
DA:1200,0
DA:1202,0
DA:1206,0
DA:1208,0
DA:1209,0
DA:1211,0
DA:1212,0
DA:1214,0
DA:1218,0
DA:1220,0
DA:1224,0
DA:1226,0
DA:1230,0
DA:1232,0
DA:1240,0
DA:1242,0
DA:1246,0
DA:1248,0
DA:1252,0
DA:1254,0
LF:43
LH:0
end_of_record
TN:
SF:/home/kadir/mqtt-fuzzing/src/nanomq/build-cov/nng/parser.c
FNF:0
FNH:0
DA:1268,0
DA:1270,0
DA:1278,0
DA:1280,0
DA:1284,0
DA:1286,0
DA:1290,0
DA:1292,0
DA:1296,0
DA:1298,0
DA:1302,0
DA:1304,0
DA:1308,0
DA:1310,0
DA:1314,0
DA:1319,0
DA:1334,0
DA:1335,0
DA:1337,0
DA:1343,0
DA:1344,0
DA:1345,0
DA:1346,0
DA:1347,0
DA:1350,0
DA:1356,0
DA:1359,0
DA:1361,0
DA:1363,0
DA:1364,0
DA:1367,0
DA:1372,0
DA:1375,0
DA:1376,0
DA:1380,0
DA:1382,0
DA:1388,0
DA:1413,0
DA:1414,0
DA:1419,0
DA:1420,0
DA:1422,0
DA:1423,0
DA:1425,0
DA:1426,0
DA:1427,0
DA:1432,0
DA:1433,0
DA:1436,0
DA:1437,0
DA:1438,0
DA:1439,0
DA:1444,0
DA:1451,0
DA:1452,0
DA:1458,0
DA:1459,0
DA:1460,0
DA:1466,0
DA:1467,0
DA:1468,0
DA:1474,0
DA:1475,0
DA:1476,0
DA:1477,0
DA:1483,0
DA:1484,0
DA:1488,0
DA:1489,0
DA:1494,0
DA:1496,0
DA:1498,0
DA:1499,0
DA:1500,0
DA:1503,0
DA:1504,0
DA:1507,0
LF:77
LH:0
end_of_record
TN:
SF:/home/kadir/mqtt-fuzzing/src/nanomq/build-cov/nng/parser.y
FNL:0,117,125
FNA:0,0,jso_kv_free
FNL:1,127,133
FNA:1,0,jso_kv_new
FNL:2,135,149
FNA:2,0,remove_white_space
FNL:3,151,166
FNA:3,0,remove_escape
FNL:4,170,175
FNA:4,0,yyerror
FNF:5
FNH:0
DA:57,0
DA:58,0
DA:60,0
DA:61,0
DA:62,0
DA:63,0
DA:65,0
DA:66,0
DA:67,0
DA:68,0
DA:69,0
DA:70,0
DA:71,0
DA:72,0
DA:73,0
DA:76,0
DA:77,0
DA:78,0
DA:82,0
DA:83,0
DA:84,0
DA:85,0
DA:86,0
DA:87,0
DA:93,0
DA:94,0
DA:95,0
DA:97,0
DA:98,0
DA:99,0
DA:100,0
DA:101,0
DA:104,0
DA:105,0
DA:108,0
DA:109,0
DA:110,0
DA:117,0
DA:119,0
DA:120,0
DA:121,0
DA:123,0
DA:125,0
DA:127,0
DA:129,0
DA:130,0
DA:131,0
DA:132,0
DA:135,0
DA:137,0
DA:138,0
DA:141,0
DA:142,0
DA:144,0
DA:145,0
DA:147,0
DA:148,0
DA:151,0
DA:153,0
DA:154,0
DA:155,0
DA:156,0
DA:157,0
DA:159,0
DA:161,0
DA:162,0
DA:163,0
DA:164,0
DA:165,0
DA:170,0
DA:173,0
DA:174,0
LF:72
LH:0
end_of_record
TN:
SF:/home/kadir/mqtt-fuzzing/src/nanomq/build-cov/nng/scanner.l
FNL:0,78,87
FNA:0,0,count_brace
FNL:1,90,108
FNA:1,0,hocon_scanner_cleanup
FNF:2
FNH:0
DA:78,0
DA:80,0
DA:81,0
DA:82,0
DA:83,0
DA:84,0
DA:86,0
DA:90,0
DA:92,0
DA:95,0
DA:96,0
DA:97,0
DA:98,0
DA:99,0
DA:100,0
DA:103,0
DA:104,0
DA:107,0
DA:108,0
LF:19
LH:0
end_of_record
TN:
SF:/home/kadir/mqtt-fuzzing/src/nanomq/nanomq/acl_handler.c
FNL:0,112,319
FNA:0,0,auth_acl
FNL:1,12,22
FNA:1,0,match_rule_content_str
FNL:2,25,62
FNA:2,0,replace_placeholder
FNL:3,65,109
FNA:3,0,replace_topic
FNF:4
FNH:0
DA:12,0
DA:14,0
DA:15,0
DA:16,0
DA:17,0
DA:18,0
DA:19,0
DA:21,0
DA:25,0
DA:27,0
DA:28,0
DA:29,0
DA:30,0
DA:32,0
DA:33,0
DA:34,0
DA:35,0
DA:38,0
DA:39,0
DA:40,0
DA:43,0
DA:44,0
DA:46,0
DA:47,0
DA:48,0
DA:49,0
DA:51,0
DA:52,0
DA:54,0
DA:57,0
DA:59,0
DA:61,0
DA:65,0
DA:67,0
DA:68,0
DA:70,0
DA:71,0
DA:73,0
DA:74,0
DA:75,0
DA:76,0
DA:77,0
DA:78,0
DA:79,0
DA:82,0
DA:83,0
DA:86,0
DA:87,0
DA:88,0
DA:89,0
DA:90,0
DA:91,0
DA:92,0
DA:93,0
DA:95,0
DA:98,0
DA:100,0
DA:101,0
DA:103,0
DA:106,0
DA:107,0
DA:108,0
DA:112,0
DA:115,0
DA:125,0
DA:126,0
DA:127,0
DA:128,0
DA:129,0
DA:130,0
DA:132,0
DA:135,0
DA:136,0
DA:137,0
DA:139,0
DA:140,0
DA:141,0
DA:143,0
DA:144,0
DA:145,0
DA:146,0
DA:149,0
DA:150,0
DA:151,0
DA:152,0
DA:153,0
DA:155,0
DA:156,0
DA:158,0
DA:159,0
DA:160,0
DA:161,0
DA:162,0
DA:163,0
DA:164,0
DA:165,0
DA:166,0
DA:167,0
DA:168,0
DA:169,0
DA:170,0
DA:173,0
DA:175,0
DA:176,0
DA:178,0
DA:180,0
DA:181,0
DA:186,0
DA:187,0
DA:189,0
DA:191,0
DA:192,0
DA:195,0
DA:197,0
DA:198,0
DA:200,0
DA:202,0
DA:203,0
DA:205,0
DA:206,0
DA:209,0
DA:210,0
DA:212,0
DA:214,0
DA:215,0
DA:216,0
DA:217,0
DA:218,0
DA:219,0
DA:220,0
DA:221,0
DA:224,0
DA:226,0
DA:228,0
DA:229,0
DA:234,0
DA:236,0
DA:237,0
DA:240,0
DA:242,0
DA:244,0
DA:245,0
DA:247,0
DA:248,0
DA:251,0
DA:253,0
DA:254,0
DA:255,0
DA:257,0
DA:258,0
DA:261,0
DA:262,0
DA:265,0
DA:266,0
DA:267,0
DA:268,0
DA:269,0
DA:270,0
DA:271,0
DA:272,0
DA:273,0
DA:274,0
DA:275,0
DA:276,0
DA:278,0
DA:279,0
DA:280,0
DA:281,0
DA:283,0
DA:284,0
DA:286,0
DA:287,0
DA:289,0
DA:290,0
DA:291,0
DA:293,0
DA:294,0
DA:296,0
DA:297,0
DA:298,0
DA:302,0
DA:304,0
DA:309,0
DA:310,0
DA:312,0
DA:314,0
DA:315,0
DA:317,0
LF:188
LH:0
end_of_record
TN:
SF:/home/kadir/mqtt-fuzzing/src/nanomq/nanomq/acl_hazard.c
FNL:0,165,187
FNA:0,0,hazard_claim_slot
FNL:1,19,22
FNA:1,0,haz_ptr_load
FNL:2,192,204
FNA:2,0,hazard_is_protected
FNL:3,211,239
FNA:3,0,acl_retire
FNL:4,246,259
FNA:4,39,acl_snapshot_take
FNL:5,25,28
FNA:5,39,haz_ptr_store
FNL:6,262,286
FNA:6,39,nmq_acl_hazard_init
FNL:7,289,319
FNA:7,0,nmq_acl_hazard_acquire
FNL:8,31,34
FNA:8,39,haz_int_load
FNL:9,322,325
FNA:9,0,nmq_acl_hazard_ready
FNL:10,328,334
FNA:10,0,nmq_acl_hazard_release
FNL:11,337,372
FNA:11,0,reload_acl_config
FNL:12,37,40
FNA:12,39,haz_int_store
FNL:13,43,46
FNA:13,0,haz_int_fetch_add
FNL:14,52,55
FNA:14,0,haz_ptr_store_rel
FNF:15
FNH:5
DA:19,0
DA:21,0
DA:25,39
DA:27,39
DA:28,39
DA:31,39
DA:33,39
DA:37,39
DA:39,39
DA:40,39
DA:43,0
DA:45,0
DA:52,0
DA:54,0
DA:55,0
DA:165,0
DA:167,0
DA:168,0
DA:170,0
DA:171,0
DA:173,0
DA:174,0
DA:178,0
DA:179,0
DA:180,0
DA:183,0
DA:185,0
DA:186,0
DA:192,0
DA:194,0
DA:195,0
DA:196,0
DA:198,0
DA:199,0
DA:200,0
DA:203,0
DA:211,0
DA:213,0
DA:214,0
DA:217,0
DA:218,0
DA:220,0
DA:222,0
DA:223,0
DA:224,0
DA:226,0
DA:227,0
DA:228,0
DA:229,0
DA:230,0
DA:231,0
DA:232,0
DA:233,0
DA:235,0
DA:238,0
DA:246,39
DA:248,39
DA:249,39
DA:250,0
DA:252,39
DA:253,39
DA:254,39
DA:256,39
DA:257,39
DA:258,39
DA:262,39
DA:264,39
DA:265,0
DA:268,39
DA:269,0
DA:271,0
DA:277,39
DA:278,39
DA:279,0
DA:281,0
DA:284,39
DA:285,39
DA:289,0
DA:291,0
DA:292,0
DA:295,0
DA:296,0
DA:299,0
DA:309,0
DA:310,0
DA:311,0
DA:313,0
DA:316,0
DA:318,0
DA:322,0
DA:324,0
DA:328,0
DA:330,0
DA:331,0
DA:332,0
DA:334,0
DA:337,0
DA:342,0
DA:343,0
DA:345,0
DA:348,0
DA:349,0
DA:350,0
DA:352,0
DA:358,0
DA:359,0
DA:362,0
DA:363,0
DA:367,0
DA:369,0
DA:370,0
LF:111
LH:24
end_of_record
TN:
SF:/home/kadir/mqtt-fuzzing/src/nanomq/nanomq/apps/broker.c
FNL:0,1014,1518
FNA:0,39,broker
FNL:1,114,123
FNA:1,41,sig_handler
FNL:2,1521,1524
FNA:2,0,broker_stop_for_test
FNL:3,1527,1604
FNA:3,0,print_usage
FNL:4,1607,1655
FNA:4,0,status_check
FNL:5,1658,1674
FNA:5,39,store_pid
FNL:6,1677,1710
FNA:6,0,predicate_url
FNL:7,1713,1761
FNA:7,39,file_path_parse
FNL:8,1764,1895
FNA:8,39,broker_parse_opts
FNL:9,1898,2019
FNA:9,39,broker_start
FNL:10,2022,2109
FNA:10,0,broker_start_with_conf
FNL:11,209,845
FNA:11,312,server_cb
FNL:12,2114,2131
FNA:12,0,broker_stop
FNL:13,2134,2183
FNA:13,0,broker_reload
FNL:14,2186,2201
FNA:14,0,broker_restart
FNL:15,2266,2270
FNA:15,0,broker_dflt
FNL:16,848,872
FNA:16,312,alloc_work
FNL:17,875,943
FNA:17,312,proto_work_init
FNL:18,951,954
FNA:18,0,get_hashmap
FNL:19,957,960
FNA:19,0,get_broker_db
FNL:20,963,1011
FNA:20,39,broker_release_workers
FNF:21
FNH:10
DA:114,41
DA:116,41
DA:118,41
DA:119,0
DA:121,41
DA:122,41
DA:123,41
DA:209,312
DA:211,312
DA:212,312
DA:213,312
DA:217,312
DA:219,312
DA:220,0
DA:223,312
DA:224,312
DA:226,312
DA:227,312
DA:228,312
DA:229,312
DA:237,0
DA:238,0
DA:240,312
DA:241,0
DA:242,0
DA:243,0
DA:244,0
DA:245,0
DA:246,0
DA:247,0
DA:248,0
DA:249,0
DA:250,0
DA:251,0
DA:252,0
DA:255,0
DA:256,0
DA:257,0
DA:259,0
DA:263,0
DA:264,0
DA:265,0
DA:266,0
DA:267,0
DA:269,0
DA:271,0
DA:273,0
DA:274,0
DA:275,0
DA:276,0
DA:277,0
DA:278,0
DA:280,0
DA:281,0
DA:284,0
DA:289,0
DA:290,0
DA:291,0
DA:292,0
DA:294,0
DA:295,0
DA:296,0
DA:297,0
DA:298,0
DA:299,0
DA:300,0
DA:301,0
DA:302,0
DA:304,0
DA:305,0
DA:325,0
DA:326,0
DA:328,0
DA:329,0
DA:330,0
DA:331,0
DA:332,0
DA:335,0
DA:343,0
DA:344,0
DA:345,0
DA:347,0
DA:348,0
DA:349,0
DA:350,0
DA:352,0
DA:353,0
DA:354,0
DA:356,0
DA:357,0
DA:358,0
DA:359,0
DA:362,0
DA:363,0
DA:364,0
DA:365,0
DA:366,0
DA:368,0
DA:369,0
DA:370,0
DA:371,0
DA:372,0
DA:373,0
DA:374,0
DA:375,0
DA:376,0
DA:377,0
DA:379,0
DA:380,0
DA:381,0
DA:383,0
DA:384,0
DA:385,0
DA:386,0
DA:389,0
DA:390,0
DA:391,0
DA:392,0
DA:393,0
DA:395,0
DA:396,0
DA:398,0
DA:400,0
DA:401,0
DA:402,0
DA:404,0
DA:407,0
DA:408,0
DA:410,0
DA:412,0
DA:413,0
DA:414,0
DA:416,0
DA:417,0
DA:419,0
DA:420,0
DA:421,0
DA:422,0
DA:424,0
DA:426,0
DA:428,0
DA:429,0
DA:430,0
DA:432,0
DA:433,0
DA:435,0
DA:438,0
DA:439,0
DA:440,0
DA:441,0
DA:442,0
DA:444,0
DA:446,0
DA:448,0
DA:449,0
DA:450,0
DA:451,0
DA:453,0
DA:455,0
DA:457,0
DA:458,0
DA:459,0
DA:460,0
DA:461,0
DA:462,0
DA:463,0
DA:464,0
DA:466,0
DA:467,0
DA:468,0
DA:469,0
DA:471,0
DA:473,0
DA:474,0
DA:475,0
DA:478,0
DA:480,0
DA:481,0
DA:484,0
DA:485,0
DA:486,0
DA:487,0
DA:488,0
DA:489,0
DA:490,0
DA:491,0
DA:493,0
DA:494,0
DA:496,0
DA:497,0
DA:499,0
DA:501,0
DA:504,0
DA:505,0
DA:507,0
DA:508,0
DA:509,0
DA:510,0
DA:512,0
DA:513,0
DA:514,0
DA:516,0
DA:518,0
DA:519,0
DA:520,0
DA:522,0
DA:524,0
DA:525,0
DA:526,0
DA:527,0
DA:529,0
DA:530,0
DA:532,0
DA:534,0
DA:535,0
DA:536,0
DA:537,0
DA:539,0
DA:541,0
DA:542,0
DA:543,0
DA:544,0
DA:546,0
DA:548,0
DA:549,0
DA:550,0
DA:551,0
DA:554,0
DA:557,0
DA:559,0
DA:560,0
DA:561,0
DA:563,0
DA:568,0
DA:569,0
DA:572,0
DA:574,0
DA:575,0
DA:576,0
DA:577,0
DA:579,0
DA:582,0
DA:584,0
DA:585,0
DA:589,0
DA:590,0
DA:591,0
DA:592,0
DA:593,0
DA:594,0
DA:595,0
DA:598,0
DA:599,0
DA:600,0
DA:601,0
DA:602,0
DA:606,0
DA:607,0
DA:608,0
DA:610,0
DA:612,0
DA:614,0
DA:615,0
DA:616,0
DA:617,0
DA:618,0
DA:619,0
DA:620,0
DA:621,0
DA:622,0
DA:623,0
DA:624,0
DA:627,0
DA:630,0
DA:631,0
DA:647,0
DA:648,0
DA:652,0
DA:657,0
DA:658,0
DA:660,0
DA:661,0
DA:662,0
DA:664,0
DA:665,0
DA:666,0
DA:667,0
DA:670,0
DA:671,0
DA:673,0
DA:674,0
DA:675,0
DA:676,0
DA:677,0
DA:678,0
DA:679,0
DA:680,0
DA:681,0
DA:682,0
DA:684,0
DA:686,0
DA:687,0
DA:688,0
DA:707,0
DA:708,0
DA:709,0
DA:710,0
DA:712,0
DA:713,0
DA:715,0
DA:716,0
DA:717,0
DA:719,0
DA:720,0
DA:721,0
DA:722,0
DA:725,0
DA:726,0
DA:727,0
DA:728,0
DA:729,0
DA:736,0
DA:738,0
DA:739,0
DA:740,0
DA:742,0
DA:743,0
DA:744,0
DA:746,0
DA:749,0
DA:751,0
DA:753,0
DA:754,0
DA:755,0
DA:756,0
DA:757,0
DA:758,0
DA:759,0
DA:760,0
DA:761,0
DA:762,0
DA:764,0
DA:765,0
DA:766,0
DA:767,0
DA:768,0
DA:769,0
DA:770,0
DA:771,0
DA:772,0
DA:775,0
DA:776,0
DA:778,0
DA:780,0
DA:782,0
DA:784,0
DA:786,0
DA:789,0
DA:792,0
DA:794,0
DA:796,0
DA:797,0
DA:801,0
DA:802,0
DA:803,0
DA:804,0
DA:807,0
DA:808,0
DA:810,0
DA:811,0
DA:812,0
DA:813,0
DA:814,0
DA:815,0
DA:817,0
DA:822,0
DA:824,0
DA:825,0
DA:826,0
DA:827,0
DA:828,0
DA:829,0
DA:831,0
DA:833,0
DA:834,0
DA:837,0
DA:838,0
DA:839,0
DA:840,0
DA:841,0
DA:842,0
DA:843,0
DA:848,312
DA:853,312
DA:854,0
DA:856,312
DA:857,0
DA:859,312
DA:860,0
DA:863,312
DA:864,312
DA:865,312
DA:866,312
DA:867,312
DA:868,312
DA:870,312
DA:871,312
DA:875,312
DA:880,312
DA:881,312
DA:882,312
DA:883,312
DA:884,312
DA:885,312
DA:892,312
DA:908,312
DA:909,0
DA:910,0
DA:918,312
DA:919,0
DA:920,0
DA:921,0
DA:923,0
DA:924,0
DA:925,0
DA:930,312
DA:931,0
DA:932,0
DA:934,0
DA:936,0
DA:937,0
DA:938,0
DA:942,312
DA:951,0
DA:953,0
DA:957,0
DA:959,0
DA:963,39
DA:967,39
DA:968,0
DA:970,39
DA:973,0
DA:974,0
DA:975,0
DA:976,0
DA:977,0
DA:979,0
DA:987,39
DA:989,39
DA:990,0
DA:991,0
DA:993,0
DA:994,0
DA:996,0
DA:997,0
DA:999,0
DA:1000,0
DA:1002,0
DA:1003,0
DA:1004,0
DA:1006,351
DA:1007,312
DA:1008,312
DA:1010,39
DA:1014,39
DA:1021,39
DA:1022,39
DA:1028,39
DA:1087,39
DA:1089,39
DA:1090,39
DA:1091,0
DA:1093,39
DA:1094,39
DA:1095,0
DA:1098,39
DA:1099,39
DA:1100,39
DA:1102,39
DA:1104,39
DA:1105,39
DA:1106,39
DA:1107,39
DA:1108,39
DA:1109,0
DA:1111,39
DA:1114,39
DA:1116,39
DA:1117,0
DA:1118,0
DA:1119,0
DA:1120,0
DA:1123,0
DA:1124,0
DA:1125,0
DA:1128,39
DA:1137,39
DA:1138,0
DA:1139,0
DA:1143,39
DA:1144,0
DA:1145,0
DA:1147,0
DA:1148,0
DA:1160,0
DA:1164,39
DA:1165,0
DA:1167,0
DA:1168,0
DA:1172,39
DA:1173,0
DA:1174,0
DA:1175,0
DA:1184,0
DA:1187,0
DA:1191,39
DA:1193,351
DA:1194,312
DA:1196,312
DA:1201,39
DA:1202,39
DA:1203,0
DA:1205,0
DA:1206,0
DA:1207,0
DA:1208,0
DA:1209,0
DA:1212,0
DA:1213,0
DA:1215,0
DA:1260,39
DA:1261,0
DA:1262,0
DA:1263,0
DA:1265,0
DA:1267,0
DA:1270,39
DA:1271,0
DA:1272,0
DA:1273,0
DA:1274,0
DA:1277,0
DA:1278,0
DA:1279,0
DA:1280,0
DA:1282,0
DA:1285,39
DA:1286,0
DA:1287,0
DA:1292,39
DA:1293,39
DA:1294,39
DA:1296,0
DA:1300,39
DA:1301,0
DA:1302,0
DA:1304,0
DA:1310,39
DA:1311,0
DA:1312,0
DA:1313,0
DA:1317,39
DA:1318,0
DA:1321,0
DA:1322,0
DA:1323,0
DA:1325,0
DA:1328,0
DA:1329,0
DA:1330,0
DA:1331,0
DA:1336,39
DA:1337,0
DA:1339,0
DA:1340,0
DA:1341,0
DA:1343,0
DA:1345,0
DA:1346,0
DA:1347,0
DA:1352,0
DA:1354,0
DA:1355,0
DA:1356,0
DA:1358,0
DA:1361,0
DA:1362,0
DA:1363,0
DA:1368,39
DA:1369,0
DA:1371,0
DA:1385,39
DA:1386,0
DA:1387,0
DA:1388,0
DA:1389,0
DA:1393,351
DA:1394,312
DA:1397,39
DA:1398,0
DA:1399,0
DA:1400,0
DA:1404,0
DA:1408,39
DA:1409,39
DA:1410,39
DA:1411,0
DA:1412,0
DA:1413,0
DA:1414,0
DA:1417,39
DA:1421,39
DA:1427,39
DA:1428,39
DA:1429,0
DA:1432,78
DA:1433,39
DA:1436,78
DA:1438,39
DA:1439,39
DA:1441,39
DA:1442,39
DA:1444,39
DA:1445,0
DA:1448,78
DA:1449,39
DA:1465,39
DA:1470,39
DA:1478,39
DA:1480,39
DA:1481,39
DA:1482,39
DA:1483,39
DA:1486,351
DA:1487,0
DA:1489,351
DA:1509,156
DA:1510,39
DA:1512,117
DA:1514,39
DA:1517,39
DA:1521,0
DA:1523,0
DA:1524,0
DA:1527,0
DA:1529,0
DA:1541,0
DA:1542,0
DA:1547,0
DA:1549,0
DA:1552,0
DA:1554,0
DA:1557,0
DA:1561,0
DA:1565,0
DA:1568,0
DA:1570,0
DA:1572,0
DA:1573,0
DA:1575,0
DA:1577,0
DA:1579,0
DA:1581,0
DA:1584,0
DA:1586,0
DA:1589,0
DA:1594,0
DA:1595,0
DA:1600,0
DA:1604,0
DA:1607,0
DA:1614,0
DA:1615,0
DA:1616,0
DA:1617,0
DA:1618,0
DA:1621,0
DA:1622,0
DA:1623,0
DA:1624,0
DA:1625,0
DA:1627,0
DA:1628,0
DA:1629,0
DA:1630,0
DA:1631,0
DA:1632,0
DA:1634,0
DA:1635,0
DA:1637,0
DA:1638,0
DA:1641,0
DA:1642,0
DA:1645,0
DA:1646,0
DA:1647,0
DA:1648,0
DA:1650,0
DA:1651,0
DA:1652,0
DA:1658,39
DA:1661,39
DA:1663,39
DA:1664,39
DA:1666,39
DA:1667,39
DA:1668,39
DA:1671,39
DA:1672,39
DA:1673,39
DA:1677,0
DA:1679,0
DA:1680,0
DA:1681,0
DA:1683,0
DA:1684,0
DA:1685,0
DA:1687,0
DA:1689,0
DA:1690,0
DA:1691,0
DA:1692,0
DA:1693,0
DA:1694,0
DA:1696,0
DA:1697,0
DA:1698,0
DA:1700,0
DA:1701,0
DA:1702,0
DA:1703,0
DA:1705,0
DA:1706,0
DA:1707,0
DA:1710,0
DA:1713,39
DA:1715,39
DA:1720,78
DA:1722,39
DA:1723,0
DA:1724,0
DA:1725,0
DA:1727,0
DA:1729,0
DA:1730,0
DA:1731,0
DA:1732,39
DA:1733,39
DA:1737,39
DA:1738,0
DA:1739,0
DA:1742,0
DA:1743,0
DA:1744,0
DA:1745,0
DA:1748,0
DA:1749,0
DA:1750,0
DA:1751,0
DA:1754,0
DA:1755,0
DA:1756,39
DA:1757,39
DA:1760,39
DA:1764,39
DA:1766,39
DA:1771,78
DA:1773,39
DA:1774,0
DA:1775,0
DA:1776,0
DA:1777,0
DA:1778,0
DA:1779,0
DA:1780,0
DA:1781,0
DA:1782,0
DA:1783,0
DA:1784,0
DA:1785,0
DA:1786,0
DA:1787,0
DA:1788,0
DA:1789,0
DA:1790,0
DA:1791,0
DA:1792,0
DA:1793,0
DA:1794,0
DA:1795,0
DA:1796,0
DA:1797,0
DA:1798,0
DA:1799,0
DA:1800,0
DA:1801,0
DA:1802,0
DA:1803,0
DA:1804,0
DA:1805,0
DA:1806,0
DA:1807,0
DA:1808,0
DA:1809,0
DA:1810,0
DA:1811,0
DA:1812,0
DA:1813,0
DA:1814,0
DA:1815,0
DA:1816,0
DA:1817,0
DA:1818,0
DA:1819,0
DA:1820,0
DA:1821,0
DA:1822,0
DA:1823,39
DA:1824,39
DA:1825,39
DA:1827,0
DA:1828,0
DA:1829,0
DA:1830,0
DA:1831,0
DA:1832,0
DA:1833,0
DA:1834,0
DA:1835,0
DA:1836,0
DA:1837,0
DA:1838,0
DA:1840,0
DA:1842,0
DA:1843,0
DA:1845,0
DA:1846,0
DA:1847,0
DA:1848,0
DA:1857,0
DA:1858,0
DA:1859,0
DA:1860,0
DA:1861,0
DA:1862,0
DA:1864,0
DA:1866,0
DA:1867,0
DA:1871,39
DA:1872,0
DA:1873,0
DA:1876,0
DA:1877,0
DA:1878,0
DA:1879,0
DA:1882,0
DA:1883,0
DA:1884,0
DA:1885,0
DA:1888,0
DA:1889,0
DA:1890,39
DA:1891,39
DA:1894,39
DA:1898,39
DA:1901,39
DA:1913,39
DA:1914,0
DA:1916,0
DA:1920,39
DA:1925,39
DA:1927,39
DA:1928,0
DA:1930,39
DA:1934,39
DA:1935,39
DA:1937,78
DA:1938,39
DA:1939,39
DA:1940,39
DA:1941,39
DA:1942,39
DA:1944,0
DA:1947,39
DA:1948,0
DA:1949,0
DA:1950,0
DA:1951,39
DA:1952,0
DA:1955,39
DA:1958,39
DA:1959,0
DA:1960,0
DA:1961,0
DA:1964,39
DA:1965,39
DA:1966,39
DA:1968,39
DA:1972,39
DA:1973,0
DA:1974,0
DA:1976,0
DA:1980,39
DA:1981,0
DA:1983,0
DA:1985,39
DA:1986,0
DA:1987,0
DA:1989,0
DA:1998,39
DA:1999,0
DA:2000,0
DA:2004,39
DA:2005,0
DA:2008,39
DA:2011,39
DA:2012,0
DA:2016,39
DA:2018,39
DA:2022,0
DA:2025,0
DA:2026,0
DA:2027,0
DA:2029,0
DA:2031,0
DA:2032,0
DA:2035,0
DA:2038,0
DA:2039,0
DA:2040,0
DA:2043,0
DA:2046,0
DA:2047,0
DA:2050,0
DA:2051,0
DA:2052,0
DA:2054,0
DA:2058,0
DA:2059,0
DA:2060,0
DA:2062,0
DA:2066,0
DA:2067,0
DA:2069,0
DA:2071,0
DA:2072,0
DA:2073,0
DA:2075,0
DA:2085,0
DA:2086,0
DA:2087,0
DA:2092,0
DA:2093,0
DA:2096,0
DA:2099,0
DA:2100,0
DA:2105,0
DA:2107,0
DA:2108,0
DA:2114,0
DA:2116,0
DA:2118,0
DA:2119,0
DA:2120,0
DA:2123,0
DA:2124,0
DA:2126,0
DA:2127,0
DA:2129,0
DA:2130,0
DA:2134,0
DA:2136,0
DA:2137,0
DA:2138,0
DA:2142,0
DA:2147,0
DA:2148,0
DA:2150,0
DA:2153,0
DA:2155,0
DA:2156,0
DA:2157,0
DA:2158,0
DA:2161,0
DA:2162,0
DA:2163,0
DA:2168,0
DA:2169,0
DA:2171,0
DA:2173,0
DA:2174,0
DA:2176,0
DA:2177,0
DA:2180,0
DA:2182,0
DA:2186,0
DA:2188,0
DA:2190,0
DA:2191,0
DA:2192,0
DA:2193,0
DA:2195,0
DA:2197,0
DA:2200,0
DA:2266,0
DA:2268,0
DA:2269,0
LF:1007
LH:193
end_of_record
TN:
SF:/home/kadir/mqtt-fuzzing/src/nanomq/nanomq/apps/nng_bridge.c
FNL:0,28,64
FNA:0,0,nng_proxy_sub_init
FNL:1,67,89
FNA:1,0,nng_proxy_pub_init
FNL:2,92,161
FNA:2,0,nng_pub_handler
FNF:3
FNH:0
DA:28,0
DA:30,0
DA:32,0
DA:33,0
DA:34,0
DA:36,0
DA:37,0
DA:38,0
DA:40,0
DA:41,0
DA:42,0
DA:44,0
DA:46,0
DA:48,0
DA:49,0
DA:50,0
DA:51,0
DA:52,0
DA:56,0
DA:57,0
DA:58,0
DA:60,0
DA:63,0
DA:67,0
DA:69,0
DA:71,0
DA:72,0
DA:73,0
DA:75,0
DA:76,0
DA:77,0
DA:79,0
DA:80,0
DA:81,0
DA:82,0
DA:83,0
DA:85,0
DA:88,0
DA:92,0
DA:94,0
DA:95,0
DA:96,0
DA:97,0
DA:99,0
DA:101,0
DA:104,0
DA:106,0
DA:107,0
DA:109,0
DA:111,0
DA:112,0
DA:113,0
DA:115,0
DA:116,0
DA:117,0
DA:120,0
DA:121,0
DA:124,0
DA:127,0
DA:128,0
DA:129,0
DA:130,0
DA:132,0
DA:133,0
DA:134,0
DA:135,0
DA:137,0
DA:138,0
DA:141,0
DA:142,0
DA:143,0
DA:146,0
DA:147,0
DA:148,0
DA:150,0
DA:152,0
DA:153,0
DA:156,0
LF:78
LH:0
end_of_record
TN:
SF:/home/kadir/mqtt-fuzzing/src/nanomq/nanomq/bridge.c
FNL:0,1220,1289
FNA:0,0,bridge_tcp_connect_cb
FNL:1,128,172
FNA:1,0,create_connect_msg
FNL:2,1293,1319
FNA:2,0,bridge_tcp_disconnect_cb
FNL:3,1323,1445
FNA:3,0,bridge_tcp_reload
FNL:4,1449,1563
FNA:4,0,bridge_tcp_client
FNL:5,1570,1591
FNA:5,0,bridge_send_cb
FNL:6,1594,1615
FNA:6,0,bridge_resend_cb
FNL:7,1619,1686
FNA:7,0,bridge_client
FNL:8,1689,1772
FNA:8,0,bridge_subscribe
FNL:9,175,185
FNA:9,0,create_disconnect_msg
FNL:10,1775,1858
FNA:10,0,bridge_unsubscribe
FNL:11,1861,1950
FNA:11,0,bridge_reload
FNL:12,189,299
FNA:12,0,bridge_downward_msg_coding
FNL:13,1954,2006
FNA:13,0,bridge_sub_handler
FNL:14,2009,2140
FNA:14,0,bridge_pub_handler
FNL:15,302,323
FNA:15,0,bridge_publish_msg
FNL:16,326,358
FNA:16,0,send_callback
FNL:17,408,437
FNA:17,0,sub_property
FNL:18,440,497
FNA:18,0,will_property
FNL:19,500,555
FNA:19,0,conn_property
FNL:20,51,73
FNA:20,0,apply_sqlite_config
FNL:21,558,561
FNA:21,0,hybrid_tcp_connect_cb
FNL:22,565,586
FNA:22,0,hybrid_tcp_disconnect_cb
FNL:23,588,681
FNA:23,0,hybrid_tcp_client
FNL:24,784,801
FNA:24,0,gen_fallback_url
FNL:25,804,878
FNA:25,0,hybrid_cb
FNL:26,881,945
FNA:26,0,hybrid_bridge_client
FNF:27
FNH:0
DA:51,0
DA:55,0
DA:71,0
DA:128,0
DA:133,0
DA:134,0
DA:135,0
DA:136,0
DA:137,0
DA:138,0
DA:139,0
DA:141,0
DA:142,0
DA:144,0
DA:145,0
DA:147,0
DA:148,0
DA:149,0
DA:150,0
DA:151,0
DA:152,0
DA:153,0
DA:157,0
DA:158,0
DA:159,0
DA:160,0
DA:162,0
DA:163,0
DA:166,0
DA:167,0
DA:168,0
DA:171,0
DA:175,0
DA:178,0
DA:179,0
DA:181,0
DA:182,0
DA:184,0
DA:189,0
DA:191,0
DA:193,0
DA:194,0
DA:197,0
DA:199,0
DA:200,0
DA:201,0
DA:202,0
DA:204,0
DA:205,0
DA:206,0
DA:207,0
DA:208,0
DA:210,0
DA:211,0
DA:213,0
DA:215,0
DA:216,0
DA:217,0
DA:218,0
DA:220,0
DA:221,0
DA:222,0
DA:223,0
DA:224,0
DA:226,0
DA:227,0
DA:228,0
DA:229,0
DA:230,0
DA:232,0
DA:233,0
DA:236,0
DA:237,0
DA:238,0
DA:242,0
DA:243,0
DA:244,0
DA:245,0
DA:246,0
DA:247,0
DA:248,0
DA:249,0
DA:250,0
DA:252,0
DA:253,0
DA:254,0
DA:255,0
DA:256,0
DA:257,0
DA:258,0
DA:259,0
DA:260,0
DA:262,0
DA:263,0
DA:264,0
DA:265,0
DA:267,0
DA:270,0
DA:272,0
DA:273,0
DA:274,0
DA:275,0
DA:278,0
DA:281,0
DA:282,0
DA:283,0
DA:285,0
DA:287,0
DA:288,0
DA:289,0
DA:290,0
DA:292,0
DA:294,0
DA:295,0
DA:298,0
DA:302,0
DA:309,0
DA:311,0
DA:312,0
DA:313,0
DA:314,0
DA:315,0
DA:316,0
DA:317,0
DA:318,0
DA:320,0
DA:322,0
DA:326,0
DA:328,0
DA:333,0
DA:334,0
DA:336,0
DA:337,0
DA:338,0
DA:339,0
DA:340,0
DA:341,0
DA:343,0
DA:344,0
DA:345,0
DA:346,0
DA:347,0
DA:348,0
DA:349,0
DA:350,0
DA:351,0
DA:352,0
DA:353,0
DA:354,0
DA:356,0
DA:408,0
DA:410,0
DA:411,0
DA:414,0
DA:415,0
DA:417,0
DA:420,0
DA:421,0
DA:422,0
DA:423,0
DA:424,0
DA:426,0
DA:427,0
DA:428,0
DA:429,0
DA:431,0
DA:434,0
DA:436,0
DA:440,0
DA:442,0
DA:443,0
DA:445,0
DA:446,0
DA:449,0
DA:451,0
DA:452,0
DA:455,0
DA:457,0
DA:458,0
DA:459,0
DA:460,0
DA:461,0
DA:463,0
DA:464,0
DA:465,0
DA:466,0
DA:467,0
DA:469,0
DA:470,0
DA:471,0
DA:472,0
DA:473,0
DA:475,0
DA:476,0
DA:478,0
DA:480,0
DA:481,0
DA:482,0
DA:483,0
DA:484,0
DA:486,0
DA:487,0
DA:488,0
DA:489,0
DA:491,0
DA:494,0
DA:496,0
DA:500,0
DA:502,0
DA:503,0
DA:505,0
DA:506,0
DA:508,0
DA:510,0
DA:511,0
DA:513,0
DA:515,0
DA:516,0
DA:518,0
DA:520,0
DA:521,0
DA:524,0
DA:526,0
DA:527,0
DA:530,0
DA:532,0
DA:533,0
DA:536,0
DA:538,0
DA:539,0
DA:540,0
DA:541,0
DA:542,0
DA:544,0
DA:545,0
DA:546,0
DA:547,0
DA:549,0
DA:552,0
DA:554,0
DA:558,0
DA:560,0
DA:561,0
DA:565,0
DA:567,0
DA:569,0
DA:570,0
DA:571,0
DA:577,0
DA:578,0
DA:579,0
DA:580,0
DA:581,0
DA:583,0
DA:584,0
DA:585,0
DA:586,0
DA:588,0
DA:591,0
DA:593,0
DA:594,0
DA:595,0
DA:597,0
DA:598,0
DA:599,0
DA:600,0
DA:603,0
DA:604,0
DA:605,0
DA:608,0
DA:610,0
DA:611,0
DA:613,0
DA:614,0
DA:615,0
DA:617,0
DA:630,0
DA:632,0
DA:633,0
DA:635,0
DA:636,0
DA:637,0
DA:638,0
DA:639,0
DA:641,0
DA:642,0
DA:643,0
DA:645,0
DA:646,0
DA:648,0
DA:649,0
DA:651,0
DA:653,0
DA:655,0
DA:656,0
DA:658,0
DA:659,0
DA:660,0
DA:661,0
DA:664,0
DA:666,0
DA:667,0
DA:668,0
DA:669,0
DA:671,0
DA:672,0
DA:674,0
DA:675,0
DA:676,0
DA:678,0
DA:680,0
DA:784,0
DA:785,0
DA:786,0
DA:787,0
DA:788,0
DA:789,0
DA:790,0
DA:791,0
DA:792,0
DA:793,0
DA:795,0
DA:796,0
DA:797,0
DA:798,0
DA:799,0
DA:800,0
DA:804,0
DA:806,0
DA:807,0
DA:809,0
DA:810,0
DA:811,0
DA:813,0
DA:814,0
DA:815,0
DA:816,0
DA:818,0
DA:819,0
DA:820,0
DA:821,0
DA:825,0
DA:827,0
DA:828,0
DA:829,0
DA:832,0
DA:833,0
DA:834,0
DA:835,0
DA:836,0
DA:838,0
DA:839,0
DA:840,0
DA:841,0
DA:843,0
DA:844,0
DA:845,0
DA:846,0
DA:856,0
DA:858,0
DA:859,0
DA:860,0
DA:861,0
DA:863,0
DA:864,0
DA:865,0
DA:867,0
DA:868,0
DA:869,0
DA:881,0
DA:883,0
DA:884,0
DA:885,0
DA:886,0
DA:888,0
DA:889,0
DA:890,0
DA:891,0
DA:892,0
DA:893,0
DA:894,0
DA:895,0
DA:896,0
DA:898,0
DA:900,0
DA:901,0
DA:902,0
DA:903,0
DA:904,0
DA:907,0
DA:908,0
DA:909,0
DA:910,0
DA:912,0
DA:913,0
DA:914,0
DA:915,0
DA:918,0
DA:919,0
DA:920,0
DA:921,0
DA:924,0
DA:925,0
DA:926,0
DA:927,0
DA:928,0
DA:929,0
DA:931,0
DA:932,0
DA:933,0
DA:935,0
DA:936,0
DA:938,0
DA:939,0
DA:940,0
DA:941,0
DA:944,0
DA:1220,0
DA:1223,0
DA:1224,0
DA:1225,0
DA:1227,0
DA:1229,0
DA:1230,0
DA:1231,0
DA:1232,0
DA:1293,0
DA:1295,0
DA:1297,0
DA:1300,0
DA:1302,0
DA:1303,0
DA:1308,0
DA:1309,0
DA:1310,0
DA:1311,0
DA:1319,0
DA:1323,0
DA:1326,0
DA:1327,0
DA:1329,0
DA:1330,0
DA:1331,0
DA:1332,0
DA:1335,0
DA:1336,0
DA:1337,0
DA:1340,0
DA:1342,0
DA:1343,0
DA:1345,0
DA:1346,0
DA:1347,0
DA:1349,0
DA:1351,0
DA:1352,0
DA:1355,0
DA:1357,0
DA:1358,0
DA:1359,0
DA:1361,0
DA:1363,0
DA:1364,0
DA:1365,0
DA:1366,0
DA:1367,0
DA:1368,0
DA:1369,0
DA:1370,0
DA:1371,0
DA:1372,0
DA:1373,0
DA:1374,0
DA:1375,0
DA:1376,0
DA:1377,0
DA:1378,0
DA:1393,0
DA:1394,0
DA:1395,0
DA:1396,0
DA:1398,0
DA:1401,0
DA:1402,0
DA:1403,0
DA:1405,0
DA:1406,0
DA:1408,0
DA:1409,0
DA:1411,0
DA:1412,0
DA:1414,0
DA:1415,0
DA:1416,0
DA:1417,0
DA:1418,0
DA:1419,0
DA:1421,0
DA:1422,0
DA:1423,0
DA:1424,0
DA:1425,0
DA:1428,0
DA:1429,0
DA:1430,0
DA:1431,0
DA:1432,0
DA:1434,0
DA:1435,0
DA:1436,0
DA:1438,0
DA:1439,0
DA:1441,0
DA:1442,0
DA:1444,0
DA:1449,0
DA:1452,0
DA:1453,0
DA:1455,0
DA:1456,0
DA:1457,0
DA:1458,0
DA:1461,0
DA:1462,0
DA:1463,0
DA:1466,0
DA:1468,0
DA:1469,0
DA:1471,0
DA:1472,0
DA:1473,0
DA:1475,0
DA:1477,0
DA:1478,0
DA:1480,0
DA:1482,0
DA:1483,0
DA:1484,0
DA:1486,0
DA:1488,0
DA:1489,0
DA:1490,0
DA:1491,0
DA:1492,0
DA:1493,0
DA:1494,0
DA:1495,0
DA:1496,0
DA:1497,0
DA:1498,0
DA:1499,0
DA:1500,0
DA:1501,0
DA:1502,0
DA:1503,0
DA:1518,0
DA:1520,0
DA:1521,0
DA:1522,0
DA:1523,0
DA:1525,0
DA:1526,0
DA:1527,0
DA:1530,0
DA:1531,0
DA:1533,0
DA:1534,0
DA:1536,0
DA:1537,0
DA:1539,0
DA:1540,0
DA:1543,0
DA:1544,0
DA:1545,0
DA:1546,0
DA:1547,0
DA:1550,0
DA:1551,0
DA:1552,0
DA:1553,0
DA:1554,0
DA:1556,0
DA:1557,0
DA:1559,0
DA:1560,0
DA:1562,0
DA:1570,0
DA:1573,0
DA:1575,0
DA:1576,0
DA:1579,0
DA:1580,0
DA:1581,0
DA:1582,0
DA:1583,0
DA:1584,0
DA:1585,0
DA:1586,0
DA:1587,0
DA:1588,0
DA:1590,0
DA:1591,0
DA:1594,0
DA:1597,0
DA:1599,0
DA:1600,0
DA:1602,0
DA:1603,0
DA:1604,0
DA:1605,0
DA:1606,0
DA:1607,0
DA:1608,0
DA:1609,0
DA:1610,0
DA:1612,0
DA:1614,0
DA:1615,0
DA:1619,0
DA:1624,0
DA:1625,0
DA:1626,0
DA:1627,0
DA:1629,0
DA:1630,0
DA:1631,0
DA:1632,0
DA:1633,0
DA:1634,0
DA:1635,0
DA:1637,0
DA:1638,0
DA:1639,0
DA:1640,0
DA:1641,0
DA:1642,0
DA:1643,0
DA:1644,0
DA:1645,0
DA:1646,0
DA:1648,0
DA:1649,0
DA:1652,0
DA:1653,0
DA:1654,0
DA:1660,0
DA:1661,0
DA:1662,0
DA:1663,0
DA:1664,0
DA:1668,0
DA:1669,0
DA:1671,0
DA:1673,0
DA:1674,0
DA:1677,0
DA:1678,0
DA:1679,0
DA:1680,0
DA:1684,0
DA:1685,0
DA:1689,0
DA:1692,0
DA:1693,0
DA:1694,0
DA:1701,0
DA:1702,0
DA:1704,0
DA:1705,0
DA:1708,0
DA:1709,0
DA:1710,0
DA:1711,0
DA:1712,0
DA:1713,0
DA:1715,0
DA:1716,0
DA:1717,0
DA:1718,0
DA:1722,0
DA:1723,0
DA:1724,0
DA:1726,0
DA:1727,0
DA:1728,0
DA:1729,0
DA:1733,0
DA:1734,0
DA:1735,0
DA:1736,0
DA:1738,0
DA:1739,0
DA:1740,0
DA:1741,0
DA:1744,0
DA:1746,0
DA:1747,0
DA:1749,0
DA:1751,0
DA:1752,0
DA:1755,0
DA:1756,0
DA:1757,0
DA:1759,0
DA:1760,0
DA:1761,0
DA:1762,0
DA:1763,0
DA:1766,0
DA:1767,0
DA:1768,0
DA:1769,0
DA:1771,0
DA:1775,0
DA:1778,0
DA:1779,0
DA:1780,0
DA:1787,0
DA:1788,0
DA:1790,0
DA:1791,0
DA:1794,0
DA:1795,0
DA:1796,0
DA:1797,0
DA:1798,0
DA:1799,0
DA:1801,0
DA:1802,0
DA:1803,0
DA:1804,0
DA:1808,0
DA:1809,0
DA:1810,0
DA:1812,0
DA:1813,0
DA:1814,0
DA:1815,0
DA:1819,0
DA:1820,0
DA:1821,0
DA:1822,0
DA:1824,0
DA:1825,0
DA:1826,0
DA:1827,0
DA:1830,0
DA:1832,0
DA:1833,0
DA:1835,0
DA:1837,0
DA:1838,0
DA:1841,0
DA:1842,0
DA:1843,0
DA:1845,0
DA:1846,0
DA:1847,0
DA:1848,0
DA:1849,0
DA:1852,0
DA:1853,0
DA:1854,0
DA:1855,0
DA:1857,0
DA:1861,0
DA:1863,0
DA:1864,0
DA:1865,0
DA:1867,0
DA:1868,0
DA:1875,0
DA:1876,0
DA:1886,0
DA:1887,0
DA:1888,0
DA:1891,0
DA:1892,0
DA:1893,0
DA:1894,0
DA:1896,0
DA:1897,0
DA:1898,0
DA:1899,0
DA:1902,0
DA:1903,0
DA:1904,0
DA:1911,0
DA:1912,0
DA:1913,0
DA:1914,0
DA:1915,0
DA:1916,0
DA:1918,0
DA:1919,0
DA:1920,0
DA:1921,0
DA:1922,0
DA:1923,0
DA:1924,0
DA:1926,0
DA:1927,0
DA:1928,0
DA:1929,0
DA:1930,0
DA:1939,0
DA:1941,0
DA:1942,0
DA:1943,0
DA:1944,0
DA:1945,0
DA:1946,0
DA:1949,0
DA:1954,0
DA:1959,0
DA:1960,0
DA:1961,0
DA:1962,0
DA:1964,0
DA:1967,0
DA:1969,0
DA:1971,0
DA:1972,0
DA:1975,0
DA:1976,0
DA:1977,0
DA:1979,0
DA:1982,0
DA:1984,0
DA:1985,0
DA:1986,0
DA:1987,0
DA:1989,0
DA:1990,0
DA:1991,0
DA:1992,0
DA:1996,0
DA:1997,0
DA:1998,0
DA:1999,0
DA:2000,0
DA:2002,0
DA:2005,0
DA:2009,0
DA:2011,0
DA:2012,0
DA:2013,0
DA:2017,0
DA:2018,0
DA:2019,0
DA:2021,0
DA:2022,0
DA:2023,0
DA:2024,0
DA:2025,0
DA:2026,0
DA:2027,0
DA:2028,0
DA:2029,0
DA:2030,0
DA:2031,0
DA:2032,0
DA:2033,0
DA:2035,0
DA:2036,0
DA:2037,0
DA:2038,0
DA:2039,0
DA:2041,0
DA:2042,0
DA:2043,0
DA:2045,0
DA:2046,0
DA:2047,0
DA:2049,0
DA:2050,0
DA:2051,0
DA:2052,0
DA:2053,0
DA:2054,0
DA:2055,0
DA:2056,0
DA:2058,0
DA:2060,0
DA:2061,0
DA:2062,0
DA:2063,0
DA:2064,0
DA:2065,0
DA:2066,0
DA:2067,0
DA:2069,0
DA:2073,0
DA:2074,0
DA:2075,0
DA:2076,0
DA:2077,0
DA:2078,0
DA:2079,0
DA:2080,0
DA:2081,0
DA:2082,0
DA:2083,0
DA:2085,0
DA:2086,0
DA:2089,0
DA:2090,0
DA:2091,0
DA:2093,0
DA:2097,0
DA:2099,0
DA:2104,0
DA:2105,0
DA:2106,0
DA:2110,0
DA:2112,0
DA:2113,0
DA:2115,0
DA:2116,0
DA:2118,0
DA:2119,0
DA:2120,0
DA:2122,0
DA:2126,0
DA:2127,0
DA:2128,0
DA:2130,0
DA:2132,0
DA:2136,0
DA:2138,0
DA:2139,0
LF:931
LH:0
end_of_record
TN:
SF:/home/kadir/mqtt-fuzzing/src/nanomq/nanomq/cmd_proc.c
FNL:0,107,161
FNA:0,39,cmd_server_cb
FNL:1,164,181
FNA:1,39,alloc_cmd_work
FNL:2,228,262
FNA:2,0,client
FNL:3,265,274
FNA:3,0,encode_client_cmd
FNL:4,277,280
FNA:4,0,start_cmd_client
FNL:5,34,104
FNA:5,0,handle_recv
FNF:6
FNH:2
DA:34,0
DA:36,0
DA:38,0
DA:39,0
DA:40,0
DA:41,0
DA:43,0
DA:45,0
DA:46,0
DA:47,0
DA:49,0
DA:51,0
DA:52,0
DA:53,0
DA:56,0
DA:57,0
DA:58,0
DA:61,0
DA:62,0
DA:63,0
DA:64,0
DA:67,0
DA:68,0
DA:69,0
DA:70,0
DA:72,0
DA:73,0
DA:75,0
DA:76,0
DA:77,0
DA:78,0
DA:79,0
DA:80,0
DA:81,0
DA:82,0
DA:83,0
DA:84,0
DA:87,0
DA:88,0
DA:89,0
DA:91,0
DA:93,0
DA:96,0
DA:97,0
DA:98,0
DA:100,0
DA:101,0
DA:102,0
DA:103,0
DA:107,39
DA:109,39
DA:113,39
DA:114,39
DA:115,39
DA:116,39
DA:117,39
DA:118,0
DA:119,0
DA:120,0
DA:122,0
DA:123,0
DA:124,0
DA:125,0
DA:127,0
DA:129,0
DA:131,0
DA:132,0
DA:136,0
DA:137,0
DA:138,0
DA:140,0
DA:142,0
DA:143,0
DA:144,0
DA:145,0
DA:146,0
DA:148,0
DA:149,0
DA:150,0
DA:151,0
DA:153,0
DA:154,0
DA:155,0
DA:157,0
DA:158,0
DA:159,0
DA:161,39
DA:164,39
DA:169,39
DA:170,0
DA:172,39
DA:173,0
DA:175,39
DA:176,0
DA:178,39
DA:179,39
DA:180,39
DA:228,0
DA:233,0
DA:234,0
DA:236,0
DA:237,0
DA:239,0
DA:240,0
DA:242,0
DA:243,0
DA:244,0
DA:247,0
DA:248,0
DA:251,0
DA:252,0
DA:254,0
DA:255,0
DA:257,0
DA:260,0
DA:261,0
DA:262,0
DA:265,0
DA:267,0
DA:268,0
DA:269,0
DA:270,0
DA:271,0
DA:272,0
DA:273,0
DA:277,0
DA:279,0
DA:280,0
LF:128
LH:15
end_of_record
TN:
SF:/home/kadir/mqtt-fuzzing/src/nanomq/nanomq/conf_api.c
FNL:0,1053,1062
FNA:0,0,reload_basic_config
FNL:1,106,130
FNA:1,0,get_auth_http_req_config
FNL:2,1065,1068
FNA:2,0,reload_sqlite_config
FNL:3,1071,1096
FNA:3,0,reload_auth_config
FNL:4,1099,1105
FNA:4,0,reload_log_config
FNL:5,133,152
FNA:5,0,get_auth_http_config
FNL:6,155,164
FNA:6,0,get_websocket_config
FNL:7,167,178
FNA:7,0,get_http_config
FNL:8,181,194
FNA:8,0,get_sqlite_config
FNL:9,197,211
FNA:9,0,get_user_properties
FNL:10,214,294
FNA:10,0,get_bridge_connector
FNL:11,22,42
FNA:11,0,get_reload_config
FNL:12,297,317
FNA:12,0,get_bridge_sub_properties
FNL:13,320,325
FNA:13,0,add_time_field
FNL:14,328,350
FNA:14,0,add_bridge_quic
FNL:15,353,440
FNA:15,0,get_bridge_config
FNL:16,443,496
FNA:16,0,set_reload_config
FNL:17,45,69
FNA:17,0,get_basic_config
FNL:18,499,612
FNA:18,0,set_basic_config
FNL:19,615,666
FNA:19,0,set_tls_config
FNL:20,669,714
FNA:20,0,set_http_config
FNL:21,717,741
FNA:21,0,set_websocket_config
FNL:22,72,85
FNA:22,0,get_tls_config
FNL:23,744,786
FNA:23,0,set_sqlite_config
FNL:24,790,821
FNA:24,0,set_auth_config
FNL:25,824,983
FNA:25,0,set_auth_http_req
FNL:26,88,103
FNA:26,0,get_auth_config
FNL:27,986,1050
FNA:27,0,set_auth_http_config
FNF:28
FNH:0
DA:22,0
DA:24,0
DA:26,0
DA:27,0
DA:28,0
DA:29,0
DA:30,0
DA:31,0
DA:32,0
DA:33,0
DA:34,0
DA:35,0
DA:36,0
DA:37,0
DA:38,0
DA:39,0
DA:40,0
DA:41,0
DA:45,0
DA:47,0
DA:48,0
DA:49,0
DA:50,0
DA:51,0
DA:52,0
DA:53,0
DA:54,0
DA:55,0
DA:56,0
DA:57,0
DA:58,0
DA:59,0
DA:60,0
DA:61,0
DA:62,0
DA:63,0
DA:64,0
DA:65,0
DA:66,0
DA:68,0
DA:72,0
DA:74,0
DA:75,0
DA:76,0
DA:77,0
DA:79,0
DA:80,0
DA:81,0
DA:82,0
DA:83,0
DA:84,0
DA:88,0
DA:90,0
DA:91,0
DA:92,0
DA:94,0
DA:96,0
DA:99,0
DA:102,0
DA:106,0
DA:108,0
DA:109,0
DA:110,0
DA:111,0
DA:112,0
DA:113,0
DA:114,0
DA:116,0
DA:118,0
DA:119,0
DA:120,0
DA:121,0
DA:124,0
DA:126,0
DA:127,0
DA:129,0
DA:133,0
DA:135,0
DA:136,0
DA:137,0
DA:138,0
DA:139,0
DA:140,0
DA:141,0
DA:143,0
DA:144,0
DA:145,0
DA:147,0
DA:148,0
DA:149,0
DA:151,0
DA:155,0
DA:157,0
DA:158,0
DA:159,0
DA:160,0
DA:161,0
DA:163,0
DA:167,0
DA:169,0
DA:170,0
DA:171,0
DA:172,0
DA:173,0
DA:174,0
DA:175,0
DA:176,0
DA:177,0
DA:181,0
DA:183,0
DA:184,0
DA:185,0
DA:186,0
DA:187,0
DA:188,0
DA:189,0
DA:190,0
DA:191,0
DA:193,0
DA:197,0
DA:199,0
DA:200,0
DA:201,0
DA:202,0
DA:203,0
DA:204,0
DA:205,0
DA:207,0
DA:209,0
DA:214,0
DA:216,0
DA:218,0
DA:219,0
DA:220,0
DA:221,0
DA:222,0
DA:223,0
DA:224,0
DA:226,0
DA:227,0
DA:228,0
DA:230,0
DA:231,0
DA:233,0
DA:234,0
DA:235,0
DA:236,0
DA:238,0
DA:239,0
DA:241,0
DA:242,0
DA:244,0
DA:245,0
DA:247,0
DA:249,0
DA:250,0
DA:252,0
DA:256,0
DA:260,0
DA:261,0
DA:263,0
DA:264,0
DA:266,0
DA:267,0
DA:269,0
DA:270,0
DA:271,0
DA:272,0
DA:274,0
DA:275,0
DA:276,0
DA:277,0
DA:278,0
DA:280,0
DA:281,0
DA:284,0
DA:288,0
DA:293,0
DA:297,0
DA:299,0
DA:300,0
DA:301,0
DA:302,0
DA:303,0
DA:304,0
DA:306,0
DA:308,0
DA:310,0
DA:314,0
DA:316,0
DA:320,0
DA:322,0
DA:323,0
DA:324,0
DA:325,0
DA:328,0
DA:350,0
DA:353,0
DA:355,0
DA:357,0
DA:358,0
DA:359,0
DA:360,0
DA:361,0
DA:364,0
DA:365,0
DA:366,0
DA:367,0
DA:368,0
DA:370,0
DA:372,0
DA:374,0
DA:375,0
DA:376,0
DA:377,0
DA:378,0
DA:379,0
DA:380,0
DA:382,0
DA:383,0
DA:384,0
DA:386,0
DA:388,0
DA:390,0
DA:391,0
DA:392,0
DA:393,0
DA:395,0
DA:397,0
DA:398,0
DA:399,0
DA:400,0
DA:401,0
DA:402,0
DA:403,0
DA:405,0
DA:406,0
DA:407,0
DA:409,0
DA:411,0
DA:413,0
DA:414,0
DA:417,0
DA:419,0
DA:421,0
DA:422,0
DA:426,0
DA:427,0
DA:428,0
DA:430,0
DA:433,0
DA:439,0
DA:443,0
DA:458,0
DA:459,0
DA:460,0
DA:462,0
DA:463,0
DA:464,0
DA:466,0
DA:467,0
DA:468,0
DA:470,0
DA:471,0
DA:472,0
DA:474,0
DA:475,0
DA:476,0
DA:478,0
DA:480,0
DA:481,0
DA:484,0
DA:485,0
DA:486,0
DA:488,0
DA:489,0
DA:490,0
DA:492,0
DA:493,0
DA:494,0
DA:496,0
DA:499,0
DA:501,0
DA:518,0
DA:519,0
DA:521,0
DA:523,0
DA:524,0
DA:526,0
DA:528,0
DA:529,0
DA:531,0
DA:533,0
DA:534,0
DA:538,0
DA:540,0
DA:541,0
DA:545,0
DA:547,0
DA:548,0
DA:550,0
DA:552,0
DA:553,0
DA:556,0
DA:558,0
DA:559,0
DA:561,0
DA:563,0
DA:564,0
DA:567,0
DA:569,0
DA:570,0
DA:573,0
DA:575,0
DA:576,0
DA:579,0
DA:581,0
DA:582,0
DA:585,0
DA:587,0
DA:589,0
DA:592,0
DA:595,0
DA:596,0
DA:598,0
DA:600,0
DA:601,0
DA:604,0
DA:606,0
DA:607,0
DA:610,0
DA:612,0
DA:615,0
DA:628,0
DA:629,0
DA:633,0
DA:634,0
DA:635,0
DA:637,0
DA:638,0
DA:639,0
DA:641,0
DA:642,0
DA:643,0
DA:645,0
DA:646,0
DA:647,0
DA:649,0
DA:650,0
DA:651,0
DA:653,0
DA:654,0
DA:655,0
DA:657,0
DA:658,0
DA:659,0
DA:661,0
DA:663,0
DA:664,0
DA:666,0
DA:669,0
DA:676,0
DA:677,0
DA:678,0
DA:679,0
DA:680,0
DA:683,0
DA:685,0
DA:686,0
DA:688,0
DA:690,0
DA:691,0
DA:694,0
DA:696,0
DA:697,0
DA:700,0
DA:702,0
DA:703,0
DA:704,0
DA:707,0
DA:708,0
DA:711,0
DA:714,0
DA:717,0
DA:725,0
DA:726,0
DA:727,0
DA:729,0
DA:730,0
DA:731,0
DA:733,0
DA:734,0
DA:735,0
DA:737,0
DA:738,0
DA:739,0
DA:741,0
DA:744,0
DA:755,0
DA:756,0
DA:760,0
DA:762,0
DA:763,0
DA:766,0
DA:768,0
DA:769,0
DA:772,0
DA:774,0
DA:775,0
DA:778,0
DA:780,0
DA:781,0
DA:784,0
DA:786,0
DA:790,0
DA:792,0
DA:793,0
DA:797,0
DA:798,0
DA:799,0
DA:800,0
DA:801,0
DA:802,0
DA:804,0
DA:805,0
DA:807,0
DA:810,0
DA:813,0
DA:814,0
DA:815,0
DA:816,0
DA:818,0
DA:819,0
DA:820,0
DA:821,0
DA:824,0
DA:832,0
DA:833,0
DA:835,0
DA:838,0
DA:839,0
DA:841,0
DA:844,0
DA:846,0
DA:848,0
DA:849,0
DA:851,0
DA:852,0
DA:853,0
DA:857,0
DA:858,0
DA:859,0
DA:860,0
DA:861,0
DA:862,0
DA:864,0
DA:865,0
DA:866,0
DA:871,0
DA:872,0
DA:874,0
DA:875,0
DA:876,0
DA:877,0
DA:878,0
DA:880,0
DA:881,0
DA:883,0
DA:884,0
DA:886,0
DA:887,0
DA:889,0
DA:890,0
DA:891,0
DA:895,0
DA:897,0
DA:898,0
DA:902,0
DA:904,0
DA:905,0
DA:909,0
DA:911,0
DA:912,0
DA:916,0
DA:918,0
DA:919,0
DA:923,0
DA:924,0
DA:925,0
DA:929,0
DA:931,0
DA:932,0
DA:936,0
DA:938,0
DA:939,0
DA:943,0
DA:945,0
DA:947,0
DA:951,0
DA:953,0
DA:954,0
DA:958,0
DA:960,0
DA:961,0
DA:965,0
DA:967,0
DA:969,0
DA:972,0
DA:978,0
DA:979,0
DA:983,0
DA:986,0
DA:988,0
DA:998,0
DA:999,0
DA:1001,0
DA:1004,0
DA:1005,0
DA:1008,0
DA:1011,0
DA:1012,0
DA:1016,0
DA:1019,0
DA:1020,0
DA:1023,0
DA:1026,0
DA:1027,0
DA:1030,0
DA:1033,0
DA:1034,0
DA:1035,0
DA:1039,0
DA:1040,0
DA:1041,0
DA:1045,0
DA:1046,0
DA:1047,0
DA:1050,0
DA:1053,0
DA:1055,0
DA:1056,0
DA:1057,0
DA:1058,0
DA:1059,0
DA:1060,0
DA:1061,0
DA:1062,0
DA:1065,0
DA:1067,0
DA:1068,0
DA:1071,0
DA:1073,0
DA:1074,0
DA:1075,0
DA:1076,0
DA:1078,0
DA:1079,0
DA:1080,0
DA:1081,0
DA:1083,0
DA:1084,0
DA:1085,0
DA:1086,0
DA:1088,0
DA:1089,0
DA:1091,0
DA:1094,0
DA:1095,0
DA:1099,0
DA:1102,0
DA:1103,0
DA:1105,0
LF:572
LH:0
end_of_record
TN:
SF:/home/kadir/mqtt-fuzzing/src/nanomq/nanomq/hashmap.c
FNL:0,108,115
FNA:0,0,nano_hashmap_get
FNL:1,118,125
FNA:1,0,nano_hashmap_remove
FNL:2,128,132
FNA:2,0,nano_hashmap_destroy
FNL:3,135,151
FNA:3,0,hashmap_create
FNL:4,153,177
FNA:4,0,hashmap_put
FNL:5,179,200
FNA:5,0,hashmap_get
FNL:6,202,228
FNA:6,0,hashmap_remove
FNL:7,230,257
FNA:7,0,hashmap_iterate_pairs
FNL:8,259,262
FNA:8,0,hashmap_destroy
FNL:9,264,266
FNA:9,0,hashmap_num_entries
FNL:10,268,341
FNA:10,0,hashmap_crc32_helper
FNL:11,343,362
FNA:11,0,hashmap_hash_helper_int_helper
FNL:12,364,367
FNA:12,0,hashmap_match_helper
FNL:13,369,415
FNA:13,0,hashmap_hash_helper
FNL:14,417,426
FNA:14,0,hashmap_rehash_iterator
FNL:15,430,455
FNA:15,0,hashmap_rehash_helper
FNL:16,90,95
FNA:16,0,nano_hashmap_create
FNL:17,98,105
FNA:17,0,nano_hashmap_put
FNF:18
FNH:0
DA:90,0
DA:93,0
DA:94,0
DA:98,0
DA:101,0
DA:102,0
DA:103,0
DA:104,0
DA:108,0
DA:111,0
DA:112,0
DA:113,0
DA:114,0
DA:118,0
DA:121,0
DA:122,0
DA:123,0
DA:124,0
DA:128,0
DA:130,0
DA:131,0
DA:132,0
DA:135,0
DA:138,0
DA:139,0
DA:141,0
DA:142,0
DA:145,0
DA:147,0
DA:148,0
DA:150,0
DA:153,0
DA:158,0
DA:159,0
DA:160,0
DA:165,0
DA:166,0
DA:167,0
DA:171,0
DA:172,0
DA:173,0
DA:176,0
DA:179,0
DA:185,0
DA:188,0
DA:189,0
DA:190,0
DA:191,0
DA:195,0
DA:199,0
DA:202,0
DA:208,0
DA:211,0
DA:212,0
DA:213,0
DA:215,0
DA:218,0
DA:220,0
DA:224,0
DA:227,0
DA:230,0
DA:240,0
DA:241,0
DA:242,0
DA:243,0
DA:244,0
DA:245,0
DA:246,0
DA:247,0
DA:248,0
DA:249,0
DA:250,0
DA:251,0
DA:252,0
DA:256,0
DA:259,0
DA:260,0
DA:261,0
DA:262,0
DA:264,0
DA:265,0
DA:268,0
DA:270,0
DA:334,0
DA:335,0
DA:336,0
DA:337,0
DA:339,0
DA:343,0
DA:346,0
DA:349,0
DA:350,0
DA:351,0
DA:352,0
DA:353,0
DA:354,0
DA:355,0
DA:356,0
DA:359,0
DA:361,0
DA:364,0
DA:366,0
DA:369,0
DA:376,0
DA:377,0
DA:381,0
DA:384,0
DA:386,0
DA:387,0
DA:389,0
DA:391,0
DA:392,0
DA:393,0
DA:396,0
DA:399,0
DA:403,0
DA:404,0
DA:405,0
DA:406,0
DA:407,0
DA:410,0
DA:414,0
DA:417,0
DA:419,0
DA:421,0
DA:422,0
DA:425,0
DA:430,0
DA:432,0
DA:436,0
DA:438,0
DA:439,0
DA:443,0
DA:446,0
DA:447,0
DA:450,0
DA:452,0
DA:454,0
LF:138
LH:0
end_of_record
TN:
SF:/home/kadir/mqtt-fuzzing/src/nanomq/nanomq/mqtt_api.c
FNL:0,106,113
FNA:0,0,create_cparam
FNL:1,119,161
FNA:1,0,decode_common_mqtt_msg
FNL:2,164,193
FNA:2,0,encode_common_mqtt_msg
FNL:3,198,223
FNA:3,0,log_file_init
FNL:4,226,251
FNA:4,39,log_init
FNL:5,254,268
FNA:5,0,log_fini
FNL:6,271,289
FNA:6,0,nano_pipe_get_local_address
FNL:7,292,311
FNA:7,0,nano_pipe_get_local_address6
FNL:8,38,57
FNA:8,39,nano_listen
FNL:9,60,103
FNA:9,0,init_listener_tls
FNF:10
FNH:2
DA:38,39
DA:44,39
DA:45,39
DA:46,39
DA:47,0
DA:48,0
DA:51,39
DA:53,0
DA:54,0
DA:56,39
DA:60,0
DA:65,0
DA:67,0
DA:68,0
DA:71,0
DA:72,0
DA:73,0
DA:75,0
DA:79,0
DA:81,0
DA:85,0
DA:86,0
DA:87,0
DA:88,0
DA:92,0
DA:93,0
DA:94,0
DA:98,0
DA:100,0
DA:101,0
DA:102,0
DA:106,0
DA:109,0
DA:110,0
DA:111,0
DA:112,0
DA:119,0
DA:122,0
DA:123,0
DA:124,0
DA:125,0
DA:127,0
DA:128,0
DA:129,0
DA:130,0
DA:131,0
DA:132,0
DA:133,0
DA:134,0
DA:135,0
DA:136,0
DA:137,0
DA:139,0
DA:140,0
DA:141,0
DA:142,0
DA:143,0
DA:144,0
DA:145,0
DA:147,0
DA:148,0
DA:150,0
DA:151,0
DA:153,0
DA:156,0
DA:158,0
DA:159,0
DA:160,0
DA:164,0
DA:167,0
DA:168,0
DA:170,0
DA:174,0
DA:177,0
DA:178,0
DA:179,0
DA:182,0
DA:183,0
DA:184,0
DA:185,0
DA:186,0
DA:187,0
DA:188,0
DA:189,0
DA:191,0
DA:192,0
DA:198,0
DA:200,0
DA:201,0
DA:202,0
DA:203,0
DA:207,0
DA:208,0
DA:209,0
DA:212,0
DA:213,0
DA:214,0
DA:215,0
DA:216,0
DA:217,0
DA:218,0
DA:219,0
DA:221,0
DA:222,0
DA:226,39
DA:228,39
DA:230,39
DA:232,39
DA:233,39
DA:236,39
DA:237,0
DA:238,0
DA:239,0
DA:241,0
DA:245,39
DA:246,0
DA:250,39
DA:254,0
DA:256,0
DA:257,0
DA:261,0
DA:262,0
DA:265,0
DA:267,0
DA:271,0
DA:278,0
DA:279,0
DA:280,0
DA:282,0
DA:284,0
DA:285,0
DA:287,0
DA:288,0
DA:292,0
DA:299,0
DA:300,0
DA:301,0
DA:303,0
DA:305,0
DA:306,0
DA:308,0
DA:310,0
LF:142
LH:14
end_of_record
TN:
SF:/home/kadir/mqtt-fuzzing/src/nanomq/nanomq/nanomq.c
FNL:0,114,118
FNA:0,39,check_trace
FNL:1,125,156
FNA:1,39,main
FNL:2,46,49
FNA:2,0,get_cache_argc
FNL:3,52,55
FNA:3,0,get_cache_argv
FNL:4,58,64
FNA:4,0,print_version
FNL:5,67,71
FNA:5,0,print_help
FNF:6
FNH:2
DA:46,0
DA:48,0
DA:52,0
DA:54,0
DA:58,0
DA:60,0
DA:62,0
DA:63,0
DA:64,0
DA:67,0
DA:69,0
DA:70,0
DA:71,0
DA:114,39
DA:117,39
DA:125,39
DA:128,39
DA:129,39
DA:130,0
DA:132,39
DA:133,39
DA:135,39
DA:136,0
DA:137,0
DA:140,39
DA:141,39
DA:142,0
DA:143,0
DA:144,0
DA:145,0
DA:146,0
DA:147,0
DA:148,0
DA:149,0
DA:151,0
DA:152,0
LF:36
LH:10
end_of_record
TN:
SF:/home/kadir/mqtt-fuzzing/src/nanomq/nanomq/process.c
FNL:0,103,117
FNA:0,0,process_create_child
FNL:1,26,32
FNA:1,0,process_is_alive
FNL:2,35,42
FNA:2,0,process_send_signal
FNL:3,45,61
FNA:3,0,pidgrp_send_signal
FNL:4,64,100
FNA:4,0,process_daemonize
FNF:5
FNH:0
DA:26,0
DA:28,0
DA:29,0
DA:31,0
DA:35,0
DA:37,0
DA:38,0
DA:40,0
DA:41,0
DA:45,0
DA:49,0
DA:50,0
DA:52,0
DA:53,0
DA:54,0
DA:56,0
DA:59,0
DA:60,0
DA:64,0
DA:68,0
DA:69,0
DA:70,0
DA:71,0
DA:72,0
DA:73,0
DA:74,0
DA:77,0
DA:78,0
DA:83,0
DA:84,0
DA:86,0
DA:88,0
DA:90,0
DA:91,0
DA:92,0
DA:93,0
DA:95,0
DA:96,0
DA:99,0
DA:103,0
DA:107,0
DA:109,0
DA:110,0
DA:111,0
DA:112,0
DA:113,0
DA:114,0
DA:115,0
LF:48
LH:0
end_of_record
TN:
SF:/home/kadir/mqtt-fuzzing/src/nanomq/nanomq/pub_handler.c
FNL:0,1600,1760
FNA:0,0,handle_pub
FNL:1,1780,1824
FNA:1,0,handle_pub_retain
FNL:2,1829,1871
FNA:2,0,free_pub_packet
FNL:3,1874,1879
FNA:3,0,free_msg_infos
FNL:4,1882,1893
FNA:4,0,append_bytes_with_type
FNL:5,1903,2064
FNA:5,0,encode_pub_message
FNL:6,2073,2269
FNA:6,0,decode_pub_message
FNL:7,2280,2290
FNA:7,0,bytes_to_str
FNL:8,2293,2308
FNA:8,0,print_hex
FNL:9,2311,2337
FNA:9,0,check_msg_exp
FNL:10,56,62
FNA:10,0,msg_statistics_init
FNL:11,65,68
FNA:11,0,nanomq_get_message_in
FNL:12,71,74
FNA:12,0,nanomq_get_message_out
FNL:13,77,80
FNA:13,0,nanomq_get_message_drop
FNL:14,92,96
FNA:14,312,init_pipe_content
FNL:15,99,134
FNA:15,0,foreach_client
FNF:16
FNH:1
DA:56,0
DA:58,0
DA:59,0
DA:60,0
DA:61,0
DA:62,0
DA:65,0
DA:67,0
DA:71,0
DA:73,0
DA:77,0
DA:79,0
DA:92,312
DA:94,312
DA:95,312
DA:96,312
DA:99,0
DA:105,0
DA:108,0
DA:109,0
DA:111,0
DA:112,0
DA:114,0
DA:115,0
DA:120,0
DA:122,0
DA:123,0
DA:127,0
DA:128,0
DA:129,0
DA:131,0
DA:133,0
DA:134,0
DA:1600,0
DA:1603,0
DA:1604,0
DA:1605,0
DA:1606,0
DA:1607,0
DA:1608,0
DA:1611,0
DA:1612,0
DA:1614,0
DA:1617,0
DA:1618,0
DA:1621,0
DA:1622,0
DA:1623,0
DA:1624,0
DA:1628,0
DA:1629,0
DA:1632,0
DA:1633,0
DA:1635,0
DA:1636,0
DA:1637,0
DA:1638,0
DA:1640,0
DA:1641,0
DA:1642,0
DA:1643,0
DA:1644,0
DA:1648,0
DA:1652,0
DA:1653,0
DA:1654,0
DA:1656,0
DA:1658,0
DA:1659,0
DA:1660,0
DA:1662,0
DA:1664,0
DA:1665,0
DA:1670,0
DA:1673,0
DA:1674,0
DA:1677,0
DA:1679,0
DA:1680,0
DA:1681,0
DA:1682,0
DA:1683,0
DA:1684,0
DA:1685,0
DA:1687,0
DA:1690,0
DA:1693,0
DA:1694,0
DA:1695,0
DA:1699,0
DA:1700,0
DA:1701,0
DA:1704,0
DA:1707,0
DA:1708,0
DA:1709,0
DA:1711,0
DA:1712,0
DA:1715,0
DA:1716,0
DA:1720,0
DA:1722,0
DA:1724,0
DA:1726,0
DA:1729,0
DA:1734,0
DA:1736,0
DA:1739,0
DA:1740,0
DA:1744,0
DA:1745,0
DA:1747,0
DA:1748,0
DA:1750,0
DA:1751,0
DA:1753,0
DA:1757,0
DA:1759,0
DA:1780,0
DA:1789,0
DA:1790,0
DA:1791,0
DA:1792,0
DA:1793,0
DA:1794,0
DA:1795,0
DA:1796,0
DA:1797,0
DA:1799,0
DA:1800,0
DA:1801,0
DA:1802,0
DA:1803,0
DA:1804,0
DA:1806,0
DA:1807,0
DA:1810,0
DA:1811,0
DA:1813,0
DA:1815,0
DA:1816,0
DA:1819,0
DA:1820,0
DA:1821,0
DA:1829,0
DA:1831,0
DA:1832,0
DA:1833,0
DA:1834,0
DA:1835,0
DA:1837,0
DA:1838,0
DA:1840,0
DA:1841,0
DA:1844,0
DA:1845,0
DA:1847,0
DA:1848,0
DA:1849,0
DA:1852,0
DA:1853,0
DA:1854,0
DA:1855,0
DA:1856,0
DA:1857,0
DA:1858,0
DA:1860,0
DA:1861,0
DA:1862,0
DA:1863,0
DA:1864,0
DA:1867,0
DA:1868,0
DA:1869,0
DA:1871,0
DA:1874,0
DA:1876,0
DA:1877,0
DA:1879,0
DA:1882,0
DA:1885,0
DA:1886,0
DA:1887,0
DA:1888,0
DA:1889,0
DA:1892,0
DA:1903,0
DA:1906,0
DA:1907,0
DA:1908,0
DA:1909,0
DA:1912,0
DA:1913,0
DA:1914,0
DA:1915,0
DA:1916,0
DA:1917,0
DA:1918,0
DA:1919,0
DA:1920,0
DA:1923,0
DA:1924,0
DA:1926,0
DA:1927,0
DA:1928,0
DA:1932,0
DA:1933,0
DA:1934,0
DA:1935,0
DA:1937,0
DA:1938,0
DA:1939,0
DA:1940,0
DA:1941,0
DA:1945,0
DA:1946,0
DA:1947,0
DA:1949,0
DA:1953,0
DA:1978,0
DA:1979,0
DA:1982,0
DA:1983,0
DA:1987,0
DA:1989,0
DA:1995,0
DA:1997,0
DA:1998,0
DA:1999,0
DA:2002,0
DA:2005,0
DA:2006,0
DA:2007,0
DA:2008,0
DA:2009,0
DA:2011,0
DA:2013,0
DA:2014,0
DA:2017,0
DA:2019,0
DA:2020,0
DA:2021,0
DA:2022,0
DA:2023,0
DA:2024,0
DA:2025,0
DA:2026,0
DA:2027,0
DA:2028,0
DA:2035,0
DA:2039,0
DA:2041,0
DA:2042,0
DA:2043,0
DA:2047,0
DA:2051,0
DA:2052,0
DA:2053,0
DA:2054,0
DA:2057,0
DA:2058,0
DA:2059,0
DA:2062,0
DA:2063,0
DA:2073,0
DA:2075,0
DA:2076,0
DA:2078,0
DA:2079,0
DA:2081,0
DA:2082,0
DA:2085,0
DA:2087,0
DA:2088,0
DA:2090,0
DA:2091,0
DA:2092,0
DA:2093,0
DA:2094,0
DA:2096,0
DA:2097,0
DA:2099,0
DA:2100,0
DA:2101,0
DA:2104,0
DA:2111,0
DA:2112,0
DA:2113,0
DA:2115,0
DA:2117,0
DA:2118,0
DA:2121,0
DA:2122,0
DA:2125,0
DA:2131,0
DA:2132,0
DA:2133,0
DA:2134,0
DA:2135,0
DA:2136,0
DA:2140,0
DA:2147,0
DA:2153,0
DA:2160,0
DA:2161,0
DA:2162,0
DA:2164,0
DA:2166,0
DA:2168,0
DA:2170,0
DA:2172,0
DA:2174,0
DA:2177,0
DA:2178,0
DA:2181,0
DA:2182,0
DA:2183,0
DA:2185,0
DA:2188,0
DA:2189,0
DA:2196,0
DA:2197,0
DA:2198,0
DA:2199,0
DA:2204,0
DA:2205,0
DA:2207,0
DA:2208,0
DA:2209,0
DA:2210,0
DA:2212,0
DA:2215,0
DA:2216,0
DA:2218,0
DA:2219,0
DA:2220,0
DA:2222,0
DA:2223,0
DA:2224,0
DA:2225,0
DA:2226,0
DA:2227,0
DA:2228,0
DA:2233,0
DA:2235,0
DA:2240,0
DA:2241,0
DA:2242,0
DA:2243,0
DA:2244,0
DA:2245,0
DA:2246,0
DA:2247,0
DA:2250,0
DA:2251,0
DA:2252,0
DA:2254,0
DA:2257,0
DA:2258,0
DA:2259,0
DA:2260,0
DA:2263,0
DA:2265,0
DA:2266,0
DA:2268,0
DA:2280,0
DA:2283,0
DA:2285,0
DA:2286,0
DA:2287,0
DA:2289,0
DA:2293,0
DA:2295,0
DA:2296,0
DA:2298,0
DA:2299,0
DA:2300,0
DA:2302,0
DA:2304,0
DA:2306,0
DA:2311,0
DA:2313,0
DA:2315,0
DA:2316,0
DA:2317,0
DA:2324,0
DA:2328,0
DA:2336,0
LF:388
LH:4
end_of_record
TN:
SF:/home/kadir/mqtt-fuzzing/src/nanomq/nanomq/rest_api.c
FNL:0,1225,1244
FNA:0,0,error_response
FNL:1,1247,1276
FNA:1,0,get_endpoints
FNL:2,1279,1288
FNA:2,0,get_uptime
FNL:3,1291,1295
FNA:3,0,get_version
FNL:4,1298,1331
FNA:4,0,get_brokers
FNL:5,1334,1339
FNA:5,0,get_conn_count_cb
FNL:6,1342,1381
FNA:6,0,get_nodes
FNL:7,1408,1494
FNA:7,0,get_client_cb
FNL:8,1497,1515
FNA:8,0,get_metric_cb
FNL:9,1518,1619
FNA:9,0,get_clients
FNL:10,1622,1675
FNA:10,0,compose_metrics
FNL:11,1680,1689
FNA:11,0,update_max_stats
FNL:12,1692,1695
FNA:12,0,get_client_exist_cb
FNL:13,1697,1717
FNA:13,0,get_topics_count
FNL:14,1720,1745
FNA:14,0,get_cpu_time
FNL:15,1749,1796
FNA:15,0,update_process_info
FNL:16,1800,1833
FNA:16,0,get_prometheus
FNL:17,1836,1941
FNA:17,0,get_metrics
FNL:18,1944,2025
FNA:18,0,get_subscriptions
FNL:19,2363,2471
FNA:19,0,post_rules
FNL:20,2474,2526
FNA:20,0,put_rules_repub_parse
FNL:21,2529,2548
FNA:21,0,put_rules_sqlite_parse
FNL:22,2551,2600
FNA:22,0,put_rules_mysql_parse
FNL:23,2604,2653
FNA:23,0,put_rules_postgresql_parse
FNL:24,2656,2705
FNA:24,0,put_rules_timescaledb_parse
FNL:25,2708,2780
FNA:25,0,put_rules_update_action
FNL:26,2783,2930
FNA:26,0,put_rules
FNL:27,2933,3003
FNA:27,0,delete_rules
FNL:28,3006,3033
FNA:28,0,get_rules_helper
FNL:29,3036,3095
FNA:29,0,get_rules
FNL:30,3098,3110
FNA:30,0,get_client_info_cb
FNL:31,3113,3160
FNA:31,0,get_tree
FNL:32,3163,3176
FNA:32,0,mk_str
FNL:33,3180,3207
FNA:33,0,ctrl_cb
FNL:34,3211,3255
FNA:34,0,post_ctrl
FNL:35,3258,3278
FNA:35,0,show_reload_config
FNL:36,3281,3307
FNA:36,0,post_reload_config
FNL:37,3311,3341
FNA:37,0,update_config
FNL:38,3344,3455
FNA:38,0,get_config
FNL:39,3458,3603
FNA:39,0,post_config
FNL:40,3606,3684
FNA:40,0,send_publish
FNL:41,3687,3817
FNA:41,0,properties_parse
FNL:42,3823,3916
FNA:42,0,handle_publish_msg
FNL:43,3919,4002
FNA:43,0,handle_subscribe_msg
FNL:44,4005,4036
FNA:44,0,handle_unsubscribe_msg
FNL:45,4042,4067
FNA:45,0,post_mqtt_msg
FNL:46,4070,4111
FNA:46,0,post_mqtt_msg_batch
FNL:47,4115,4147
FNA:47,0,get_file_content
FNL:48,412,421
FNA:48,0,get_time_str
FNL:49,4150,4172
FNA:49,0,get_mqtt_bridge
FNL:50,4176,4292
FNA:50,0,put_mqtt_bridge
FNL:51,424,491
FNA:51,0,uri_parse_tree
FNL:52,4295,4379
FNA:52,0,put_mqtt_bridge_switch
FNL:53,4382,4399
FNA:53,0,free_user_property
FNL:54,4402,4412
FNA:54,0,free_sub_property
FNL:55,4415,4433
FNA:55,0,free_topic_list
FNL:56,4436,4448
FNA:56,0,free_string_list
FNL:57,4451,4460
FNA:57,0,convert_topic_qos
FNL:58,4463,4471
FNA:58,0,convert_topic
FNL:59,4474,4491
FNA:59,0,bridge_properties_valid
FNL:60,4494,4536
FNA:60,0,bridge_properties_parse
FNL:61,4539,4733
FNA:61,0,post_mqtt_bridge_sub
FNL:62,4736,4882
FNA:62,0,post_mqtt_bridge_unsub
FNL:63,494,506
FNA:63,0,uri_tree_free
FNL:64,509,624
FNA:64,0,uri_param_parse
FNL:65,627,639
FNA:65,0,uri_param_free
FNL:66,642,674
FNA:66,0,uri_parse
FNL:67,677,685
FNA:67,0,uri_free
FNL:68,688,720
FNA:68,0,put_http_msg
FNL:69,723,748
FNA:69,0,destory_http_msg
FNL:70,823,826
FNA:70,0,jwt_authorize
FNL:71,830,888
FNA:71,0,basic_authorize
FNL:72,891,909
FNA:72,0,HexadecimalToDecimal
FNL:73,912,954
FNA:73,0,URLDecoding
FNL:74,957,1222
FNA:74,0,process_request
FNF:75
FNH:0
DA:412,0
DA:414,0
DA:415,0
DA:417,0
DA:419,0
DA:420,0
DA:424,0
DA:426,0
DA:427,0
DA:429,0
DA:430,0
DA:431,0
DA:433,0
DA:434,0
DA:435,0
DA:436,0
DA:438,0
DA:439,0
DA:440,0
DA:441,0
DA:442,0
DA:443,0
DA:444,0
DA:447,0
DA:449,0
DA:451,0
DA:452,0
DA:453,0
DA:454,0
DA:455,0
DA:456,0
DA:457,0
DA:458,0
DA:460,0
DA:461,0
DA:462,0
DA:464,0
DA:465,0
DA:466,0
DA:467,0
DA:468,0
DA:469,0
DA:470,0
DA:473,0
DA:475,0
DA:477,0
DA:478,0
DA:479,0
DA:480,0
DA:481,0
DA:483,0
DA:484,0
DA:489,0
DA:490,0
DA:494,0
DA:496,0
DA:497,0
DA:498,0
DA:499,0
DA:500,0
DA:501,0
DA:503,0
DA:504,0
DA:506,0
DA:509,0
DA:511,0
DA:512,0
DA:514,0
DA:515,0
DA:516,0
DA:518,0
DA:519,0
DA:521,0
DA:522,0
DA:523,0
DA:524,0
DA:525,0
DA:527,0
DA:529,0
DA:531,0
DA:532,0
DA:533,0
DA:534,0
DA:535,0
DA:537,0
DA:538,0
DA:540,0
DA:541,0
DA:542,0
DA:543,0
DA:544,0
DA:546,0
DA:548,0
DA:550,0
DA:551,0
DA:553,0
DA:556,0
DA:557,0
DA:559,0
DA:560,0
DA:561,0
DA:562,0
DA:563,0
DA:564,0
DA:567,0
DA:568,0
DA:570,0
DA:571,0
DA:572,0
DA:573,0
DA:574,0
DA:575,0
DA:576,0
DA:577,0
DA:578,0
DA:579,0
DA:582,0
DA:583,0
DA:584,0
DA:585,0
DA:587,0
DA:588,0
DA:590,0
DA:591,0
DA:592,0
DA:593,0
DA:596,0
DA:597,0
DA:598,0
DA:599,0
DA:600,0
DA:601,0
DA:604,0
DA:605,0
DA:607,0
DA:608,0
DA:609,0
DA:611,0
DA:612,0
DA:614,0
DA:616,0
DA:617,0
DA:618,0
DA:619,0
DA:622,0
DA:623,0
DA:627,0
DA:629,0
DA:630,0
DA:631,0
DA:632,0
DA:633,0
DA:634,0
DA:636,0
DA:637,0
DA:639,0
DA:642,0
DA:644,0
DA:645,0
DA:646,0
DA:647,0
DA:648,0
DA:649,0
DA:651,0
DA:652,0
DA:653,0
DA:656,0
DA:657,0
DA:659,0
DA:660,0
DA:661,0
DA:662,0
DA:664,0
DA:665,0
DA:666,0
DA:668,0
DA:671,0
DA:672,0
DA:673,0
DA:677,0
DA:679,0
DA:680,0
DA:681,0
DA:682,0
DA:683,0
DA:685,0
DA:688,0
DA:691,0
DA:692,0
DA:693,0
DA:696,0
DA:697,0
DA:698,0
DA:701,0
DA:702,0
DA:703,0
DA:706,0
DA:707,0
DA:708,0
DA:711,0
DA:712,0
DA:713,0
DA:714,0
DA:715,0
DA:717,0
DA:718,0
DA:723,0
DA:725,0
DA:726,0
DA:727,0
DA:730,0
DA:731,0
DA:732,0
DA:735,0
DA:736,0
DA:737,0
DA:739,0
DA:740,0
DA:741,0
DA:743,0
DA:744,0
DA:745,0
DA:746,0
DA:748,0
DA:823,0
DA:825,0
DA:830,0
DA:832,0
DA:834,0
DA:835,0
DA:838,0
DA:839,0
DA:841,0
DA:842,0
DA:845,0
DA:846,0
DA:847,0
DA:848,0
DA:850,0
DA:852,0
DA:854,0
DA:855,0
DA:857,0
DA:858,0
DA:859,0
DA:860,0
DA:862,0
DA:864,0
DA:865,0
DA:866,0
DA:867,0
DA:868,0
DA:869,0
DA:872,0
DA:874,0
DA:875,0
DA:876,0
DA:877,0
DA:880,0
DA:883,0
DA:884,0
DA:885,0
DA:887,0
DA:891,0
DA:893,0
DA:894,0
DA:896,0
DA:898,0
DA:900,0
DA:901,0
DA:902,0
DA:903,0
DA:905,0
DA:908,0
DA:912,0
DA:913,0
DA:914,0
DA:917,0
DA:918,0
DA:919,0
DA:923,0
DA:924,0
DA:925,0
DA:928,0
DA:929,0
DA:931,0
DA:932,0
DA:934,0
DA:935,0
DA:936,0
DA:937,0
DA:941,0
DA:943,0
DA:944,0
DA:945,0
DA:947,0
DA:952,0
DA:953,0
DA:957,0
DA:959,0
DA:960,0
DA:961,0
DA:962,0
DA:963,0
DA:964,0
DA:965,0
DA:966,0
DA:967,0
DA:969,0
DA:971,0
DA:972,0
DA:973,0
DA:974,0
DA:978,0
DA:980,0
DA:981,0
DA:982,0
DA:983,0
DA:984,0
DA:985,0
DA:986,0
DA:987,0
DA:988,0
DA:989,0
DA:990,0
DA:991,0
DA:992,0
DA:993,0
DA:994,0
DA:995,0
DA:996,0
DA:997,0
DA:999,0
DA:1000,0
DA:1001,0
DA:1002,0
DA:1004,0
DA:1005,0
DA:1006,0
DA:1007,0
DA:1009,0
DA:1010,0
DA:1011,0
DA:1012,0
DA:1013,0
DA:1015,0
DA:1016,0
DA:1017,0
DA:1018,0
DA:1019,0
DA:1021,0
DA:1022,0
DA:1023,0
DA:1024,0
DA:1025,0
DA:1027,0
DA:1028,0
DA:1029,0
DA:1030,0
DA:1031,0
DA:1032,0
DA:1033,0
DA:1034,0
DA:1035,0
DA:1037,0
DA:1038,0
DA:1039,0
DA:1040,0
DA:1041,0
DA:1042,0
DA:1043,0
DA:1044,0
DA:1045,0
DA:1046,0
DA:1047,0
DA:1048,0
DA:1049,0
DA:1050,0
DA:1051,0
DA:1052,0
DA:1053,0
DA:1054,0
DA:1055,0
DA:1056,0
DA:1057,0
DA:1058,0
DA:1059,0
DA:1060,0
DA:1061,0
DA:1062,0
DA:1063,0
DA:1064,0
DA:1065,0
DA:1089,0
DA:1090,0
DA:1091,0
DA:1093,0
DA:1094,0
DA:1095,0
DA:1096,0
DA:1097,0
DA:1098,0
DA:1099,0
DA:1100,0
DA:1101,0
DA:1102,0
DA:1103,0
DA:1104,0
DA:1105,0
DA:1106,0
DA:1107,0
DA:1108,0
DA:1109,0
DA:1110,0
DA:1111,0
DA:1112,0
DA:1113,0
DA:1114,0
DA:1115,0
DA:1116,0
DA:1117,0
DA:1118,0
DA:1119,0
DA:1120,0
DA:1121,0
DA:1122,0
DA:1123,0
DA:1124,0
DA:1125,0
DA:1126,0
DA:1127,0
DA:1128,0
DA:1129,0
DA:1130,0
DA:1131,0
DA:1132,0
DA:1133,0
DA:1134,0
DA:1135,0
DA:1136,0
DA:1137,0
DA:1138,0
DA:1139,0
DA:1140,0
DA:1141,0
DA:1142,0
DA:1143,0
DA:1172,0
DA:1173,0
DA:1174,0
DA:1176,0
DA:1177,0
DA:1178,0
DA:1179,0
DA:1180,0
DA:1181,0
DA:1182,0
DA:1183,0
DA:1184,0
DA:1185,0
DA:1186,0
DA:1187,0
DA:1188,0
DA:1189,0
DA:1190,0
DA:1191,0
DA:1192,0
DA:1194,0
DA:1195,0
DA:1196,0
DA:1198,0
DA:1199,0
DA:1200,0
DA:1201,0
DA:1202,0
DA:1203,0
DA:1205,0
DA:1206,0
DA:1207,0
DA:1210,0
DA:1211,0
DA:1212,0
DA:1215,0
DA:1216,0
DA:1218,0
DA:1219,0
DA:1220,0
DA:1221,0
DA:1225,0
DA:1227,0
DA:1229,0
DA:1232,0
DA:1233,0
DA:1235,0
DA:1237,0
DA:1238,0
DA:1240,0
DA:1241,0
DA:1243,0
DA:1247,0
DA:1249,0
DA:1250,0
DA:1252,0
DA:1253,0
DA:1255,0
DA:1257,0
DA:1259,0
DA:1260,0
DA:1261,0
DA:1262,0
DA:1263,0
DA:1264,0
DA:1265,0
DA:1267,0
DA:1269,0
DA:1270,0
DA:1272,0
DA:1273,0
DA:1275,0
DA:1279,0
DA:1281,0
DA:1282,0
DA:1283,0
DA:1284,0
DA:1286,0
DA:1288,0
DA:1291,0
DA:1293,0
DA:1295,0
DA:1298,0
DA:1300,0
DA:1301,0
DA:1303,0
DA:1304,0
DA:1306,0
DA:1307,0
DA:1309,0
DA:1310,0
DA:1312,0
DA:1314,0
DA:1315,0
DA:1316,0
DA:1317,0
DA:1318,0
DA:1319,0
DA:1320,0
DA:1321,0
DA:1322,0
DA:1324,0
DA:1325,0
DA:1327,0
DA:1328,0
DA:1330,0
DA:1334,0
DA:1336,0
DA:1337,0
DA:1338,0
DA:1339,0
DA:1342,0
DA:1344,0
DA:1346,0
DA:1347,0
DA:1349,0
DA:1350,0
DA:1352,0
DA:1353,0
DA:1354,0
DA:1355,0
DA:1357,0
DA:1361,0
DA:1363,0
DA:1367,0
DA:1368,0
DA:1369,0
DA:1370,0
DA:1372,0
DA:1373,0
DA:1375,0
DA:1376,0
DA:1378,0
DA:1379,0
DA:1380,0
DA:1408,0
DA:1410,0
DA:1411,0
DA:1412,0
DA:1413,0
DA:1414,0
DA:1415,0
DA:1416,0
DA:1417,0
DA:1418,0
DA:1420,0
DA:1421,0
DA:1422,0
DA:1423,0
DA:1426,0
DA:1427,0
DA:1428,0
DA:1429,0
DA:1430,0
DA:1431,0
DA:1435,0
DA:1436,0
DA:1437,0
DA:1438,0
DA:1439,0
DA:1440,0
DA:1442,0
DA:1443,0
DA:1444,0
DA:1445,0
DA:1446,0
DA:1450,0
DA:1451,0
DA:1452,0
DA:1455,0
DA:1456,0
DA:1457,0
DA:1458,0
DA:1459,0
DA:1463,0
DA:1464,0
DA:1465,0
DA:1469,0
DA:1470,0
DA:1471,0
DA:1473,0
DA:1474,0
DA:1475,0
DA:1477,0
DA:1478,0
DA:1479,0
DA:1480,0
DA:1481,0
DA:1482,0
DA:1484,0
DA:1485,0
DA:1491,0
DA:1493,0
DA:1497,0
DA:1499,0
DA:1500,0
DA:1501,0
DA:1502,0
DA:1503,0
DA:1505,0
DA:1506,0
DA:1507,0
DA:1509,0
DA:1515,0
DA:1518,0
DA:1521,0
DA:1525,0
DA:1529,0
DA:1541,0
DA:1542,0
DA:1543,0
DA:1544,0
DA:1545,0
DA:1546,0
DA:1547,0
DA:1548,0
DA:1550,0
DA:1551,0
DA:1553,0
DA:1555,0
DA:1557,0
DA:1558,0
DA:1559,0
DA:1560,0
DA:1561,0
DA:1563,0
DA:1564,0
DA:1566,0
DA:1568,0
DA:1569,0
DA:1570,0
DA:1571,0
DA:1572,0
DA:1573,0
DA:1574,0
DA:1575,0
DA:1576,0
DA:1577,0
DA:1578,0
DA:1579,0
DA:1581,0
DA:1582,0
DA:1584,0
DA:1588,0
DA:1590,0
DA:1593,0
DA:1594,0
DA:1596,0
DA:1597,0
DA:1598,0
DA:1600,0
DA:1602,0
DA:1603,0
DA:1609,0
DA:1610,0
DA:1611,0
DA:1613,0
DA:1616,0
DA:1618,0
DA:1622,0
DA:1624,0
DA:1670,0
DA:1673,0
DA:1674,0
DA:1675,0
DA:1680,0
DA:1683,0
DA:1684,0
DA:1685,0
DA:1686,0
DA:1687,0
DA:1688,0
DA:1689,0
DA:1692,0
DA:1694,0
DA:1697,0
DA:1699,0
DA:1701,0
DA:1702,0
DA:1704,0
DA:1705,0
DA:1706,0
DA:1707,0
DA:1708,0
DA:1710,0
DA:1711,0
DA:1713,0
DA:1715,0
DA:1716,0
DA:1720,0
DA:1725,0
DA:1726,0
DA:1727,0
DA:1728,0
DA:1731,0
DA:1734,0
DA:1737,0
DA:1739,0
DA:1740,0
DA:1741,0
DA:1743,0
DA:1744,0
DA:1749,0
DA:1754,0
DA:1755,0
DA:1756,0
DA:1757,0
DA:1760,0
DA:1762,0
DA:1764,0
DA:1765,0
DA:1766,0
DA:1767,0
DA:1771,0
DA:1775,0
DA:1776,0
DA:1777,0
DA:1779,0
DA:1781,0
DA:1783,0
DA:1784,0
DA:1785,0
DA:1786,0
DA:1787,0
DA:1788,0
DA:1789,0
DA:1790,0
DA:1792,0
DA:1793,0
DA:1795,0
DA:1800,0
DA:1803,0
DA:1805,0
DA:1809,0
DA:1811,0
DA:1814,0
DA:1815,0
DA:1817,0
DA:1818,0
DA:1819,0
DA:1823,0
DA:1826,0
DA:1827,0
DA:1828,0
DA:1830,0
DA:1832,0
DA:1836,0
DA:1839,0
DA:1840,0
DA:1841,0
DA:1843,0
DA:1846,0
DA:1849,0
DA:1850,0
DA:1852,0
DA:1853,0
DA:1854,0
DA:1855,0
DA:1856,0
DA:1859,0
DA:1861,0
DA:1867,0
DA:1868,0
DA:1869,0
DA:1870,0
DA:1871,0
DA:1875,0
DA:1876,0
DA:1877,0
DA:1879,0
DA:1881,0
DA:1882,0
DA:1883,0
DA:1885,0
DA:1887,0
DA:1888,0
DA:1889,0
DA:1891,0
DA:1893,0
DA:1894,0
DA:1895,0
DA:1897,0
DA:1899,0
DA:1900,0
DA:1901,0
DA:1903,0
DA:1905,0
DA:1906,0
DA:1907,0
DA:1909,0
DA:1911,0
DA:1912,0
DA:1913,0
DA:1915,0
DA:1917,0
DA:1920,0
DA:1921,0
DA:1922,0
DA:1923,0
DA:1924,0
DA:1926,0
DA:1927,0
DA:1928,0
DA:1929,0
DA:1934,0
DA:1935,0
DA:1937,0
DA:1938,0
DA:1940,0
DA:1944,0
DA:1947,0
DA:1948,0
DA:1950,0
DA:1951,0
DA:1952,0
DA:1953,0
DA:1955,0
DA:1956,0
DA:1957,0
DA:1958,0
DA:1959,0
DA:1960,0
DA:1962,0
DA:1963,0
DA:1964,0
DA:1965,0
DA:1966,0
DA:1967,0
DA:1968,0
DA:1971,0
DA:1972,0
DA:1976,0
DA:1977,0
DA:1978,0
DA:1979,0
DA:1980,0
DA:1981,0
DA:1984,0
DA:1987,0
DA:1988,0
DA:1989,0
DA:1991,0
DA:1994,0
DA:1995,0
DA:1996,0
DA:1997,0
DA:1998,0
DA:2000,0
DA:2001,0
DA:2003,0
DA:2004,0
DA:2006,0
DA:2007,0
DA:2009,0
DA:2011,0
DA:2015,0
DA:2017,0
DA:2019,0
DA:2022,0
DA:2023,0
DA:2024,0
DA:2363,0
DA:2365,0
DA:2366,0
DA:2368,0
DA:2370,0
DA:2371,0
DA:2372,0
DA:2376,0
DA:2459,0
DA:2462,0
DA:2464,0
DA:2467,0
DA:2468,0
DA:2469,0
DA:2470,0
DA:2474,0
DA:2476,0
DA:2478,0
DA:2480,0
DA:2481,0
DA:2482,0
DA:2484,0
DA:2485,0
DA:2486,0
DA:2487,0
DA:2488,0
DA:2490,0
DA:2491,0
DA:2492,0
DA:2493,0
DA:2494,0
DA:2495,0
DA:2496,0
DA:2497,0
DA:2498,0
DA:2499,0
DA:2500,0
DA:2502,0
DA:2503,0
DA:2504,0
DA:2505,0
DA:2506,0
DA:2508,0
DA:2509,0
DA:2510,0
DA:2511,0
DA:2512,0
DA:2514,0
DA:2515,0
DA:2516,0
DA:2517,0
DA:2518,0
DA:2519,0
DA:2521,0
DA:2522,0
DA:2525,0
DA:2529,0
DA:2531,0
DA:2532,0
DA:2534,0
DA:2535,0
DA:2536,0
DA:2538,0
DA:2539,0
DA:2541,0
DA:2542,0
DA:2547,0
DA:2551,0
DA:2553,0
DA:2554,0
DA:2556,0
DA:2557,0
DA:2558,0
DA:2559,0
DA:2561,0
DA:2562,0
DA:2563,0
DA:2565,0
DA:2566,0
DA:2567,0
DA:2568,0
DA:2570,0
DA:2571,0
DA:2572,0
DA:2574,0
DA:2575,0
DA:2576,0
DA:2577,0
DA:2579,0
DA:2580,0
DA:2581,0
DA:2583,0
DA:2584,0
DA:2585,0
DA:2586,0
DA:2588,0
DA:2589,0
DA:2590,0
DA:2593,0
DA:2594,0
DA:2599,0
DA:2604,0
DA:2606,0
DA:2607,0
DA:2609,0
DA:2610,0
DA:2611,0
DA:2612,0
DA:2614,0
DA:2615,0
DA:2616,0
DA:2618,0
DA:2619,0
DA:2620,0
DA:2621,0
DA:2623,0
DA:2624,0
DA:2625,0
DA:2627,0
DA:2628,0
DA:2629,0
DA:2630,0
DA:2632,0
DA:2633,0
DA:2634,0
DA:2636,0
DA:2637,0
DA:2638,0
DA:2639,0
DA:2641,0
DA:2642,0
DA:2643,0
DA:2646,0
DA:2647,0
DA:2652,0
DA:2656,0
DA:2658,0
DA:2659,0
DA:2661,0
DA:2662,0
DA:2663,0
DA:2664,0
DA:2666,0
DA:2667,0
DA:2668,0
DA:2670,0
DA:2671,0
DA:2672,0
DA:2673,0
DA:2675,0
DA:2676,0
DA:2677,0
DA:2679,0
DA:2680,0
DA:2681,0
DA:2682,0
DA:2684,0
DA:2685,0
DA:2686,0
DA:2688,0
DA:2689,0
DA:2690,0
DA:2691,0
DA:2693,0
DA:2694,0
DA:2695,0
DA:2698,0
DA:2699,0
DA:2704,0
DA:2708,0
DA:2710,0
DA:2711,0
DA:2712,0
DA:2714,0
DA:2715,0
DA:2716,0
DA:2717,0
DA:2718,0
DA:2719,0
DA:2720,0
DA:2721,0
DA:2722,0
DA:2724,0
DA:2725,0
DA:2726,0
DA:2727,0
DA:2728,0
DA:2730,0
DA:2731,0
DA:2732,0
DA:2733,0
DA:2735,0
DA:2736,0
DA:2738,0
DA:2739,0
DA:2741,0
DA:2742,0
DA:2743,0
DA:2744,0
DA:2746,0
DA:2747,0
DA:2748,0
DA:2749,0
DA:2750,0
DA:2752,0
DA:2753,0
DA:2754,0
DA:2755,0
DA:2757,0
DA:2758,0
DA:2759,0
DA:2760,0
DA:2761,0
DA:2763,0
DA:2764,0
DA:2765,0
DA:2766,0
DA:2768,0
DA:2769,0
DA:2770,0
DA:2771,0
DA:2772,0
DA:2775,0
DA:2776,0
DA:2779,0
DA:2783,0
DA:2785,0
DA:2786,0
DA:2788,0
DA:2790,0
DA:2791,0
DA:2792,0
DA:2796,0
DA:2919,0
DA:2921,0
DA:2923,0
DA:2926,0
DA:2927,0
DA:2928,0
DA:2929,0
DA:2933,0
DA:2935,0
DA:2936,0
DA:2937,0
DA:2938,0
DA:2988,0
DA:2991,0
DA:2993,0
DA:2996,0
DA:2997,0
DA:2998,0
DA:3006,0
DA:3009,0
DA:3010,0
DA:3011,0
DA:3012,0
DA:3013,0
DA:3014,0
DA:3015,0
DA:3016,0
DA:3017,0
DA:3018,0
DA:3019,0
DA:3020,0
DA:3021,0
DA:3022,0
DA:3023,0
DA:3024,0
DA:3025,0
DA:3026,0
DA:3027,0
DA:3029,0
DA:3030,0
DA:3031,0
DA:3032,0
DA:3033,0
DA:3036,0
DA:3038,0
DA:3039,0
DA:3041,0
DA:3042,0
DA:3043,0
DA:3044,0
DA:3084,0
DA:3087,0
DA:3089,0
DA:3092,0
DA:3093,0
DA:3094,0
DA:3098,0
DA:3101,0
DA:3102,0
DA:3103,0
DA:3104,0
DA:3106,0
DA:3107,0
DA:3108,0
DA:3109,0
DA:3113,0
DA:3115,0
DA:3116,0
DA:3117,0
DA:3118,0
DA:3119,0
DA:3120,0
DA:3121,0
DA:3122,0
DA:3124,0
DA:3126,0
DA:3128,0
DA:3129,0
DA:3130,0
DA:3131,0
DA:3132,0
DA:3133,0
DA:3134,0
DA:3135,0
DA:3136,0
DA:3137,0
DA:3138,0
DA:3139,0
DA:3140,0
DA:3141,0
DA:3142,0
DA:3143,0
DA:3145,0
DA:3146,0
DA:3147,0
DA:3149,0
DA:3151,0
DA:3152,0
DA:3154,0
DA:3157,0
DA:3158,0
DA:3159,0
DA:3163,0
DA:3165,0
DA:3166,0
DA:3167,0
DA:3168,0
DA:3170,0
DA:3171,0
DA:3172,0
DA:3173,0
DA:3175,0
DA:3180,0
DA:3182,0
DA:3183,0
DA:3184,0
DA:3185,0
DA:3187,0
DA:3188,0
DA:3189,0
DA:3192,0
DA:3194,0
DA:3195,0
DA:3196,0
DA:3197,0
DA:3198,0
DA:3199,0
DA:3201,0
DA:3202,0
DA:3203,0
DA:3204,0
DA:3205,0
DA:3211,0
DA:3213,0
DA:3215,0
DA:3217,0
DA:3218,0
DA:3224,0
DA:3225,0
DA:3226,0
DA:3227,0
DA:3228,0
DA:3229,0
DA:3231,0
DA:3239,0
DA:3240,0
DA:3244,0
DA:3245,0
DA:3246,0
DA:3247,0
DA:3249,0
DA:3252,0
DA:3254,0
DA:3258,0
DA:3260,0
DA:3262,0
DA:3264,0
DA:3266,0
DA:3267,0
DA:3268,0
DA:3269,0
DA:3271,0
DA:3273,0
DA:3275,0
DA:3276,0
DA:3277,0
DA:3281,0
DA:3283,0
DA:3285,0
DA:3287,0
DA:3288,0
DA:3289,0
DA:3292,0
DA:3293,0
DA:3295,0
DA:3296,0
DA:3297,0
DA:3298,0
DA:3300,0
DA:3303,0
DA:3304,0
DA:3305,0
DA:3306,0
DA:3311,0
DA:3313,0
DA:3314,0
DA:3315,0
DA:3316,0
DA:3317,0
DA:3321,0
DA:3322,0
DA:3324,0
DA:3325,0
DA:3326,0
DA:3327,0
DA:3328,0
DA:3330,0
DA:3333,0
DA:3334,0
DA:3337,0
DA:3338,0
DA:3339,0
DA:3340,0
DA:3344,0
DA:3346,0
DA:3348,0
DA:3350,0
DA:3351,0
DA:3353,0
DA:3354,0
DA:3356,0
DA:3357,0
DA:3359,0
DA:3361,0
DA:3362,0
DA:3364,0
DA:3366,0
DA:3367,0
DA:3369,0
DA:3372,0
DA:3373,0
DA:3376,0
DA:3378,0
DA:3379,0
DA:3381,0
DA:3383,0
DA:3384,0
DA:3386,0
DA:3388,0
DA:3389,0
DA:3391,0
DA:3393,0
DA:3394,0
DA:3408,0
DA:3409,0
DA:3412,0
DA:3413,0
DA:3415,0
DA:3416,0
DA:3418,0
DA:3419,0
DA:3421,0
DA:3422,0
DA:3424,0
DA:3425,0
DA:3427,0
DA:3428,0
DA:3430,0
DA:3431,0
DA:3433,0
DA:3434,0
DA:3444,0
DA:3445,0
DA:3446,0
DA:3448,0
DA:3450,0
DA:3452,0
DA:3453,0
DA:3454,0
DA:3458,0
DA:3460,0
DA:3462,0
DA:3464,0
DA:3465,0
DA:3466,0
DA:3469,0
DA:3470,0
DA:3472,0
DA:3473,0
DA:3476,0
DA:3477,0
DA:3478,0
DA:3479,0
DA:3481,0
DA:3482,0
DA:3483,0
DA:3486,0
DA:3488,0
DA:3489,0
DA:3490,0
DA:3493,0
DA:3495,0
DA:3496,0
DA:3497,0
DA:3498,0
DA:3499,0
DA:3500,0
DA:3502,0
DA:3503,0
DA:3505,0
DA:3506,0
DA:3507,0
DA:3509,0
DA:3510,0
DA:3512,0
DA:3513,0
DA:3514,0
DA:3517,0
DA:3518,0
DA:3520,0
DA:3521,0
DA:3522,0
DA:3525,0
DA:3527,0
DA:3528,0
DA:3529,0
DA:3530,0
DA:3533,0
DA:3541,0
DA:3542,0
DA:3543,0
DA:3546,0
DA:3547,0
DA:3548,0
DA:3549,0
DA:3552,0
DA:3553,0
DA:3554,0
DA:3555,0
DA:3559,0
DA:3560,0
DA:3561,0
DA:3562,0
DA:3566,0
DA:3567,0
DA:3568,0
DA:3569,0
DA:3573,0
DA:3574,0
DA:3575,0
DA:3580,0
DA:3581,0
DA:3582,0
DA:3592,0
DA:3593,0
DA:3594,0
DA:3596,0
DA:3599,0
DA:3600,0
DA:3601,0
DA:3602,0
DA:3606,0
DA:3610,0
DA:3611,0
DA:3613,0
DA:3614,0
DA:3616,0
DA:3617,0
DA:3618,0
DA:3619,0
DA:3620,0
DA:3621,0
DA:3622,0
DA:3623,0
DA:3625,0
DA:3626,0
DA:3629,0
DA:3630,0
DA:3633,0
DA:3636,0
DA:3637,0
DA:3638,0
DA:3639,0
DA:3640,0
DA:3641,0
DA:3642,0
DA:3644,0
DA:3646,0
DA:3647,0
DA:3650,0
DA:3651,0
DA:3654,0
DA:3657,0
DA:3659,0
DA:3662,0
DA:3663,0
DA:3664,0
DA:3666,0
DA:3667,0
DA:3668,0
DA:3670,0
DA:3671,0
DA:3674,0
DA:3675,0
DA:3676,0
DA:3677,0
DA:3678,0
DA:3679,0
DA:3682,0
DA:3683,0
DA:3687,0
DA:3689,0
DA:3690,0
DA:3691,0
DA:3692,0
DA:3693,0
DA:3694,0
DA:3695,0
DA:3696,0
DA:3698,0
DA:3699,0
DA:3702,0
DA:3703,0
DA:3705,0
DA:3706,0
DA:3707,0
DA:3710,0
DA:3711,0
DA:3713,0
DA:3714,0
DA:3715,0
DA:3718,0
DA:3719,0
DA:3720,0
DA:3721,0
DA:3722,0
DA:3723,0
DA:3726,0
DA:3727,0
DA:3728,0
DA:3729,0
DA:3730,0
DA:3731,0
DA:3734,0
DA:3735,0
DA:3737,0
DA:3738,0
DA:3739,0
DA:3742,0
DA:3743,0
DA:3744,0
DA:3745,0
DA:3746,0
DA:3747,0
DA:3750,0
DA:3753,0
DA:3754,0
DA:3755,0
DA:3757,0
DA:3760,0
DA:3762,0
DA:3764,0
DA:3765,0
DA:3769,0
DA:3770,0
DA:3772,0
DA:3773,0
DA:3775,0
DA:3776,0
DA:3777,0
DA:3779,0
DA:3780,0
DA:3782,0
DA:3785,0
DA:3786,0
DA:3787,0
DA:3789,0
DA:3790,0
DA:3793,0
DA:3794,0
DA:3795,0
DA:3796,0
DA:3797,0
DA:3800,0
DA:3803,0
DA:3804,0
DA:3809,0
DA:3810,0
DA:3812,0
DA:3813,0
DA:3814,0
DA:3816,0
DA:3823,0
DA:3826,0
DA:3828,0
DA:3829,0
DA:3830,0
DA:3831,0
DA:3832,0
DA:3833,0
DA:3834,0
DA:3835,0
DA:3838,0
DA:3839,0
DA:3841,0
DA:3842,0
DA:3843,0
DA:3844,0
DA:3845,0
DA:3846,0
DA:3848,0
DA:3849,0
DA:3850,0
DA:3853,0
DA:3854,0
DA:3855,0
DA:3859,0
DA:3860,0
DA:3862,0
DA:3866,0
DA:3867,0
DA:3868,0
DA:3873,0
DA:3874,0
DA:3875,0
DA:3880,0
DA:3881,0
DA:3882,0
DA:3886,0
DA:3887,0
DA:3890,0
DA:3891,0
DA:3894,0
DA:3895,0
DA:3896,0
DA:3897,0
DA:3898,0
DA:3899,0
DA:3900,0
DA:3904,0
DA:3905,0
DA:3906,0
DA:3907,0
DA:3909,0
DA:3911,0
DA:3912,0
DA:3913,0
DA:3915,0
DA:3919,0
DA:3922,0
DA:3923,0
DA:3924,0
DA:3926,0
DA:3927,0
DA:3928,0
DA:3929,0
DA:3930,0
DA:3933,0
DA:3934,0
DA:3936,0
DA:3937,0
DA:3938,0
DA:3939,0
DA:3940,0
DA:3941,0
DA:3943,0
DA:3944,0
DA:3945,0
DA:3948,0
DA:3949,0
DA:3950,0
DA:3953,0
DA:3954,0
DA:3955,0
DA:3956,0
DA:3959,0
DA:3960,0
DA:3962,0
DA:3963,0
DA:3964,0
DA:3965,0
DA:3970,0
DA:3971,0
DA:3972,0
DA:3973,0
DA:3974,0
DA:3975,0
DA:3976,0
DA:3977,0
DA:3980,0
DA:3981,0
DA:3982,0
DA:3984,0
DA:3987,0
DA:3990,0
DA:3992,0
DA:3993,0
DA:3995,0
DA:3997,0
DA:3998,0
DA:3999,0
DA:4001,0
DA:4005,0
DA:4008,0
DA:4009,0
DA:4010,0
DA:4012,0
DA:4013,0
DA:4014,0
DA:4017,0
DA:4018,0
DA:4019,0
DA:4020,0
DA:4023,0
DA:4024,0
DA:4025,0
DA:4026,0
DA:4027,0
DA:4030,0
DA:4032,0
DA:4034,0
DA:4035,0
DA:4042,0
DA:4044,0
DA:4045,0
DA:4047,0
DA:4048,0
DA:4049,0
DA:4053,0
DA:4055,0
DA:4056,0
DA:4057,0
DA:4059,0
DA:4062,0
DA:4063,0
DA:4064,0
DA:4066,0
DA:4070,0
DA:4072,0
DA:4074,0
DA:4075,0
DA:4076,0
DA:4080,0
DA:4082,0
DA:4083,0
DA:4084,0
DA:4085,0
DA:4086,0
DA:4087,0
DA:4088,0
DA:4090,0
DA:4091,0
DA:4092,0
DA:4093,0
DA:4094,0
DA:4096,0
DA:4097,0
DA:4098,0
DA:4099,0
DA:4100,0
DA:4102,0
DA:4103,0
DA:4104,0
DA:4105,0
DA:4107,0
DA:4108,0
DA:4109,0
DA:4115,0
DA:4120,0
DA:4122,0
DA:4123,0
DA:4124,0
DA:4126,0
DA:4127,0
DA:4130,0
DA:4131,0
DA:4132,0
DA:4133,0
DA:4135,0
DA:4136,0
DA:4137,0
DA:4139,0
DA:4141,0
DA:4143,0
DA:4144,0
DA:4145,0
DA:4146,0
DA:4150,0
DA:4152,0
DA:4154,0
DA:4156,0
DA:4158,0
DA:4159,0
DA:4161,0
DA:4162,0
DA:4163,0
DA:4165,0
DA:4167,0
DA:4169,0
DA:4170,0
DA:4171,0
DA:4176,0
DA:4178,0
DA:4179,0
DA:4181,0
DA:4183,0
DA:4184,0
DA:4185,0
DA:4188,0
DA:4189,0
DA:4190,0
DA:4191,0
DA:4194,0
DA:4196,0
DA:4197,0
DA:4198,0
DA:4199,0
DA:4200,0
DA:4201,0
DA:4203,0
DA:4204,0
DA:4210,0
DA:4211,0
DA:4212,0
DA:4213,0
DA:4214,0
DA:4215,0
DA:4216,0
DA:4221,0
DA:4222,0
DA:4223,0
DA:4224,0
DA:4225,0
DA:4228,0
DA:4229,0
DA:4230,0
DA:4231,0
DA:4232,0
DA:4233,0
DA:4234,0
DA:4236,0
DA:4237,0
DA:4238,0
DA:4239,0
DA:4240,0
DA:4242,0
DA:4244,0
DA:4245,0
DA:4246,0
DA:4247,0
DA:4249,0
DA:4250,0
DA:4251,0
DA:4252,0
DA:4253,0
DA:4254,0
DA:4255,0
DA:4256,0
DA:4257,0
DA:4258,0
DA:4260,0
DA:4263,0
DA:4267,0
DA:4269,0
DA:4271,0
DA:4272,0
DA:4273,0
DA:4274,0
DA:4276,0
DA:4279,0
DA:4280,0
DA:4281,0
DA:4282,0
DA:4283,0
DA:4284,0
DA:4285,0
DA:4288,0
DA:4289,0
DA:4295,0
DA:4297,0
DA:4299,0
DA:4301,0
DA:4302,0
DA:4303,0
DA:4306,0
DA:4307,0
DA:4309,0
DA:4311,0
DA:4312,0
DA:4313,0
DA:4314,0
DA:4315,0
DA:4316,0
DA:4319,0
DA:4320,0
DA:4321,0
DA:4322,0
DA:4324,0
DA:4325,0
DA:4326,0
DA:4327,0
DA:4328,0
DA:4329,0
DA:4330,0
DA:4332,0
DA:4333,0
DA:4335,0
DA:4336,0
DA:4337,0
DA:4338,0
DA:4340,0
DA:4341,0
DA:4346,0
DA:4347,0
DA:4348,0
DA:4349,0
DA:4351,0
DA:4354,0
DA:4355,0
DA:4356,0
DA:4357,0
DA:4358,0
DA:4359,0
DA:4360,0
DA:4361,0
DA:4363,0
DA:4364,0
DA:4365,0
DA:4366,0
DA:4368,0
DA:4369,0
DA:4370,0
DA:4371,0
DA:4374,0
DA:4375,0
DA:4376,0
DA:4382,0
DA:4384,0
DA:4385,0
DA:4386,0
DA:4387,0
DA:4388,0
DA:4390,0
DA:4391,0
DA:4393,0
DA:4396,0
DA:4397,0
DA:4399,0
DA:4402,0
DA:4404,0
DA:4405,0
DA:4407,0
DA:4408,0
DA:4409,0
DA:4410,0
DA:4412,0
DA:4415,0
DA:4417,0
DA:4418,0
DA:4419,0
DA:4420,0
DA:4421,0
DA:4423,0
DA:4424,0
DA:4425,0
DA:4428,0
DA:4430,0
DA:4431,0
DA:4433,0
DA:4436,0
DA:4438,0
DA:4439,0
DA:4440,0
DA:4441,0
DA:4442,0
DA:4445,0
DA:4446,0
DA:4448,0
DA:4451,0
DA:4453,0
DA:4454,0
DA:4455,0
DA:4456,0
DA:4457,0
DA:4459,0
DA:4463,0
DA:4465,0
DA:4467,0
DA:4468,0
DA:4470,0
DA:4474,0
DA:4478,0
DA:4479,0
DA:4481,0
DA:4482,0
DA:4484,0
DA:4485,0
DA:4486,0
DA:4488,0
DA:4489,0
DA:4490,0
DA:4494,0
DA:4496,0
DA:4497,0
DA:4499,0
DA:4500,0
DA:4503,0
DA:4504,0
DA:4505,0
DA:4508,0
DA:4509,0
DA:4510,0
DA:4512,0
DA:4515,0
DA:4516,0
DA:4517,0
DA:4518,0
DA:4520,0
DA:4521,0
DA:4522,0
DA:4523,0
DA:4524,0
DA:4526,0
DA:4528,0
DA:4529,0
DA:4530,0
DA:4531,0
DA:4535,0
DA:4539,0
DA:4542,0
DA:4543,0
DA:4544,0
DA:4546,0
DA:4547,0
DA:4548,0
DA:4551,0
DA:4552,0
DA:4553,0
DA:4556,0
DA:4558,0
DA:4559,0
DA:4562,0
DA:4564,0
DA:4565,0
DA:4568,0
DA:4571,0
DA:4572,0
DA:4574,0
DA:4575,0
DA:4576,0
DA:4577,0
DA:4578,0
DA:4579,0
DA:4580,0
DA:4581,0
DA:4582,0
DA:4583,0
DA:4584,0
DA:4585,0
DA:4586,0
DA:4588,0
DA:4589,0
DA:4591,0
DA:4592,0
DA:4593,0
DA:4594,0
DA:4596,0
DA:4597,0
DA:4599,0
DA:4600,0
DA:4601,0
DA:4602,0
DA:4603,0
DA:4607,0
DA:4608,0
DA:4610,0
DA:4611,0
DA:4612,0
DA:4613,0
DA:4614,0
DA:4616,0
DA:4617,0
DA:4618,0
DA:4621,0
DA:4622,0
DA:4624,0
DA:4626,0
DA:4627,0
DA:4628,0
DA:4629,0
DA:4631,0
DA:4632,0
DA:4633,0
DA:4634,0
DA:4635,0
DA:4637,0
DA:4638,0
DA:4639,0
DA:4643,0
DA:4644,0
DA:4647,0
DA:4649,0
DA:4650,0
DA:4651,0
DA:4652,0
DA:4653,0
DA:4655,0
DA:4656,0
DA:4657,0
DA:4658,0
DA:4659,0
DA:4661,0
DA:4662,0
DA:4663,0
DA:4665,0
DA:4668,0
DA:4669,0
DA:4670,0
DA:4673,0
DA:4676,0
DA:4679,0
DA:4681,0
DA:4683,0
DA:4684,0
DA:4686,0
DA:4687,0
DA:4689,0
DA:4690,0
DA:4691,0
DA:4693,0
DA:4696,0
DA:4697,0
DA:4700,0
DA:4701,0
DA:4702,0
DA:4704,0
DA:4705,0
DA:4706,0
DA:4707,0
DA:4708,0
DA:4709,0
DA:4710,0
DA:4713,0
DA:4714,0
DA:4715,0
DA:4717,0
DA:4720,0
DA:4721,0
DA:4722,0
DA:4723,0
DA:4724,0
DA:4726,0
DA:4727,0
DA:4729,0
DA:4736,0
DA:4738,0
DA:4739,0
DA:4740,0
DA:4742,0
DA:4743,0
DA:4744,0
DA:4747,0
DA:4748,0
DA:4749,0
DA:4753,0
DA:4754,0
DA:4755,0
DA:4758,0
DA:4759,0
DA:4762,0
DA:4764,0
DA:4766,0
DA:4767,0
DA:4768,0
DA:4769,0
DA:4770,0
DA:4771,0
DA:4773,0
DA:4775,0
DA:4776,0
DA:4778,0
DA:4779,0
DA:4780,0
DA:4781,0
DA:4782,0
DA:4783,0
DA:4786,0
DA:4788,0
DA:4789,0
DA:4790,0
DA:4791,0
DA:4792,0
DA:4793,0
DA:4794,0
DA:4795,0
DA:4796,0
DA:4797,0
DA:4799,0
DA:4800,0
DA:4801,0
DA:4803,0
DA:4806,0
DA:4807,0
DA:4808,0
DA:4809,0
DA:4813,0
DA:4816,0
DA:4820,0
DA:4822,0
DA:4824,0
DA:4825,0
DA:4828,0
DA:4829,0
DA:4830,0
DA:4831,0
DA:4832,0
DA:4833,0
DA:4834,0
DA:4836,0
DA:4837,0
DA:4838,0
DA:4839,0
DA:4840,0
DA:4841,0
DA:4842,0
DA:4843,0
DA:4847,0
DA:4848,0
DA:4851,0
DA:4853,0
DA:4854,0
DA:4855,0
DA:4856,0
DA:4857,0
DA:4859,0
DA:4860,0
DA:4863,0
DA:4864,0
DA:4865,0
DA:4867,0
DA:4870,0
DA:4871,0
DA:4872,0
DA:4873,0
DA:4875,0
DA:4876,0
DA:4878,0
LF:2268
LH:0
end_of_record
TN:
SF:/home/kadir/mqtt-fuzzing/src/nanomq/nanomq/sub_handler.c
FNL:0,269,353
FNA:0,0,encode_suback_msg
FNL:1,358,514
FNA:1,0,sub_ctx_handle
FNL:2,37,260
FNA:2,0,decode_sub_msg
FNL:3,517,524
FNA:3,0,sub_ctx_del
FNL:4,527,534
FNA:4,0,destroy_sub_client_cb
FNL:5,540,550
FNA:5,0,destroy_sub_client
FNL:6,553,572
FNA:6,0,sub_pkt_free
FNF:7
FNH:0
DA:37,0
DA:39,0
DA:40,0
DA:41,0
DA:43,0
DA:44,0
DA:46,0
DA:47,0
DA:49,0
DA:50,0
DA:53,0
DA:55,0
DA:56,0
DA:57,0
DA:58,0
DA:59,0
DA:60,0
DA:61,0
DA:64,0
DA:67,0
DA:68,0
DA:72,0
DA:73,0
DA:74,0
DA:76,0
DA:77,0
DA:78,0
DA:82,0
DA:85,0
DA:86,0
DA:87,0
DA:88,0
DA:89,0
DA:92,0
DA:93,0
DA:94,0
DA:95,0
DA:96,0
DA:98,0
DA:99,0
DA:100,0
DA:101,0
DA:103,0
DA:104,0
DA:105,0
DA:106,0
DA:107,0
DA:109,0
DA:110,0
DA:113,0
DA:115,0
DA:116,0
DA:119,0
DA:120,0
DA:121,0
DA:122,0
DA:123,0
DA:125,0
DA:126,0
DA:129,0
DA:131,0
DA:132,0
DA:133,0
DA:135,0
DA:136,0
DA:137,0
DA:139,0
DA:140,0
DA:141,0
DA:143,0
DA:144,0
DA:145,0
DA:146,0
DA:148,0
DA:149,0
DA:150,0
DA:155,0
DA:156,0
DA:157,0
DA:158,0
DA:159,0
DA:161,0
DA:162,0
DA:165,0
DA:166,0
DA:167,0
DA:168,0
DA:171,0
DA:172,0
DA:173,0
DA:174,0
DA:175,0
DA:176,0
DA:177,0
DA:179,0
DA:180,0
DA:181,0
DA:182,0
DA:184,0
DA:185,0
DA:186,0
DA:187,0
DA:189,0
DA:190,0
DA:191,0
DA:192,0
DA:195,0
DA:196,0
DA:197,0
DA:198,0
DA:201,0
DA:202,0
DA:203,0
DA:204,0
DA:205,0
DA:206,0
DA:209,0
DA:210,0
DA:211,0
DA:212,0
DA:214,0
DA:216,0
DA:218,0
DA:219,0
DA:220,0
DA:221,0
DA:224,0
DA:225,0
DA:226,0
DA:227,0
DA:230,0
DA:231,0
DA:232,0
DA:233,0
DA:234,0
DA:237,0
DA:238,0
DA:239,0
DA:240,0
DA:241,0
DA:242,0
DA:243,0
DA:247,0
DA:248,0
DA:249,0
DA:250,0
DA:251,0
DA:253,0
DA:254,0
DA:256,0
DA:259,0
DA:269,0
DA:271,0
DA:272,0
DA:282,0
DA:283,0
DA:285,0
DA:288,0
DA:289,0
DA:290,0
DA:291,0
DA:294,0
DA:295,0
DA:300,0
DA:301,0
DA:302,0
DA:303,0
DA:304,0
DA:311,0
DA:312,0
DA:313,0
DA:315,0
DA:316,0
DA:317,0
DA:319,0
DA:323,0
DA:324,0
DA:325,0
DA:326,0
DA:327,0
DA:332,0
DA:333,0
DA:334,0
DA:335,0
DA:338,0
DA:339,0
DA:340,0
DA:341,0
DA:342,0
DA:345,0
DA:352,0
DA:358,0
DA:360,0
DA:361,0
DA:362,0
DA:363,0
DA:364,0
DA:366,0
DA:367,0
DA:370,0
DA:371,0
DA:374,0
DA:376,0
DA:377,0
DA:378,0
DA:379,0
DA:380,0
DA:381,0
DA:383,0
DA:384,0
DA:385,0
DA:392,0
DA:393,0
DA:394,0
DA:395,0
DA:396,0
[...]
DA:258,0
DA:261,0
DA:263,0
DA:264,0
DA:267,0
DA:269,0
DA:273,0
DA:275,0
DA:276,0
DA:278,0
DA:282,0
DA:284,0
DA:285,0
DA:288,0
DA:290,0
DA:291,0
DA:294,0
DA:296,0
LF:121
LH:6
end_of_record
TN:
SF:/home/kadir/mqtt-fuzzing/src/nanomq/nng/src/supplemental/websocket/websocket.c
FNL:0,1017,1166
FNA:0,0,ws_read_cb
FNL:1,1169,1179
FNA:1,0,ws_read_cancel
FNL:2,1182,1187
FNA:2,0,ws_close_error
FNL:3,1190,1265
FNA:3,0,ws_fini
FNL:4,1273,1276
FNA:4,0,ws_reap
FNL:5,1279,1302
FNA:5,0,ws_http_cb_listener
FNL:6,1305,1419
FNA:6,0,ws_http_cb_dialer
FNL:7,1422,1432
FNA:7,0,ws_http_cb
FNL:8,1435,1471
FNA:8,0,ws_init
FNL:9,1474,1509
FNA:9,0,ws_listener_free
FNL:10,1512,1698
FNA:10,0,ws_handler
FNL:11,1701,1711
FNA:11,0,ws_accept_cancel
FNL:12,1714,1748
FNA:12,0,ws_listener_accept
FNL:13,1751,1773
FNA:13,0,ws_listener_close
FNL:14,1777,1784
FNA:14,0,nni_ws_listener_hook
FNL:15,1787,1821
FNA:15,0,ws_listener_listen
FNL:16,1824,1839
FNA:16,0,ws_listener_set_size
FNL:17,1842,1850
FNA:17,0,ws_listener_get_size
FNL:18,1853,1857
FNA:18,0,ws_listener_set_maxframe
FNL:19,1860,1864
FNA:19,0,ws_listener_get_maxframe
FNL:20,1867,1871
FNA:20,0,ws_listener_set_fragsize
FNL:21,1874,1878
FNA:21,0,ws_listener_get_fragsize
FNL:22,1881,1885
FNA:22,0,ws_listener_set_recvmax
FNL:23,1888,1892
FNA:23,0,ws_listener_get_recvmax
FNL:24,1895,1906
FNA:24,0,ws_listener_set_res_headers
FNL:25,190,199
FNA:25,0,ws_check_string
FNL:26,1909,1928
FNA:26,0,ws_listener_set_proto
FNL:27,1931,1939
FNA:27,0,ws_listener_get_proto
FNL:28,1942,1954
FNA:28,0,ws_listener_set_msgmode
FNL:29,1957,1969
FNA:29,0,ws_listener_set_recv_text
FNL:30,1972,1984
FNA:30,0,ws_listener_set_send_text
FNL:31,1987,1995
FNA:31,0,ws_listener_get_recv_text
FNL:32,1998,2006
FNA:32,0,ws_listener_get_send_text
FNL:33,2009,2018
FNA:33,0,ws_listener_get_url
FNL:34,202,233
FNA:34,0,ws_set_header_ext
FNL:35,2070,2081
FNA:35,0,ws_listener_set_header
FNL:36,2084,2101
FNA:36,0,ws_listener_set
FNL:37,2104,2115
FNA:37,0,ws_listener_get
FNL:38,2118,2169
FNA:38,0,nni_ws_listener_alloc
FNL:39,2172,2265
FNA:39,0,ws_conn_cb
FNL:40,2268,2295
FNA:40,0,ws_dialer_free
FNL:41,2298,2313
FNA:41,0,ws_dialer_close
FNL:42,2316,2328
FNA:42,0,ws_dial_cancel
FNL:43,2331,2367
FNA:43,0,ws_dialer_dial
FNL:44,236,239
FNA:44,0,ws_set_header
FNL:45,2370,2382
FNA:45,0,ws_dialer_set_msgmode
FNL:46,2385,2397
FNA:46,0,ws_dialer_set_recv_text
FNL:47,2400,2412
FNA:47,0,ws_dialer_set_send_text
FNL:48,2415,2430
FNA:48,0,ws_dialer_set_size
FNL:49,242,297
FNA:49,0,ws_set_headers
FNL:50,2433,2441
FNA:50,0,ws_dialer_get_size
FNL:51,2444,2448
FNA:51,0,ws_dialer_set_maxframe
FNL:52,2451,2455
FNA:52,0,ws_dialer_get_maxframe
FNL:53,2458,2462
FNA:53,0,ws_dialer_set_fragsize
FNL:54,2465,2469
FNA:54,0,ws_dialer_get_fragsize
FNL:55,2472,2476
FNA:55,0,ws_dialer_set_recvmax
FNL:56,2479,2483
FNA:56,0,ws_dialer_get_recvmax
FNL:57,2486,2497
FNA:57,0,ws_dialer_set_req_headers
FNL:58,2500,2519
FNA:58,0,ws_dialer_set_proto
FNL:59,2522,2530
FNA:59,0,ws_dialer_get_proto
FNL:60,2533,2541
FNA:60,0,ws_dialer_get_recv_text
FNL:61,2544,2552
FNA:61,0,ws_dialer_get_send_text
FNL:62,2601,2612
FNA:62,0,ws_dialer_set_header
FNL:63,2615,2632
FNA:63,0,ws_dialer_set
FNL:64,2635,2645
FNA:64,0,ws_dialer_get
FNL:65,2648,2682
FNA:65,0,nni_ws_dialer_alloc
FNL:66,2690,2694
FNA:66,0,ws_str_free
FNL:67,2697,2701
FNA:67,0,ws_str_close
FNL:68,2704,2766
FNA:68,0,ws_str_send
FNL:69,2769,2790
FNA:69,0,ws_str_recv
FNL:70,2793,2802
FNA:70,0,ws_get_request_headers
FNL:71,2805,2814
FNA:71,0,ws_get_response_headers
FNL:72,2817,2821
FNA:72,0,ws_get_request_uri
FNL:73,2824,2833
FNA:73,0,ws_get_recv_text
FNL:74,2836,2845
FNA:74,0,ws_get_send_text
FNL:75,2874,2898
FNA:75,0,ws_str_set
FNL:76,2901,2911
FNA:76,0,ws_get_req_header
FNL:77,2914,2924
FNA:77,0,ws_get_res_header
FNL:78,2927,2951
FNA:78,0,ws_str_get
FNL:79,302,320
FNA:79,0,ws_contains_word
FNL:80,327,347
FNA:80,0,ws_make_accept
FNL:81,350,356
FNA:81,0,ws_frame_fini
FNL:82,359,375
FNA:82,0,ws_mask_frame
FNL:83,378,390
FNA:83,0,ws_unmask_frame
FNL:84,393,424
FNA:84,0,ws_msg_init_control
FNL:85,427,517
FNA:85,0,ws_frame_prep_tx
FNL:86,520,546
FNA:86,0,ws_close_cb
FNL:87,549,570
FNA:87,0,ws_close
FNL:88,573,601
FNA:88,0,ws_start_write
FNL:89,604,613
FNA:89,0,ws_cancel_close
FNL:90,616,707
FNA:90,0,ws_write_cb
FNL:91,710,735
FNA:91,0,ws_write_cancel
FNL:92,738,772
FNA:92,0,ws_send_close
FNL:93,775,790
FNA:93,0,ws_send_control
FNL:94,793,829
FNA:94,0,ws_start_read
FNL:95,832,890
FNA:95,0,ws_read_finish_str
FNL:96,893,935
FNA:96,0,ws_read_finish_msg
FNL:97,938,945
FNA:97,0,ws_read_finish
FNL:98,948,1014
FNA:98,0,ws_read_frame_cb
FNF:99
FNH:0
DA:190,0
DA:192,0
DA:193,0
DA:195,0
DA:196,0
DA:198,0
DA:202,0
DA:207,0
DA:208,0
DA:211,0
DA:212,0
DA:213,0
DA:214,0
DA:215,0
DA:216,0
DA:221,0
DA:222,0
DA:223,0
DA:225,0
DA:226,0
DA:227,0
DA:228,0
DA:230,0
DA:231,0
DA:232,0
DA:236,0
DA:238,0
DA:242,0
DA:251,0
DA:252,0
DA:254,0
DA:256,0
DA:258,0
DA:261,0
DA:263,0
DA:264,0
DA:265,0
DA:268,0
DA:270,0
DA:273,0
DA:274,0
DA:276,0
DA:277,0
DA:278,0
DA:284,0
DA:285,0
DA:289,0
DA:292,0
DA:294,0
DA:295,0
DA:296,0
DA:302,0
DA:304,0
DA:306,0
DA:307,0
DA:308,0
DA:309,0
DA:310,0
DA:313,0
DA:314,0
DA:315,0
DA:319,0
DA:327,0
DA:335,0
DA:336,0
DA:339,0
DA:340,0
DA:341,0
DA:342,0
DA:344,0
DA:345,0
DA:346,0
DA:350,0
DA:352,0
DA:353,0
DA:355,0
DA:356,0
DA:359,0
DA:363,0
DA:364,0
DA:366,0
DA:367,0
DA:368,0
DA:369,0
DA:371,0
DA:372,0
DA:373,0
DA:374,0
DA:378,0
DA:381,0
DA:382,0
DA:384,0
DA:385,0
DA:387,0
DA:388,0
DA:389,0
DA:393,0
DA:398,0
DA:399,0
DA:402,0
DA:403,0
DA:406,0
DA:407,0
DA:408,0
DA:409,0
DA:410,0
DA:411,0
DA:412,0
DA:413,0
DA:414,0
DA:416,0
DA:417,0
DA:419,0
DA:422,0
DA:423,0
DA:427,0
DA:429,0
DA:436,0
DA:437,0
DA:438,0
DA:439,0
DA:442,0
DA:444,0
DA:449,0
DA:453,0
DA:457,0
DA:458,0
DA:459,0
DA:460,0
DA:461,0
DA:462,0
DA:464,0
DA:465,0
DA:467,0
DA:470,0
DA:471,0
DA:472,0
DA:473,0
DA:474,0
DA:476,0
DA:477,0
DA:478,0
DA:479,0
DA:482,0
DA:484,0
DA:485,0
DA:487,0
DA:490,0
DA:494,0
DA:495,0
DA:496,0
DA:497,0
DA:499,0
DA:500,0
DA:501,0
DA:502,0
DA:503,0
DA:504,0
DA:506,0
DA:507,0
DA:508,0
DA:512,0
DA:513,0
DA:514,0
DA:516,0
DA:520,0
DA:522,0
DA:525,0
DA:526,0
DA:527,0
DA:531,0
DA:533,0
DA:535,0
DA:536,0
DA:537,0
DA:538,0
DA:539,0
DA:541,0
DA:545,0
DA:546,0
DA:549,0
DA:555,0
DA:556,0
DA:557,0
DA:564,0
DA:566,0
DA:567,0
DA:568,0
DA:570,0
DA:573,0
DA:579,0
DA:580,0
DA:583,0
DA:584,0
DA:586,0
DA:587,0
DA:590,0
DA:591,0
DA:592,0
DA:593,0
DA:594,0
DA:595,0
DA:596,0
DA:597,0
DA:599,0
DA:600,0
DA:604,0
DA:606,0
DA:607,0
DA:608,0
DA:609,0
DA:610,0
DA:612,0
DA:613,0
DA:616,0
DA:618,0
DA:623,0
DA:625,0
DA:626,0
DA:627,0
DA:629,0
DA:631,0
DA:634,0
DA:635,0
DA:636,0
DA:637,0
DA:638,0
DA:639,0
DA:640,0
DA:641,0
DA:642,0
DA:645,0
DA:646,0
DA:647,0
DA:648,0
DA:651,0
DA:652,0
DA:655,0
DA:656,0
DA:659,0
DA:660,0
DA:661,0
DA:662,0
DA:664,0
DA:665,0
DA:666,0
DA:667,0
DA:668,0
DA:671,0
DA:672,0
DA:673,0
DA:674,0
DA:675,0
DA:676,0
DA:680,0
DA:684,0
DA:685,0
DA:689,0
DA:691,0
DA:694,0
DA:695,0
DA:698,0
DA:701,0
DA:702,0
DA:703,0
DA:705,0
DA:710,0
DA:712,0
DA:717,0
DA:718,0
DA:719,0
DA:720,0
DA:722,0
DA:723,0
DA:724,0
DA:728,0
DA:729,0
DA:730,0
DA:731,0
DA:732,0
DA:734,0
DA:738,0
DA:745,0
DA:747,0
DA:748,0
DA:750,0
DA:751,0
DA:753,0
DA:754,0
DA:756,0
DA:757,0
DA:758,0
DA:759,0
DA:760,0
DA:761,0
DA:763,0
DA:764,0
DA:765,0
DA:766,0
DA:767,0
DA:770,0
DA:771,0
DA:775,0
DA:781,0
DA:782,0
DA:783,0
DA:788,0
DA:789,0
DA:793,0
DA:799,0
DA:800,0
DA:805,0
DA:806,0
DA:809,0
DA:810,0
DA:811,0
DA:812,0
DA:814,0
DA:815,0
DA:820,0
DA:821,0
DA:822,0
DA:824,0
DA:825,0
DA:826,0
DA:827,0
DA:828,0
DA:832,0
DA:834,0
DA:840,0
DA:841,0
DA:844,0
DA:845,0
DA:849,0
DA:850,0
DA:851,0
DA:852,0
DA:856,0
DA:857,0
DA:859,0
DA:862,0
DA:864,0
DA:866,0
DA:867,0
DA:868,0
DA:869,0
DA:870,0
DA:871,0
DA:872,0
DA:876,0
DA:877,0
DA:878,0
DA:879,0
DA:881,0
DA:882,0
DA:885,0
DA:888,0
DA:893,0
DA:904,0
DA:905,0
DA:906,0
DA:912,0
DA:913,0
DA:914,0
DA:917,0
DA:919,0
DA:920,0
DA:921,0
DA:922,0
DA:924,0
DA:925,0
DA:926,0
DA:927,0
DA:928,0
DA:929,0
DA:932,0
DA:933,0
DA:934,0
DA:938,0
DA:940,0
DA:941,0
DA:943,0
DA:945,0
DA:948,0
DA:950,0
DA:951,0
DA:952,0
DA:953,0
DA:954,0
DA:956,0
DA:957,0
DA:959,0
DA:960,0
DA:961,0
DA:962,0
DA:963,0
DA:965,0
DA:969,0
DA:970,0
DA:971,0
DA:973,0
DA:974,0
DA:976,0
DA:977,0
DA:978,0
DA:980,0
DA:981,0
DA:982,0
DA:983,0
DA:985,0
DA:986,0
DA:987,0
DA:988,0
DA:989,0
DA:990,0
DA:991,0
DA:992,0
DA:994,0
DA:995,0
DA:996,0
DA:997,0
DA:1000,0
DA:1001,0
DA:1002,0
DA:1004,0
DA:1005,0
DA:1007,0
DA:1008,0
DA:1009,0
DA:1010,0
DA:1013,0
DA:1017,0
DA:1019,0
DA:1020,0
DA:1023,0
DA:1024,0
DA:1025,0
DA:1026,0
DA:1029,0
DA:1032,0
DA:1033,0
DA:1034,0
DA:1035,0
DA:1038,0
DA:1039,0
DA:1040,0
DA:1041,0
DA:1042,0
DA:1043,0
DA:1044,0
DA:1046,0
DA:1047,0
DA:1048,0
DA:1049,0
DA:1054,0
DA:1056,0
DA:1057,0
DA:1058,0
DA:1059,0
DA:1060,0
DA:1061,0
DA:1072,0
DA:1075,0
DA:1076,0
DA:1077,0
DA:1078,0
DA:1079,0
DA:1080,0
DA:1081,0
DA:1083,0
DA:1084,0
DA:1085,0
DA:1086,0
DA:1087,0
DA:1088,0
DA:1089,0
DA:1092,0
DA:1095,0
DA:1096,0
DA:1097,0
DA:1098,0
DA:1103,0
DA:1104,0
DA:1106,0
DA:1107,0
DA:1109,0
DA:1110,0
DA:1111,0
DA:1112,0
DA:1118,0
DA:1119,0
DA:1120,0
DA:1121,0
DA:1122,0
DA:1123,0
DA:1125,0
DA:1126,0
DA:1127,0
DA:1128,0
DA:1132,0
DA:1137,0
DA:1138,0
DA:1139,0
DA:1141,0
DA:1142,0
DA:1143,0
DA:1144,0
DA:1145,0
DA:1147,0
DA:1148,0
DA:1151,0
DA:1152,0
DA:1153,0
DA:1154,0
DA:1155,0
DA:1156,0
DA:1161,0
DA:1163,0
DA:1164,0
DA:1165,0
DA:1169,0
DA:1171,0
DA:1173,0
DA:1174,0
DA:1175,0
DA:1176,0
DA:1178,0
DA:1179,0
DA:1182,0
DA:1184,0
DA:1185,0
DA:1186,0
DA:1187,0
DA:1190,0
DA:1192,0
DA:1196,0
DA:1199,0
DA:1200,0
DA:1203,0
DA:1204,0
DA:1205,0
DA:1206,0
DA:1207,0
DA:1209,0
DA:1212,0
DA:1213,0
DA:1214,0
DA:1215,0
DA:1216,0
DA:1220,0
DA:1221,0
DA:1222,0
DA:1223,0
DA:1226,0
DA:1227,0
DA:1228,0
DA:1231,0
DA:1232,0
DA:1234,0
DA:1235,0
DA:1238,0
DA:1239,0
DA:1240,0
DA:1241,0
DA:1244,0
DA:1246,0
DA:1247,0
DA:1249,0
DA:1250,0
DA:1252,0
DA:1253,0
DA:1256,0
DA:1257,0
DA:1258,0
DA:1259,0
DA:1260,0
DA:1261,0
DA:1262,0
DA:1263,0
DA:1264,0
DA:1265,0
DA:1273,0
DA:1275,0
DA:1276,0
DA:1279,0
DA:1281,0
DA:1283,0
DA:1284,0
DA:1285,0
DA:1286,0
DA:1287,0
DA:1288,0
DA:1290,0
DA:1291,0
DA:1292,0
DA:1293,0
DA:1294,0
DA:1296,0
DA:1298,0
DA:1299,0
DA:1301,0
DA:1305,0
DA:1314,0
DA:1315,0
DA:1316,0
DA:1324,0
DA:1325,0
DA:1330,0
DA:1331,0
DA:1332,0
DA:1337,0
DA:1338,0
DA:1339,0
DA:1341,0
DA:1342,0
DA:1343,0
DA:1346,0
DA:1347,0
DA:1348,0
DA:1349,0
DA:1350,0
DA:1352,0
DA:1353,0
DA:1354,0
DA:1356,0
DA:1357,0
DA:1358,0
DA:1361,0
DA:1362,0
DA:1366,0
DA:1368,0
DA:1369,0
DA:1374,0
DA:1375,0
DA:1376,0
DA:1377,0
DA:1378,0
DA:1379,0
DA:1380,0
DA:1381,0
DA:1382,0
DA:1384,0
DA:1385,0
DA:1386,0
DA:1387,0
DA:1388,0
DA:1389,0
DA:1395,0
DA:1396,0
DA:1397,0
DA:1398,0
DA:1399,0
DA:1400,0
DA:1401,0
DA:1402,0
DA:1404,0
DA:1405,0
DA:1406,0
DA:1407,0
DA:1408,0
DA:1409,0
DA:1410,0
DA:1411,0
DA:1413,0
DA:1414,0
DA:1416,0
DA:1418,0
DA:1422,0
DA:1424,0
DA:1425,0
DA:1427,0
DA:1428,0
DA:1430,0
DA:1432,0
DA:1435,0
DA:1440,0
DA:1441,0
DA:1443,0
DA:1444,0
DA:1445,0
DA:1446,0
DA:1447,0
DA:1449,0
DA:1450,0
DA:1451,0
DA:1452,0
DA:1453,0
DA:1454,0
DA:1455,0
DA:1458,0
DA:1459,0
DA:1461,0
DA:1462,0
DA:1463,0
DA:1464,0
DA:1465,0
DA:1466,0
DA:1468,0
DA:1469,0
DA:1470,0
DA:1474,0
DA:1476,0
DA:1479,0
DA:1481,0
DA:1482,0
DA:1483,0
DA:1485,0
DA:1487,0
DA:1488,0
DA:1489,0
DA:1491,0
DA:1492,0
DA:1493,0
DA:1496,0
DA:1497,0
DA:1498,0
DA:1499,0
DA:1500,0
DA:1501,0
DA:1502,0
DA:1503,0
DA:1505,0
DA:1506,0
DA:1508,0
DA:1509,0
DA:1512,0
DA:1527,0
DA:1528,0
DA:1529,0
DA:1530,0
DA:1532,0
DA:1533,0
DA:1534,0
DA:1535,0
DA:1539,0
DA:1540,0
DA:1541,0
DA:1544,0
DA:1546,0
DA:1547,0
DA:1553,0
DA:1554,0
DA:1555,0
DA:1556,0
DA:1557,0
DA:1561,0
DA:1562,0
DA:1563,0
DA:1564,0
DA:1565,0
DA:1566,0
DA:1567,0
DA:1568,0
DA:1571,0
DA:1572,0
DA:1573,0
DA:1574,0
DA:1581,0
DA:1582,0
DA:1583,0
DA:1584,0
DA:1585,0
DA:1587,0
DA:1588,0
DA:1589,0
DA:1590,0
DA:1593,0
DA:1595,0
DA:1596,0
DA:1599,0
DA:1600,0
DA:1601,0
DA:1602,0
DA:1605,0
DA:1606,0
DA:1607,0
DA:1608,0
DA:1609,0
DA:1610,0
DA:1612,0
DA:1613,0
DA:1614,0
DA:1615,0
DA:1620,0
DA:1621,0
DA:1622,0
DA:1623,0
DA:1624,0
DA:1632,0
DA:1633,0
DA:1634,0
DA:1635,0
DA:1636,0
DA:1637,0
DA:1638,0
DA:1641,0
DA:1651,0
DA:1652,0
DA:1653,0
DA:1654,0
DA:1655,0
DA:1664,0
DA:1665,0
DA:1666,0
DA:1667,0
DA:1668,0
DA:1670,0
DA:1671,0
DA:1672,0
DA:1673,0
DA:1674,0
DA:1675,0
DA:1676,0
DA:1677,0
DA:1678,0
DA:1679,0
DA:1680,0
DA:1682,0
DA:1683,0
DA:1684,0
DA:1685,0
DA:1686,0
DA:1687,0
DA:1688,0
DA:1690,0
DA:1691,0
DA:1692,0
DA:1694,0
DA:1695,0
DA:1697,0
DA:1701,0
DA:1703,0
DA:1705,0
DA:1706,0
DA:1707,0
DA:1708,0
DA:1710,0
DA:1711,0
DA:1714,0
DA:1716,0
DA:1720,0
DA:1721,0
DA:1723,0
DA:1724,0
DA:1725,0
DA:1726,0
DA:1727,0
DA:1729,0
DA:1730,0
DA:1731,0
DA:1732,0
DA:1734,0
DA:1735,0
DA:1736,0
DA:1737,0
DA:1738,0
DA:1739,0
DA:1741,0
DA:1742,0
DA:1743,0
DA:1744,0
DA:1746,0
DA:1747,0
DA:1751,0
DA:1753,0
DA:1755,0
DA:1756,0
DA:1757,0
DA:1758,0
DA:1760,0
DA:1761,0
DA:1762,0
DA:1763,0
DA:1764,0
DA:1766,0
DA:1767,0
DA:1769,0
DA:1770,0
DA:1772,0
DA:1777,0
DA:1780,0
DA:1781,0
DA:1782,0
DA:1783,0
DA:1784,0
DA:1787,0
DA:1789,0
DA:1792,0
DA:1793,0
DA:1794,0
DA:1795,0
DA:1797,0
DA:1798,0
DA:1799,0
DA:1802,0
DA:1803,0
DA:1804,0
DA:1805,0
DA:1806,0
DA:1809,0
DA:1810,0
DA:1811,0
DA:1812,0
DA:1813,0
DA:1814,0
DA:1817,0
DA:1819,0
DA:1820,0
DA:1824,0
DA:1833,0
DA:1834,0
DA:1835,0
DA:1836,0
DA:1838,0
DA:1842,0
DA:1846,0
DA:1847,0
DA:1848,0
DA:1849,0
DA:1853,0
DA:1855,0
DA:1856,0
DA:1860,0
DA:1862,0
DA:1863,0
DA:1867,0
DA:1869,0
DA:1870,0
DA:1874,0
DA:1876,0
DA:1877,0
DA:1881,0
DA:1883,0
DA:1884,0
DA:1888,0
DA:1890,0
DA:1891,0
DA:1895,0
DA:1897,0
DA:1900,0
DA:1901,0
DA:1902,0
DA:1903,0
DA:1905,0
DA:1909,0
DA:1911,0
DA:1914,0
DA:1916,0
DA:1917,0
DA:1919,0
DA:1920,0
DA:1921,0
DA:1923,0
DA:1924,0
DA:1927,0
DA:1931,0
DA:1933,0
DA:1935,0
DA:1936,0
DA:1937,0
DA:1938,0
DA:1942,0
DA:1944,0
DA:1948,0
DA:1949,0
DA:1950,0
DA:1951,0
DA:1953,0
DA:1957,0
DA:1959,0
DA:1963,0
DA:1964,0
DA:1965,0
DA:1966,0
DA:1968,0
DA:1972,0
DA:1974,0
DA:1978,0
DA:1979,0
DA:1980,0
DA:1981,0
DA:1983,0
DA:1987,0
DA:1989,0
DA:1991,0
DA:1992,0
DA:1993,0
DA:1994,0
DA:1998,0
DA:2000,0
DA:2002,0
DA:2003,0
DA:2004,0
DA:2005,0
DA:2009,0
DA:2011,0
DA:2014,0
DA:2015,0
DA:2016,0
DA:2017,0
DA:2070,0
DA:2074,0
DA:2075,0
DA:2076,0
DA:2077,0
DA:2078,0
DA:2080,0
DA:2084,0
DA:2087,0
DA:2090,0
DA:2091,0
DA:2092,0
DA:2095,0
DA:2096,0
DA:2097,0
DA:2100,0
DA:2104,0
DA:2107,0
DA:2110,0
DA:2111,0
DA:2112,0
DA:2114,0
DA:2118,0
DA:2124,0
DA:2125,0
DA:2127,0
DA:2128,0
DA:2129,0
DA:2131,0
DA:2132,0
DA:2135,0
DA:2136,0
DA:2137,0
DA:2140,0
DA:2141,0
DA:2142,0
DA:2144,0
DA:2145,0
DA:2146,0
DA:2147,0
DA:2150,0
DA:2151,0
DA:2152,0
DA:2153,0
DA:2154,0
DA:2157,0
DA:2158,0
DA:2159,0
DA:2160,0
DA:2161,0
DA:2162,0
DA:2163,0
DA:2164,0
DA:2165,0
DA:2166,0
DA:2167,0
DA:2168,0
DA:2172,0
DA:2178,0
DA:2184,0
DA:2186,0
DA:2187,0
DA:2188,0
DA:2189,0
DA:2190,0
DA:2191,0
DA:2193,0
DA:2194,0
DA:2195,0
DA:2196,0
DA:2197,0
DA:2198,0
DA:2199,0
DA:2201,0
DA:2202,0
DA:2204,0
DA:2206,0
DA:2209,0
DA:2210,0
DA:2211,0
DA:2212,0
DA:2213,0
DA:2215,0
DA:2216,0
DA:2217,0
DA:2218,0
DA:2221,0
DA:2222,0
DA:2224,0
DA:2225,0
DA:2228,0
DA:2229,0
DA:2230,0
DA:2231,0
DA:2232,0
DA:2233,0
DA:2236,0
DA:2237,0
DA:2238,0
DA:2241,0
DA:2242,0
DA:2243,0
DA:2248,0
DA:2249,0
DA:2251,0
DA:2252,0
DA:2253,0
DA:2255,0
DA:2256,0
DA:2257,0
DA:2258,0
DA:2259,0
DA:2261,0
DA:2262,0
DA:2264,0
DA:2268,0
DA:2270,0
DA:2273,0
DA:2274,0
DA:2275,0
DA:2277,0
DA:2279,0
DA:2280,0
DA:2281,0
DA:2282,0
DA:2283,0
DA:2284,0
DA:2286,0
DA:2287,0
DA:2289,0
DA:2290,0
DA:2292,0
DA:2293,0
DA:2294,0
DA:2295,0
DA:2298,0
DA:2300,0
DA:2302,0
DA:2303,0
DA:2304,0
DA:2305,0
DA:2307,0
DA:2308,0
DA:2309,0
DA:2310,0
DA:2312,0
DA:2316,0
DA:2318,0
DA:2320,0
DA:2321,0
DA:2322,0
DA:2323,0
DA:2324,0
DA:2325,0
DA:2327,0
DA:2328,0
DA:2331,0
DA:2333,0
DA:2337,0
DA:2338,0
DA:2340,0
DA:2341,0
DA:2342,0
DA:2344,0
DA:2345,0
DA:2346,0
DA:2347,0
DA:2348,0
DA:2349,0
DA:2351,0
DA:2352,0
DA:2353,0
DA:2354,0
DA:2355,0
DA:2357,0
DA:2358,0
DA:2359,0
DA:2360,0
DA:2361,0
DA:2362,0
DA:2363,0
DA:2364,0
DA:2365,0
DA:2366,0
DA:2370,0
DA:2372,0
DA:2376,0
DA:2377,0
DA:2378,0
DA:2379,0
DA:2381,0
DA:2385,0
DA:2387,0
DA:2391,0
DA:2392,0
DA:2393,0
DA:2394,0
DA:2396,0
DA:2400,0
DA:2402,0
DA:2406,0
DA:2407,0
DA:2408,0
DA:2409,0
DA:2411,0
DA:2415,0
DA:2424,0
DA:2425,0
DA:2426,0
DA:2427,0
DA:2429,0
DA:2433,0
DA:2437,0
DA:2438,0
DA:2439,0
DA:2440,0
DA:2444,0
DA:2446,0
DA:2447,0
DA:2451,0
DA:2453,0
DA:2454,0
DA:2458,0
DA:2460,0
DA:2461,0
DA:2465,0
DA:2467,0
DA:2468,0
DA:2472,0
DA:2474,0
DA:2475,0
DA:2479,0
DA:2481,0
DA:2482,0
DA:2486,0
DA:2488,0
DA:2491,0
DA:2492,0
DA:2493,0
DA:2494,0
DA:2496,0
DA:2500,0
DA:2502,0
DA:2505,0
DA:2507,0
DA:2508,0
DA:2510,0
DA:2511,0
DA:2512,0
DA:2514,0
DA:2515,0
DA:2518,0
DA:2522,0
DA:2524,0
DA:2526,0
DA:2527,0
DA:2528,0
DA:2529,0
DA:2533,0
DA:2535,0
DA:2537,0
DA:2538,0
DA:2539,0
DA:2540,0
DA:2544,0
DA:2546,0
DA:2548,0
DA:2549,0
DA:2550,0
DA:2551,0
DA:2601,0
DA:2605,0
DA:2606,0
DA:2607,0
DA:2608,0
DA:2609,0
DA:2611,0
DA:2615,0
DA:2618,0
DA:2621,0
DA:2622,0
DA:2623,0
DA:2626,0
DA:2627,0
DA:2628,0
DA:2631,0
DA:2635,0
DA:2637,0
DA:2640,0
DA:2641,0
DA:2642,0
DA:2644,0
DA:2648,0
DA:2653,0
DA:2654,0
DA:2656,0
DA:2657,0
DA:2658,0
DA:2659,0
DA:2661,0
DA:2662,0
DA:2663,0
DA:2666,0
DA:2667,0
DA:2668,0
DA:2670,0
DA:2671,0
DA:2672,0
DA:2673,0
DA:2675,0
DA:2676,0
DA:2677,0
DA:2678,0
DA:2679,0
DA:2680,0
DA:2681,0
DA:2690,0
DA:2692,0
DA:2693,0
DA:2694,0
DA:2697,0
DA:2699,0
DA:2700,0
DA:2701,0
DA:2704,0
DA:2706,0
DA:2710,0
DA:2711,0
DA:2714,0
DA:2718,0
DA:2719,0
DA:2720,0
DA:2722,0
DA:2723,0
DA:2724,0
DA:2725,0
DA:2726,0
DA:2728,0
DA:2729,0
DA:2730,0
DA:2733,0
DA:2736,0
DA:2737,0
DA:2738,0
DA:2740,0
DA:2741,0
DA:2742,0
DA:2743,0
DA:2744,0
DA:2747,0
DA:2749,0
DA:2750,0
DA:2751,0
DA:2752,0
DA:2753,0
DA:2755,0
DA:2756,0
DA:2757,0
DA:2758,0
DA:2759,0
DA:2761,0
DA:2762,0
DA:2763,0
DA:2764,0
DA:2765,0
DA:2769,0
DA:2771,0
DA:2774,0
DA:2775,0
DA:2777,0
DA:2778,0
DA:2779,0
DA:2780,0
DA:2781,0
DA:2783,0
DA:2784,0
DA:2785,0
DA:2787,0
DA:2789,0
DA:2793,0
DA:2795,0
DA:2796,0
DA:2797,0
DA:2798,0
DA:2800,0
DA:2801,0
DA:2805,0
DA:2807,0
DA:2808,0
DA:2809,0
DA:2810,0
DA:2812,0
DA:2813,0
DA:2817,0
DA:2819,0
DA:2820,0
DA:2824,0
DA:2826,0
DA:2828,0
DA:2829,0
DA:2830,0
DA:2832,0
DA:2836,0
DA:2838,0
DA:2840,0
DA:2841,0
DA:2842,0
DA:2844,0
DA:2874,0
DA:2876,0
DA:2880,0
DA:2881,0
DA:2882,0
DA:2883,0
DA:2885,0
DA:2886,0
DA:2887,0
DA:2888,0
DA:2890,0
DA:2891,0
DA:2892,0
DA:2893,0
DA:2897,0
DA:2901,0
DA:2905,0
DA:2906,0
DA:2907,0
DA:2908,0
DA:2910,0
DA:2914,0
DA:2918,0
DA:2919,0
DA:2920,0
DA:2921,0
DA:2923,0
DA:2927,0
DA:2929,0
DA:2932,0
DA:2933,0
DA:2934,0
DA:2935,0
DA:2937,0
DA:2938,0
DA:2939,0
DA:2940,0
DA:2943,0
DA:2944,0
DA:2945,0
DA:2946,0
DA:2947,0
DA:2950,0
LF:1451
LH:0
end_of_record
TN:
SF:/home/lee/workspace/hocon/build/parser.c
FNL:0,958,958
FNA:0,0,yyparse
FNF:1
FNH:0
DA:885,0
DA:887,0
DA:891,0
DA:893,0
DA:897,0
DA:899,0
DA:903,0
DA:905,0
DA:909,0
DA:911,0
DA:915,0
DA:917,0
DA:921,0
DA:923,0
DA:927,0
DA:929,0
DA:933,0
DA:935,0
DA:936,0
DA:939,0
DA:958,0
DA:960,0
DA:962,0
DA:968,0
DA:972,0
DA:973,0
DA:977,0
DA:978,0
DA:984,0
DA:995,0
DA:999,0
DA:1001,0
DA:1007,0
DA:1010,0
DA:1016,0
DA:1020,0
DA:1024,0
DA:1030,0
DA:1053,0
DA:1054,0
DA:1055,0
DA:1056,0
DA:1057,0
DA:1060,0
DA:1062,0
DA:1064,0
DA:1065,0
DA:1066,0
DA:1067,0
DA:1069,0
DA:1070,0
DA:1074,0
DA:1075,0
DA:1082,0
DA:1083,0
DA:1088,0
DA:1089,0
DA:1091,0
DA:1097,0
DA:1102,0
DA:1103,0
DA:1104,0
DA:1109,0
DA:1112,0
DA:1115,0
DA:1117,0
DA:1118,0
DA:1121,0
DA:1127,0
DA:1128,0
DA:1129,0
DA:1133,0
DA:1139,0
DA:1140,0
DA:1141,0
DA:1142,0
DA:1143,0
DA:1147,0
DA:1148,0
DA:1153,0
DA:1154,0
DA:1158,0
DA:1160,0
DA:1164,0
DA:1165,0
DA:1171,0
DA:1172,0
DA:1173,0
DA:1174,0
DA:1175,0
DA:1181,0
DA:1183,0
DA:1193,0
DA:1197,0
DA:1199,0
LF:95
LH:0
end_of_record
TN:
SF:/home/lee/workspace/hocon/parser.y
FNF:0
FNH:0
DA:55,0
DA:56,0
DA:57,0
LF:3
LH:0
end_of_record
TN:
SF:/usr/include/aarch64-linux-gnu/bits/uintn-identity.h
FNL:0,45,48
FNA:0,0,__uint64_identity
FNF:1
FNH:0
DA:45,0
DA:47,0
LF:2
LH:0
end_of_record
